Below is the simplified and the full version of the 4th output of !spy produced by this non-terminating example.
The simplified version omits most predicates to highlight the chain of events.

========================================================================================================================
Simplified !spy output: (removed most predicates to highlight the chain of events)
========================================================================================================================

--------------------- Calling:  builtin(!spy) -------------
happens(full_brightness_reached,20)
  holdsAt(light_intensity(10),20)
    happens(turn_light_on,10)
    trajectory(fading_in,10,light_intensity(10),20)
      10.=.0+(20-10)*1
      holdsAt(light_intensity(0),10)
        initiallyP(light_intensity(0))
        not_stoppedIn(0,light_intensity(0),10)
          {T1~[T1 > 0, T1 < 10]} .>.0
          {T1~[T1 > 0, T1 < 10]} .<.10
          can_terminates(full_brightness_reached,light_intensity(0))
          
          happens(full_brightness_reached, {T1~[T1 > 0, T1 < 10]} )         % T1
            holdsAt(light_intensity(10), {T1~[T1 > 0, T1 < 10]} )
              {T2~[T2 > 0, T2 < 10]} .>.0
              {T2~[T2 > 0, T2 < 10]} .<. {T1~[T1 > 0, T1 < 10]}             % T2 < T1
              can_initiates(full_brightness_reached,light_intensity(10))
              happens(full_brightness_reached, {T2~[T2 > 0, T2 < 10]} )     % T2
                holdsAt(light_intensity(10), {T2~[T2 > 0, T2 < 10]} )
                  {T3~[T3 > 0, T3 < 10]} .>.0
                  {T3~[T3 > 0, T3 < 10]} .<. {T2~[T2 > 0, T2 < 10]}         % T3 < T2
                  can_initiates(full_brightness_reached,light_intensity(10))
                  happens(full_brightness_reached, {T3~[T3 > 0, T3 < 10]} ) % T3


========================================================================================================================
Full !spy output:
========================================================================================================================

--------------------- Calling:  builtin(!spy) -------------
    happens(full_brightness_reached,20)
        builtin(!spy)
        holdsAt(light_intensity(10),20)
            10.>.0
            10.<.20
            max_time(100)
            20.=<.100
            can_trajectory(fading_in,10,light_intensity(10),20)
            can_initiates(turn_light_on,fading_in)
            happens(turn_light_on,10)
            initiates(turn_light_on,fading_in,10)
            trajectory(fading_in,10,light_intensity(10),20)
                10.=.0+(20-10)*1
                holdsAt(light_intensity(0),10)
                    10.>=.0
                    max_time(100)
                    10.=<.100
                    initiallyP(light_intensity(0))
                    not_stoppedIn(0,light_intensity(0),10)
                        0.=<.10
                        not_interrupted(terminates,light_intensity(0),0,10)
                            findall(_8875,can_interrupt(terminates,_8875,light_intensity(0)),[full_brightness_reached])
                                can_interrupt(terminates,full_brightness_reached,light_intensity(0))
                                    can_terminates(full_brightness_reached,light_intensity(0))
                            not_interrupted_(terminates,light_intensity(0),[full_brightness_reached],0,10)
                                interrupt(terminates,full_brightness_reached,light_intensity(0), {_9359~[_9359 > 0, _9359 < 10]} ,0,10)
                                     {_9359~[_9359 > 0, _9359 < 10]} .>.0
                                     {_9359~[_9359 > 0, _9359 < 10]} .<.10
                                    happens(full_brightness_reached, {_9359~[_9359 > 0, _9359 < 10]} )
                                        builtin(!spy)
                                        holdsAt(light_intensity(10), {_9359~[_9359 > 0, _9359 < 10]} )
                                             {_10814~[_10814 > 0, _10814 < 10]} .>.0
                                             {_10814~[_10814 > 0, _10814 < 10]} .<. {_9359~[_9359 > 0, _9359 < 10]} 
                                            max_time(100)
                                             {_9359~[_9359 > 0, _9359 < 10]} .=<.100
                                            can_initiates(full_brightness_reached,light_intensity(10))
                                            happens(full_brightness_reached, {_10814~[_10814 > 0, _10814 < 10]} )
                                                builtin(!spy)
                                                holdsAt(light_intensity(10), {_10814~[_10814 > 0, _10814 < 10]} )
                                                     {_13058~[_13058 > 0, _13058 < 10]} .>.0
                                                     {_13058~[_13058 > 0, _13058 < 10]} .<. {_10814~[_10814 > 0, _10814 < 10]} 
                                                    max_time(100)
                                                     {_10814~[_10814 > 0, _10814 < 10]} .=<.100
                                                    can_initiates(full_brightness_reached,light_intensity(10))
                                                    happens(full_brightness_reached, {_13058~[_13058 > 0, _13058 < 10]} )
                                                        builtin(!spy)
