$ oscasp -s0 ../axioms/bec_scasp.pl ./model-fixed-holdsAt3.pl --tree


% QUERY:?- happens(fade_in_end,T).

	ANSWER:	1 (in 3.588 ms)

JUSTIFICATION_TREE:
happens(fade_in_end,20) :-
    holdsAt(brightness(10),20,fading_in) :-
        max_time(100),
        can_trajectory(fading_in,10,brightness(10),20),
        can_initiates(turn_light_on,fading_in),
        happens(turn_light_on,10),
        initiates(turn_light_on,fading_in,10),
        trajectory(fading_in,10,brightness(10),20) :-
            holdsAt(brightness(0),10) :-
                max_time(100),
                initiallyP(brightness(0)),
                not_stoppedIn(0,brightness(0),10) :-
                    not_interrupted(terminates,brightness(0),0,10) :-
                        findall(Var1,can_interrupt(terminates,Var1,brightness(0)),[fade_in_end]) :-
                            can_interrupt(terminates,fade_in_end,brightness(0)) :-
                                can_terminates(fade_in_end,brightness(0)).
                        not_interrupted_(terminates,brightness(0),[fade_in_end],0,10) :-
                            findall(Var2,interrupt(terminates,fade_in_end,brightness(0),Var2,0,10),[]),
                            all_entirely_outside_of_interval([],0,10),
                            not_interrupted_(terminates,brightness(0),[],0,10).
                    not_interrupted(releases,brightness(0),0,10) :-
                        findall(Var3,can_interrupt(releases,Var3,brightness(0)),[turn_light_on]) :-
                            can_interrupt(releases,turn_light_on,brightness(0)) :-
                                can_releases(turn_light_on,brightness(0)).
                        not_interrupted_(releases,brightness(0),[turn_light_on],0,10) :-
                            findall(Var4,interrupt(releases,turn_light_on,brightness(0),Var4,0,10),[]),
                            proved(all_entirely_outside_of_interval([],0,10)),
                            not_interrupted_(releases,brightness(0),[],0,10).
        not_stoppedIn(10,fading_in,20) :-
            not_interrupted(terminates,fading_in,10,20) :-
                findall(Var5,can_interrupt(terminates,Var5,fading_in),[fade_in_end]) :-
                    can_interrupt(terminates,fade_in_end,fading_in) :-
                        can_terminates(fade_in_end,fading_in).
                not_interrupted_(terminates,fading_in,[fade_in_end],10,20) :-
                    findall(Var6,interrupt(terminates,fade_in_end,fading_in,Var6,10,20),[]),
                    all_entirely_outside_of_interval([],10,20),
                    not_interrupted_(terminates,fading_in,[],10,20).
            not_interrupted(releases,fading_in,10,20) :-
                findall(Var7,can_interrupt(releases,Var7,fading_in),[]),
                not_interrupted_(releases,fading_in,[],10,20).
global_constraint.

MODEL:
{ happens(fade_in_end,20),  happens(turn_light_on,10),  initiates(turn_light_on,fading_in,10),  trajectory(fading_in,10,brightness(10),20),  holdsAt(brightness(0),10) }
BINDINGS: 
T = 20


  real      0:00.30
  real [s]  0.30
  user [s]  0.16
  sys  [s]  0.00
  mem  [KB] 26948
  avgm [KB] 0
