Below is the simplified and the full version of the 2nd output of !spy produced by this non-terminating example.
The simplified version omits most predicates to highlight the chain of events.

========================================================================================================================
Simplified !spy output: (removed most predicates to highlight the chain of events)
========================================================================================================================

--------------------- Calling:  builtin(!spy) -------------
    holdsAt(water_left(10),15)
        13.>.0
        13.<.15
        max_time(100)
        15.=<.100
        happens(switch_right,13)
        initiates(switch_right,left_draining,13)
        trajectory(left_draining,13,water_left(10),15)
          ...
        not_stoppedIn(13,left_draining,15)
          {T1~[T1 > 13, T1 < 15]} .>.13
          {T1~[T1 > 13, T1 < 15]} .<.15
          happens(switch_left, {T1~[T1 > 13, T1 < 15]} )                                                  % T1
              {X~[X < 30, X > 10]} .=<.50
              holdsAt(water_left( {X~[X < 30, X > 10]} ), {T1~[T1 > 13, T1 < 15]} ,left_draining)
                  happens(switch_right,13)
                  initiates(switch_right,left_draining,13)
                  trajectory(left_draining,13,water_left( {X~[X < 30, X > 10]} ), {T1~[T1 > 13, T1 < 15]} )
                    ...
                  not_stoppedIn(13,left_draining, {T1~[T1 > 13, T1 < 15]} )
                    interrupt_2b_adjust_gt(terminates,switch_left,left_draining, {T2~[T2 < 15, T2 > 13]} ,13, {T1~[T1 > 13, T1 < 15]} )
                      sup( {T1~[T1 > 13, T1 < 15]} ,15)
                      {T2~[T2 < 15, T2 > 13]} .<.15                                                       % T2 < sup(T1)
                      happens(switch_left, {T2~[T2 < 15, T2 > 13]} )                                      % T2


========================================================================================================================
Full !spy output:
========================================================================================================================

--------------------- Calling:  builtin(!spy) -------------
    holdsAt(water_left(10),15)
        13.>.0
        13.<.15
        max_time(100)
        15.=<.100
        can_trajectory(left_draining,13,water_left(10),15)
        can_initiates(switch_right,left_draining,13)
        happens(switch_right,13)
        initiates(switch_right,left_draining,13)
        trajectory(left_draining,13,water_left(10),15)
            10.=.30-(15-13)*10
            holdsAt(water_left(30),13)
                10.>.0
                10.<.13
                max_time(100)
                13.=<.100
                can_trajectory(left_filling,10,water_left(30),13)
                can_initiates(start(left),left_filling,10)
                happens(start(left),10)
                initiates(start(left),left_filling,10)
                trajectory(left_filling,10,water_left(30),13)
                    10.=.20-10
                    30.=.0+(13-10)*10
                    holdsAt(water_left(0),10)
                        10.>=.0
                        max_time(100)
                        10.=<.100
                        initiallyP(water_left(0))
                        not_stoppedIn(0,water_left(0),10)
                            0.=<.10
                            not_interrupted(terminates,water_left(0),0,10)
                                findall(_479790,findall_can_interrupts(terminates,_479790,water_left(0),0,10),[])
                                not_interrupted_N(terminates,water_left(0),[],0,10)
                                    not_interrupted_1(terminates,water_left(0),[],0,10)
                                        inf(0,0)
                                        sup(0,0)
                                        is_not_interval(0,0)
                                            0.=.0
                                        inf(10,10)
                                        sup(10,10)
                                        is_not_interval(10,10)
                                            10.=.10
                                        not_interrupted_1_fail(terminates,water_left(0),[],0,10)
                            not_interrupted(releases,water_left(0),0,10)
                                findall(_481250,findall_can_interrupts(releases,_481250,water_left(0),0,10),[start(_481322)])
                                    findall_can_interrupts(releases,start(_481322),water_left(0),0,10)
                                         {_481421~[_481421 > 0, _481421 < 10]} .>.0
                                         {_481421~[_481421 > 0, _481421 < 10]} .<.10
                                        can_interrupts(releases,start(_481322),water_left(0), {_481421~[_481421 > 0, _481421 < 10]} )
                                            can_releases(start(_481322),water_left(0), {_481421~[_481421 > 0, _481421 < 10]} )
                                not_interrupted_N(releases,water_left(0),[start(_481322)],0,10)
                                    not_interrupted_1(releases,water_left(0),[start(_481322)],0,10)
                                        inf(0,0)
                                        sup(0,0)
                                        proved(is_not_interval(0,0))
                                        inf(10,10)
                                        sup(10,10)
                                        proved(is_not_interval(10,10))
                                        not_interrupted_1_fail(releases,water_left(0),[start(_481322)],0,10)
                                            findall(_482281,interrupt_1_fail(releases,start(_481322),water_left(0),_482281,0,10),[])
                                            all_entirely_outside_of_interval([],0,10)
                                            not_interrupted_1_fail(releases,water_left(0),[],0,10)
                not_stoppedIn(10,left_filling,13)
                    10.=<.13
                    not_interrupted(terminates,left_filling,10,13)
                        findall(_483241,findall_can_interrupts(terminates,_483241,left_filling,10,13),[switch_right])
                            findall_can_interrupts(terminates,switch_right,left_filling,10,13)
                                 {_483386~[_483386 < 13, _483386 > 10]} .>.10
                                 {_483386~[_483386 < 13, _483386 > 10]} .<.13
                                can_interrupts(terminates,switch_right,left_filling, {_483386~[_483386 < 13, _483386 > 10]} )
                                    can_terminates(switch_right,left_filling, {_483386~[_483386 < 13, _483386 > 10]} )
                        not_interrupted_N(terminates,left_filling,[switch_right],10,13)
                            not_interrupted_1(terminates,left_filling,[switch_right],10,13)
                                inf(10,10)
                                sup(10,10)
                                proved(is_not_interval(10,10))
                                inf(13,13)
                                sup(13,13)
                                is_not_interval(13,13)
                                    13.=.13
                                not_interrupted_1_fail(terminates,left_filling,[switch_right],10,13)
                                    findall(_484470,interrupt_1_fail(terminates,switch_right,left_filling,_484470,10,13),[])
                                    all_entirely_outside_of_interval([],10,13)
                                    not_interrupted_1_fail(terminates,left_filling,[],10,13)
                    not_interrupted(releases,left_filling,10,13)
                        findall(_485045,findall_can_interrupts(releases,_485045,left_filling,10,13),[])
                        not_interrupted_N(releases,left_filling,[],10,13)
                            not_interrupted_1(releases,left_filling,[],10,13)
                                inf(10,10)
                                sup(10,10)
                                proved(is_not_interval(10,10))
                                inf(13,13)
                                sup(13,13)
                                proved(is_not_interval(13,13))
                                not_interrupted_1_fail(releases,left_filling,[],10,13)
        not_stoppedIn(13,left_draining,15)
            13.=<.15
            not_interrupted(terminates,left_draining,13,15)
                findall(_486656,findall_can_interrupts(terminates,_486656,left_draining,13,15),[switch_left])
                    findall_can_interrupts(terminates,switch_left,left_draining,13,15)
                         {_486801~[_486801 < 15, _486801 > 13]} .>.13
                         {_486801~[_486801 < 15, _486801 > 13]} .<.15
                        can_interrupts(terminates,switch_left,left_draining, {_486801~[_486801 < 15, _486801 > 13]} )
                            can_terminates(switch_left,left_draining, {_486801~[_486801 < 15, _486801 > 13]} )
                not_interrupted_N(terminates,left_draining,[switch_left],13,15)
                    not_interrupted_1(terminates,left_draining,[switch_left],13,15)
                        inf(13,13)
                        sup(13,13)
                        proved(is_not_interval(13,13))
                        inf(15,15)
                        sup(15,15)
                        is_not_interval(15,15)
                            15.=.15
                        not_interrupted_1_fail(terminates,left_draining,[switch_left],13,15)
                            interrupt_1_fail(terminates,switch_left,left_draining, {_488141~[_488141 > 13, _488141 < 15]} ,13,15)
                                 {_488141~[_488141 > 13, _488141 < 15]} .>.13
                                 {_488141~[_488141 > 13, _488141 < 15]} .<.15
                                happens(switch_left, {_488141~[_488141 > 13, _488141 < 15]} )
                                    builtin(!spy)
                                     {_491503~[_491503 < 30, _491503 > 10]} .=<.50
                                    holdsAt(water_left( {_491503~[_491503 < 30, _491503 > 10]} ), {_488141~[_488141 > 13, _488141 < 15]} ,left_draining)
                                        13.>.0
                                        13.<. {_488141~[_488141 > 13, _488141 < 15]} 
                                        max_time(100)
                                         {_488141~[_488141 > 13, _488141 < 15]} .=<.100
                                        can_trajectory(left_draining,13,water_left( {_491503~[_491503 < 30, _491503 > 10]} ), {_488141~[_488141 > 13, _488141 < 15]} )
                                        can_initiates(switch_right,left_draining,13)
                                        happens(switch_right,13)
                                        proved(initiates(switch_right,left_draining,13))
                                        trajectory(left_draining,13,water_left( {_491503~[_491503 < 30, _491503 > 10]} ), {_488141~[_488141 > 13, _488141 < 15]} )
                                             {_491503~[_491503 < 30, _491503 > 10]} .=.30-( {_488141~[_488141 > 13, _488141 < 15]} -13)*10
                                            holdsAt(water_left(30),13)
                                                10.>.0
                                                10.<.13
                                                max_time(100)
                                                13.=<.100
                                                can_trajectory(left_filling,10,water_left(30),13)
                                                can_initiates(start(left),left_filling,10)
                                                happens(start(left),10)
                                                proved(initiates(start(left),left_filling,10))
                                                trajectory(left_filling,10,water_left(30),13)
                                                    10.=.20-10
                                                    30.=.0+(13-10)*10
                                                    holdsAt(water_left(0),10)
                                                        10.>=.0
                                                        max_time(100)
                                                        10.=<.100
                                                        initiallyP(water_left(0))
                                                        proved(not_stoppedIn(0,water_left(0),10))
                                                proved(not_stoppedIn(10,left_filling,13))
                                        not_stoppedIn(13,left_draining, {_488141~[_488141 > 13, _488141 < 15]} )
                                            13.=<. {_488141~[_488141 > 13, _488141 < 15]} 
                                            not_interrupted(terminates,left_draining,13, {_488141~[_488141 > 13, _488141 < 15]} )
                                                findall(_496143,findall_can_interrupts(terminates,_496143,left_draining,13, {_488141~[_488141 > 13, _488141 < 15]} ),[switch_left])
                                                    findall_can_interrupts(terminates,switch_left,left_draining,13, {_496288~[_496288 > 13, _496288 < 15]} )
                                                         {_496544~[_496544 > 13, _496544 < 15]} .>.13
                                                         {_496544~[_496544 > 13, _496544 < 15]} .<. {_496288~[_496288 > 13, _496288 < 15]} 
                                                        can_interrupts(terminates,switch_left,left_draining, {_496544~[_496544 > 13, _496544 < 15]} )
                                                            can_terminates(switch_left,left_draining, {_496544~[_496544 > 13, _496544 < 15]} )
                                                not_interrupted_N(terminates,left_draining,[switch_left],13, {_488141~[_488141 > 13, _488141 < 15]} )
                                                    not_interrupted_2b(terminates,left_draining,[switch_left],13, {_488141~[_488141 > 13, _488141 < 15]} )
                                                        inf(13,13)
                                                        sup(13,13)
                                                        proved(is_not_interval(13,13))
                                                        inf( {_488141~[_488141 > 13, _488141 < 15]} ,13)
                                                        sup( {_488141~[_488141 > 13, _488141 < 15]} ,15)
                                                        is_interval(13,15)
                                                            13.<>.15
                                                        not_interrupted_2b_fail(terminates,left_draining,[switch_left],13, {_488141~[_488141 > 13, _488141 < 15]} )
                                                            findall(_498048,interrupt_2b_fail(terminates,switch_left,left_draining,_498048,13, {_488141~[_488141 > 13, _488141 < 15]} ),[])
                                                            all_entirely_outside_of_interval([],13, {_488141~[_488141 > 13, _488141 < 15]} )
                                                            not_interrupted_2b_fail(terminates,left_draining,[],13, {_488141~[_488141 > 13, _488141 < 15]} )
                                                        not_interrupted_2b_adjust_eq(terminates,left_draining,[switch_left],13, {_488141~[_488141 > 13, _488141 < 15]} )
                                                            findall(_498401,interrupt_2b_adjust_eq(terminates,switch_left,left_draining,_498401,13, {_488141~[_488141 > 13, _488141 < 15]} ),[])
                                                            all_entirely_outside_of_interval([],13, {_488141~[_488141 > 13, _488141 < 15]} )
                                                            not_interrupted_2b_adjust_eq(terminates,left_draining,[],13, {_488141~[_488141 > 13, _488141 < 15]} )
                                                        not_interrupted_2b_adjust_gt(terminates,left_draining,[switch_left],13, {_488141~[_488141 > 13, _488141 < 15]} )
                                                            interrupt_2b_adjust_gt(terminates,switch_left,left_draining, {_499025~[_499025 < 15, _499025 > 13]} ,13, {_488141~[_488141 > 13, _488141 < 15]} )
                                                                 {_499025~[_499025 < 15, _499025 > 13]} .>.13
                                                                inf( {_488141~[_488141 > 13, _488141 < 15]} ,13)
                                                                 {_499025~[_499025 < 15, _499025 > 13]} .>.13
                                                                sup( {_488141~[_488141 > 13, _488141 < 15]} ,15)
                                                                 {_499025~[_499025 < 15, _499025 > 13]} .<.15
                                                                happens(switch_left, {_499025~[_499025 < 15, _499025 > 13]} )
                                                                    builtin(!spy)