$ oscasp -s0 ../axioms/bec_scasp-interval_not.pl ./model.pl ./model-nar2.pl -v6 --timeout=1000


% QUERY:?- holdsAt(water_left(X),15).

--------------------- Calling:  builtin(!spy) -------------
    holdsAt(water_left(10),15)
        13.>.0
        13.<.15
        max_time(100)
        15.=<.100
        can_trajectory(left_draining,13,water_left(10),15)
        can_initiates(switch_right,left_draining,13)
        happens(switch_right,13)
        initiates(switch_right,left_draining,13)
        trajectory(left_draining,13,water_left(10),15)
            10.=.30-(15-13)*10
            holdsAt(water_left(30),13)
                10.>.0
                10.<.13
                max_time(100)
                13.=<.100
                can_trajectory(left_filling,10,water_left(30),13)
                can_initiates(start(left),left_filling,10)
                happens(start(left),10)
                initiates(start(left),left_filling,10)
                trajectory(left_filling,10,water_left(30),13)
                    10.=.20-10
                    30.=.0+(13-10)*10
                    holdsAt(water_left(0),10)
                        10.>=.0
                        max_time(100)
                        10.=<.100
                        initiallyP(water_left(0))
                        not_stoppedIn(0,water_left(0),10)
                            0.=<.10
                            not_interrupted(terminates,water_left(0),0,10)
                                findall(_479790,findall_can_interrupts(terminates,_479790,water_left(0),0,10),[])
                                not_interrupted_N(terminates,water_left(0),[],0,10)
                                    not_interrupted_1(terminates,water_left(0),[],0,10)
                                        inf(0,0)
                                        sup(0,0)
                                        is_not_interval(0,0)
                                            0.=.0
                                        inf(10,10)
                                        sup(10,10)
                                        is_not_interval(10,10)
                                            10.=.10
                                        not_interrupted_1_fail(terminates,water_left(0),[],0,10)
                            not_interrupted(releases,water_left(0),0,10)
                                findall(_481250,findall_can_interrupts(releases,_481250,water_left(0),0,10),[start(_481322)])
                                    findall_can_interrupts(releases,start(_481322),water_left(0),0,10)
                                         {_481421~[_481421 > 0, _481421 < 10]} .>.0
                                         {_481421~[_481421 > 0, _481421 < 10]} .<.10
                                        can_interrupts(releases,start(_481322),water_left(0), {_481421~[_481421 > 0, _481421 < 10]} )
                                            can_releases(start(_481322),water_left(0), {_481421~[_481421 > 0, _481421 < 10]} )
                                not_interrupted_N(releases,water_left(0),[start(_481322)],0,10)
                                    not_interrupted_1(releases,water_left(0),[start(_481322)],0,10)
                                        inf(0,0)
                                        sup(0,0)
                                        proved(is_not_interval(0,0))
                                        inf(10,10)
                                        sup(10,10)
                                        proved(is_not_interval(10,10))
                                        not_interrupted_1_fail(releases,water_left(0),[start(_481322)],0,10)
                                            findall(_482281,interrupt_1_fail(releases,start(_481322),water_left(0),_482281,0,10),[])
                                            all_entirely_outside_of_interval([],0,10)
                                            not_interrupted_1_fail(releases,water_left(0),[],0,10)
                not_stoppedIn(10,left_filling,13)
                    10.=<.13
                    not_interrupted(terminates,left_filling,10,13)
                        findall(_483241,findall_can_interrupts(terminates,_483241,left_filling,10,13),[switch_right])
                            findall_can_interrupts(terminates,switch_right,left_filling,10,13)
                                 {_483386~[_483386 < 13, _483386 > 10]} .>.10
                                 {_483386~[_483386 < 13, _483386 > 10]} .<.13
                                can_interrupts(terminates,switch_right,left_filling, {_483386~[_483386 < 13, _483386 > 10]} )
                                    can_terminates(switch_right,left_filling, {_483386~[_483386 < 13, _483386 > 10]} )
                        not_interrupted_N(terminates,left_filling,[switch_right],10,13)
                            not_interrupted_1(terminates,left_filling,[switch_right],10,13)
                                inf(10,10)
                                sup(10,10)
                                proved(is_not_interval(10,10))
                                inf(13,13)
                                sup(13,13)
                                is_not_interval(13,13)
                                    13.=.13
                                not_interrupted_1_fail(terminates,left_filling,[switch_right],10,13)
                                    findall(_484470,interrupt_1_fail(terminates,switch_right,left_filling,_484470,10,13),[])
                                    all_entirely_outside_of_interval([],10,13)
                                    not_interrupted_1_fail(terminates,left_filling,[],10,13)
                    not_interrupted(releases,left_filling,10,13)
                        findall(_485045,findall_can_interrupts(releases,_485045,left_filling,10,13),[])
                        not_interrupted_N(releases,left_filling,[],10,13)
                            not_interrupted_1(releases,left_filling,[],10,13)
                                inf(10,10)
                                sup(10,10)
                                proved(is_not_interval(10,10))
                                inf(13,13)
                                sup(13,13)
                                proved(is_not_interval(13,13))
                                not_interrupted_1_fail(releases,left_filling,[],10,13)
        not_stoppedIn(13,left_draining,15)
            13.=<.15
            not_interrupted(terminates,left_draining,13,15)
                findall(_486656,findall_can_interrupts(terminates,_486656,left_draining,13,15),[switch_left])
                    findall_can_interrupts(terminates,switch_left,left_draining,13,15)
                         {_486801~[_486801 < 15, _486801 > 13]} .>.13
                         {_486801~[_486801 < 15, _486801 > 13]} .<.15
                        can_interrupts(terminates,switch_left,left_draining, {_486801~[_486801 < 15, _486801 > 13]} )
                            can_terminates(switch_left,left_draining, {_486801~[_486801 < 15, _486801 > 13]} )
                not_interrupted_N(terminates,left_draining,[switch_left],13,15)
                    not_interrupted_1(terminates,left_draining,[switch_left],13,15)
                        inf(13,13)
                        sup(13,13)
                        proved(is_not_interval(13,13))
                        inf(15,15)
                        sup(15,15)
                        is_not_interval(15,15)
                            15.=.15
                        not_interrupted_1_fail(terminates,left_draining,[switch_left],13,15)
                            interrupt_1_fail(terminates,switch_left,left_draining, {_488141~[_488141 < 15, _488141 > 13]} ,13,15)
                                 {_488141~[_488141 < 15, _488141 > 13]} .>.13
                                 {_488141~[_488141 < 15, _488141 > 13]} .<.15
                                happens(switch_left, {_488141~[_488141 < 15, _488141 > 13]} )
                                    builtin(!spy)

--------------------- Calling:  builtin(!spy) -------------
    holdsAt(water_left(10),15)
        13.>.0
        13.<.15
        max_time(100)
        15.=<.100
        can_trajectory(left_draining,13,water_left(10),15)
        can_initiates(switch_right,left_draining,13)
        happens(switch_right,13)
        initiates(switch_right,left_draining,13)
        trajectory(left_draining,13,water_left(10),15)
            10.=.30-(15-13)*10
            holdsAt(water_left(30),13)
                10.>.0
                10.<.13
                max_time(100)
                13.=<.100
                can_trajectory(left_filling,10,water_left(30),13)
                can_initiates(start(left),left_filling,10)
                happens(start(left),10)
                initiates(start(left),left_filling,10)
                trajectory(left_filling,10,water_left(30),13)
                    10.=.20-10
                    30.=.0+(13-10)*10
                    holdsAt(water_left(0),10)
                        10.>=.0
                        max_time(100)
                        10.=<.100
                        initiallyP(water_left(0))
                        not_stoppedIn(0,water_left(0),10)
                            0.=<.10
                            not_interrupted(terminates,water_left(0),0,10)
                                findall(_479790,findall_can_interrupts(terminates,_479790,water_left(0),0,10),[])
                                not_interrupted_N(terminates,water_left(0),[],0,10)
                                    not_interrupted_1(terminates,water_left(0),[],0,10)
                                        inf(0,0)
                                        sup(0,0)
                                        is_not_interval(0,0)
                                            0.=.0
                                        inf(10,10)
                                        sup(10,10)
                                        is_not_interval(10,10)
                                            10.=.10
                                        not_interrupted_1_fail(terminates,water_left(0),[],0,10)
                            not_interrupted(releases,water_left(0),0,10)
                                findall(_481250,findall_can_interrupts(releases,_481250,water_left(0),0,10),[start(_481322)])
                                    findall_can_interrupts(releases,start(_481322),water_left(0),0,10)
                                         {_481421~[_481421 > 0, _481421 < 10]} .>.0
                                         {_481421~[_481421 > 0, _481421 < 10]} .<.10
                                        can_interrupts(releases,start(_481322),water_left(0), {_481421~[_481421 > 0, _481421 < 10]} )
                                            can_releases(start(_481322),water_left(0), {_481421~[_481421 > 0, _481421 < 10]} )
                                not_interrupted_N(releases,water_left(0),[start(_481322)],0,10)
                                    not_interrupted_1(releases,water_left(0),[start(_481322)],0,10)
                                        inf(0,0)
                                        sup(0,0)
                                        proved(is_not_interval(0,0))
                                        inf(10,10)
                                        sup(10,10)
                                        proved(is_not_interval(10,10))
                                        not_interrupted_1_fail(releases,water_left(0),[start(_481322)],0,10)
                                            findall(_482281,interrupt_1_fail(releases,start(_481322),water_left(0),_482281,0,10),[])
                                            all_entirely_outside_of_interval([],0,10)
                                            not_interrupted_1_fail(releases,water_left(0),[],0,10)
                not_stoppedIn(10,left_filling,13)
                    10.=<.13
                    not_interrupted(terminates,left_filling,10,13)
                        findall(_483241,findall_can_interrupts(terminates,_483241,left_filling,10,13),[switch_right])
                            findall_can_interrupts(terminates,switch_right,left_filling,10,13)
                                 {_483386~[_483386 < 13, _483386 > 10]} .>.10
                                 {_483386~[_483386 < 13, _483386 > 10]} .<.13
                                can_interrupts(terminates,switch_right,left_filling, {_483386~[_483386 < 13, _483386 > 10]} )
                                    can_terminates(switch_right,left_filling, {_483386~[_483386 < 13, _483386 > 10]} )
                        not_interrupted_N(terminates,left_filling,[switch_right],10,13)
                            not_interrupted_1(terminates,left_filling,[switch_right],10,13)
                                inf(10,10)
                                sup(10,10)
                                proved(is_not_interval(10,10))
                                inf(13,13)
                                sup(13,13)
                                is_not_interval(13,13)
                                    13.=.13
                                not_interrupted_1_fail(terminates,left_filling,[switch_right],10,13)
                                    findall(_484470,interrupt_1_fail(terminates,switch_right,left_filling,_484470,10,13),[])
                                    all_entirely_outside_of_interval([],10,13)
                                    not_interrupted_1_fail(terminates,left_filling,[],10,13)
                    not_interrupted(releases,left_filling,10,13)
                        findall(_485045,findall_can_interrupts(releases,_485045,left_filling,10,13),[])
                        not_interrupted_N(releases,left_filling,[],10,13)
                            not_interrupted_1(releases,left_filling,[],10,13)
                                inf(10,10)
                                sup(10,10)
                                proved(is_not_interval(10,10))
                                inf(13,13)
                                sup(13,13)
                                proved(is_not_interval(13,13))
                                not_interrupted_1_fail(releases,left_filling,[],10,13)
        not_stoppedIn(13,left_draining,15)
            13.=<.15
            not_interrupted(terminates,left_draining,13,15)
                findall(_486656,findall_can_interrupts(terminates,_486656,left_draining,13,15),[switch_left])
                    findall_can_interrupts(terminates,switch_left,left_draining,13,15)
                         {_486801~[_486801 < 15, _486801 > 13]} .>.13
                         {_486801~[_486801 < 15, _486801 > 13]} .<.15
                        can_interrupts(terminates,switch_left,left_draining, {_486801~[_486801 < 15, _486801 > 13]} )
                            can_terminates(switch_left,left_draining, {_486801~[_486801 < 15, _486801 > 13]} )
                not_interrupted_N(terminates,left_draining,[switch_left],13,15)
                    not_interrupted_1(terminates,left_draining,[switch_left],13,15)
                        inf(13,13)
                        sup(13,13)
                        proved(is_not_interval(13,13))
                        inf(15,15)
                        sup(15,15)
                        is_not_interval(15,15)
                            15.=.15
                        not_interrupted_1_fail(terminates,left_draining,[switch_left],13,15)
                            interrupt_1_fail(terminates,switch_left,left_draining, {_488141~[_488141 > 13, _488141 < 15]} ,13,15)
                                 {_488141~[_488141 > 13, _488141 < 15]} .>.13
                                 {_488141~[_488141 > 13, _488141 < 15]} .<.15
                                happens(switch_left, {_488141~[_488141 > 13, _488141 < 15]} )
                                    builtin(!spy)
                                     {_491503~[_491503 < 30, _491503 > 10]} .=<.50
                                    holdsAt(water_left( {_491503~[_491503 < 30, _491503 > 10]} ), {_488141~[_488141 > 13, _488141 < 15]} ,left_draining)
                                        13.>.0
                                        13.<. {_488141~[_488141 > 13, _488141 < 15]} 
                                        max_time(100)
                                         {_488141~[_488141 > 13, _488141 < 15]} .=<.100
                                        can_trajectory(left_draining,13,water_left( {_491503~[_491503 < 30, _491503 > 10]} ), {_488141~[_488141 > 13, _488141 < 15]} )
                                        can_initiates(switch_right,left_draining,13)
                                        happens(switch_right,13)
                                        proved(initiates(switch_right,left_draining,13))
                                        trajectory(left_draining,13,water_left( {_491503~[_491503 < 30, _491503 > 10]} ), {_488141~[_488141 > 13, _488141 < 15]} )
                                             {_491503~[_491503 < 30, _491503 > 10]} .=.30-( {_488141~[_488141 > 13, _488141 < 15]} -13)*10
                                            holdsAt(water_left(30),13)
                                                10.>.0
                                                10.<.13
                                                max_time(100)
                                                13.=<.100
                                                can_trajectory(left_filling,10,water_left(30),13)
                                                can_initiates(start(left),left_filling,10)
                                                happens(start(left),10)
                                                proved(initiates(start(left),left_filling,10))
                                                trajectory(left_filling,10,water_left(30),13)
                                                    10.=.20-10
                                                    30.=.0+(13-10)*10
                                                    holdsAt(water_left(0),10)
                                                        10.>=.0
                                                        max_time(100)
                                                        10.=<.100
                                                        initiallyP(water_left(0))
                                                        proved(not_stoppedIn(0,water_left(0),10))
                                                proved(not_stoppedIn(10,left_filling,13))
                                        not_stoppedIn(13,left_draining, {_488141~[_488141 > 13, _488141 < 15]} )
                                            13.=<. {_488141~[_488141 > 13, _488141 < 15]} 
                                            not_interrupted(terminates,left_draining,13, {_488141~[_488141 > 13, _488141 < 15]} )
                                                findall(_496143,findall_can_interrupts(terminates,_496143,left_draining,13, {_488141~[_488141 > 13, _488141 < 15]} ),[switch_left])
                                                    findall_can_interrupts(terminates,switch_left,left_draining,13, {_496288~[_496288 > 13, _496288 < 15]} )
                                                         {_496544~[_496544 > 13, _496544 < 15]} .>.13
                                                         {_496544~[_496544 > 13, _496544 < 15]} .<. {_496288~[_496288 > 13, _496288 < 15]} 
                                                        can_interrupts(terminates,switch_left,left_draining, {_496544~[_496544 > 13, _496544 < 15]} )
                                                            can_terminates(switch_left,left_draining, {_496544~[_496544 > 13, _496544 < 15]} )
                                                not_interrupted_N(terminates,left_draining,[switch_left],13, {_488141~[_488141 > 13, _488141 < 15]} )
                                                    not_interrupted_2b(terminates,left_draining,[switch_left],13, {_488141~[_488141 > 13, _488141 < 15]} )
                                                        inf(13,13)
                                                        sup(13,13)
                                                        proved(is_not_interval(13,13))
                                                        inf( {_488141~[_488141 > 13, _488141 < 15]} ,13)
                                                        sup( {_488141~[_488141 > 13, _488141 < 15]} ,15)
                                                        is_interval(13,15)
                                                            13.<>.15
                                                        not_interrupted_2b_fail(terminates,left_draining,[switch_left],13, {_488141~[_488141 > 13, _488141 < 15]} )
                                                            findall(_498048,interrupt_2b_fail(terminates,switch_left,left_draining,_498048,13, {_488141~[_488141 > 13, _488141 < 15]} ),[])
                                                            all_entirely_outside_of_interval([],13, {_488141~[_488141 > 13, _488141 < 15]} )
                                                            not_interrupted_2b_fail(terminates,left_draining,[],13, {_488141~[_488141 > 13, _488141 < 15]} )
                                                        not_interrupted_2b_adjust_eq(terminates,left_draining,[switch_left],13, {_488141~[_488141 > 13, _488141 < 15]} )
                                                            findall(_498401,interrupt_2b_adjust_eq(terminates,switch_left,left_draining,_498401,13, {_488141~[_488141 > 13, _488141 < 15]} ),[])
                                                            all_entirely_outside_of_interval([],13, {_488141~[_488141 > 13, _488141 < 15]} )
                                                            not_interrupted_2b_adjust_eq(terminates,left_draining,[],13, {_488141~[_488141 > 13, _488141 < 15]} )
                                                        not_interrupted_2b_adjust_gt(terminates,left_draining,[switch_left],13, {_488141~[_488141 > 13, _488141 < 15]} )
                                                            interrupt_2b_adjust_gt(terminates,switch_left,left_draining, {_499025~[_499025 < 15, _499025 > 13]} ,13, {_488141~[_488141 > 13, _488141 < 15]} )
                                                                 {_499025~[_499025 < 15, _499025 > 13]} .>.13
                                                                inf( {_488141~[_488141 > 13, _488141 < 15]} ,13)
                                                                 {_499025~[_499025 < 15, _499025 > 13]} .>.13
                                                                sup( {_488141~[_488141 > 13, _488141 < 15]} ,15)
                                                                 {_499025~[_499025 < 15, _499025 > 13]} .<.15
                                                                happens(switch_left, {_499025~[_499025 < 15, _499025 > 13]} )
                                                                    builtin(!spy)

--------------------- Calling:  builtin(!spy) -------------
    holdsAt(water_left(10),15)
        13.>.0
        13.<.15
        max_time(100)
        15.=<.100
        can_trajectory(left_draining,13,water_left(10),15)
        can_initiates(switch_right,left_draining,13)
        happens(switch_right,13)
        initiates(switch_right,left_draining,13)
        trajectory(left_draining,13,water_left(10),15)
            10.=.30-(15-13)*10
            holdsAt(water_left(30),13)
                10.>.0
                10.<.13
                max_time(100)
                13.=<.100
                can_trajectory(left_filling,10,water_left(30),13)
                can_initiates(start(left),left_filling,10)
                happens(start(left),10)
                initiates(start(left),left_filling,10)
                trajectory(left_filling,10,water_left(30),13)
                    10.=.20-10
                    30.=.0+(13-10)*10
                    holdsAt(water_left(0),10)
                        10.>=.0
                        max_time(100)
                        10.=<.100
                        initiallyP(water_left(0))
                        not_stoppedIn(0,water_left(0),10)
                            0.=<.10
                            not_interrupted(terminates,water_left(0),0,10)
                                findall(_479790,findall_can_interrupts(terminates,_479790,water_left(0),0,10),[])
                                not_interrupted_N(terminates,water_left(0),[],0,10)
                                    not_interrupted_1(terminates,water_left(0),[],0,10)
                                        inf(0,0)
                                        sup(0,0)
                                        is_not_interval(0,0)
                                            0.=.0
                                        inf(10,10)
                                        sup(10,10)
                                        is_not_interval(10,10)
                                            10.=.10
                                        not_interrupted_1_fail(terminates,water_left(0),[],0,10)
                            not_interrupted(releases,water_left(0),0,10)
                                findall(_481250,findall_can_interrupts(releases,_481250,water_left(0),0,10),[start(_481322)])
                                    findall_can_interrupts(releases,start(_481322),water_left(0),0,10)
                                         {_481421~[_481421 > 0, _481421 < 10]} .>.0
                                         {_481421~[_481421 > 0, _481421 < 10]} .<.10
                                        can_interrupts(releases,start(_481322),water_left(0), {_481421~[_481421 > 0, _481421 < 10]} )
                                            can_releases(start(_481322),water_left(0), {_481421~[_481421 > 0, _481421 < 10]} )
                                not_interrupted_N(releases,water_left(0),[start(_481322)],0,10)
                                    not_interrupted_1(releases,water_left(0),[start(_481322)],0,10)
                                        inf(0,0)
                                        sup(0,0)
                                        proved(is_not_interval(0,0))
                                        inf(10,10)
                                        sup(10,10)
                                        proved(is_not_interval(10,10))
                                        not_interrupted_1_fail(releases,water_left(0),[start(_481322)],0,10)
                                            findall(_482281,interrupt_1_fail(releases,start(_481322),water_left(0),_482281,0,10),[])
                                            all_entirely_outside_of_interval([],0,10)
                                            not_interrupted_1_fail(releases,water_left(0),[],0,10)
                not_stoppedIn(10,left_filling,13)
                    10.=<.13
                    not_interrupted(terminates,left_filling,10,13)
                        findall(_483241,findall_can_interrupts(terminates,_483241,left_filling,10,13),[switch_right])
                            findall_can_interrupts(terminates,switch_right,left_filling,10,13)
                                 {_483386~[_483386 < 13, _483386 > 10]} .>.10
                                 {_483386~[_483386 < 13, _483386 > 10]} .<.13
                                can_interrupts(terminates,switch_right,left_filling, {_483386~[_483386 < 13, _483386 > 10]} )
                                    can_terminates(switch_right,left_filling, {_483386~[_483386 < 13, _483386 > 10]} )
                        not_interrupted_N(terminates,left_filling,[switch_right],10,13)
                            not_interrupted_1(terminates,left_filling,[switch_right],10,13)
                                inf(10,10)
                                sup(10,10)
                                proved(is_not_interval(10,10))
                                inf(13,13)
                                sup(13,13)
                                is_not_interval(13,13)
                                    13.=.13
                                not_interrupted_1_fail(terminates,left_filling,[switch_right],10,13)
                                    findall(_484470,interrupt_1_fail(terminates,switch_right,left_filling,_484470,10,13),[])
                                    all_entirely_outside_of_interval([],10,13)
                                    not_interrupted_1_fail(terminates,left_filling,[],10,13)
                    not_interrupted(releases,left_filling,10,13)
                        findall(_485045,findall_can_interrupts(releases,_485045,left_filling,10,13),[])
                        not_interrupted_N(releases,left_filling,[],10,13)
                            not_interrupted_1(releases,left_filling,[],10,13)
                                inf(10,10)
                                sup(10,10)
                                proved(is_not_interval(10,10))
                                inf(13,13)
                                sup(13,13)
                                proved(is_not_interval(13,13))
                                not_interrupted_1_fail(releases,left_filling,[],10,13)
        not_stoppedIn(13,left_draining,15)
            13.=<.15
            not_interrupted(terminates,left_draining,13,15)
                findall(_486656,findall_can_interrupts(terminates,_486656,left_draining,13,15),[switch_left])
                    findall_can_interrupts(terminates,switch_left,left_draining,13,15)
                         {_486801~[_486801 < 15, _486801 > 13]} .>.13
                         {_486801~[_486801 < 15, _486801 > 13]} .<.15
                        can_interrupts(terminates,switch_left,left_draining, {_486801~[_486801 < 15, _486801 > 13]} )
                            can_terminates(switch_left,left_draining, {_486801~[_486801 < 15, _486801 > 13]} )
                not_interrupted_N(terminates,left_draining,[switch_left],13,15)
                    not_interrupted_1(terminates,left_draining,[switch_left],13,15)
                        inf(13,13)
                        sup(13,13)
                        proved(is_not_interval(13,13))
                        inf(15,15)
                        sup(15,15)
                        is_not_interval(15,15)
                            15.=.15
                        not_interrupted_1_fail(terminates,left_draining,[switch_left],13,15)
                            interrupt_1_fail(terminates,switch_left,left_draining, {_488141~[_488141 > 13, _488141 < 15]} ,13,15)
                                 {_488141~[_488141 > 13, _488141 < 15]} .>.13
                                 {_488141~[_488141 > 13, _488141 < 15]} .<.15
                                happens(switch_left, {_488141~[_488141 > 13, _488141 < 15]} )
                                    builtin(!spy)
                                     {_491503~[_491503 < 30, _491503 > 10]} .=<.50
                                    holdsAt(water_left( {_491503~[_491503 < 30, _491503 > 10]} ), {_488141~[_488141 > 13, _488141 < 15]} ,left_draining)
                                        13.>.0
                                        13.<. {_488141~[_488141 > 13, _488141 < 15]} 
                                        max_time(100)
                                         {_488141~[_488141 > 13, _488141 < 15]} .=<.100
                                        can_trajectory(left_draining,13,water_left( {_491503~[_491503 < 30, _491503 > 10]} ), {_488141~[_488141 > 13, _488141 < 15]} )
                                        can_initiates(switch_right,left_draining,13)
                                        happens(switch_right,13)
                                        proved(initiates(switch_right,left_draining,13))
                                        trajectory(left_draining,13,water_left( {_491503~[_491503 < 30, _491503 > 10]} ), {_488141~[_488141 > 13, _488141 < 15]} )
                                             {_491503~[_491503 < 30, _491503 > 10]} .=.30-( {_488141~[_488141 > 13, _488141 < 15]} -13)*10
                                            holdsAt(water_left(30),13)
                                                10.>.0
                                                10.<.13
                                                max_time(100)
                                                13.=<.100
                                                can_trajectory(left_filling,10,water_left(30),13)
                                                can_initiates(start(left),left_filling,10)
                                                happens(start(left),10)
                                                proved(initiates(start(left),left_filling,10))
                                                trajectory(left_filling,10,water_left(30),13)
                                                    10.=.20-10
                                                    30.=.0+(13-10)*10
                                                    holdsAt(water_left(0),10)
                                                        10.>=.0
                                                        max_time(100)
                                                        10.=<.100
                                                        initiallyP(water_left(0))
                                                        proved(not_stoppedIn(0,water_left(0),10))
                                                proved(not_stoppedIn(10,left_filling,13))
                                        not_stoppedIn(13,left_draining, {_488141~[_488141 > 13, _488141 < 15]} )
                                            13.=<. {_488141~[_488141 > 13, _488141 < 15]} 
                                            not_interrupted(terminates,left_draining,13, {_488141~[_488141 > 13, _488141 < 15]} )
                                                findall(_496143,findall_can_interrupts(terminates,_496143,left_draining,13, {_488141~[_488141 > 13, _488141 < 15]} ),[switch_left])
                                                    findall_can_interrupts(terminates,switch_left,left_draining,13, {_496288~[_496288 > 13, _496288 < 15]} )
                                                         {_496544~[_496544 > 13, _496544 < 15]} .>.13
                                                         {_496544~[_496544 > 13, _496544 < 15]} .<. {_496288~[_496288 > 13, _496288 < 15]} 
                                                        can_interrupts(terminates,switch_left,left_draining, {_496544~[_496544 > 13, _496544 < 15]} )
                                                            can_terminates(switch_left,left_draining, {_496544~[_496544 > 13, _496544 < 15]} )
                                                not_interrupted_N(terminates,left_draining,[switch_left],13, {_488141~[_488141 > 13, _488141 < 15]} )
                                                    not_interrupted_2b(terminates,left_draining,[switch_left],13, {_488141~[_488141 > 13, _488141 < 15]} )
                                                        inf(13,13)
                                                        sup(13,13)
                                                        proved(is_not_interval(13,13))
                                                        inf( {_488141~[_488141 > 13, _488141 < 15]} ,13)
                                                        sup( {_488141~[_488141 > 13, _488141 < 15]} ,15)
                                                        is_interval(13,15)
                                                            13.<>.15
                                                        not_interrupted_2b_fail(terminates,left_draining,[switch_left],13, {_488141~[_488141 > 13, _488141 < 15]} )
                                                            findall(_498048,interrupt_2b_fail(terminates,switch_left,left_draining,_498048,13, {_488141~[_488141 > 13, _488141 < 15]} ),[])
                                                            all_entirely_outside_of_interval([],13, {_488141~[_488141 > 13, _488141 < 15]} )
                                                            not_interrupted_2b_fail(terminates,left_draining,[],13, {_488141~[_488141 > 13, _488141 < 15]} )
                                                        not_interrupted_2b_adjust_eq(terminates,left_draining,[switch_left],13, {_488141~[_488141 > 13, _488141 < 15]} )
                                                            findall(_498401,interrupt_2b_adjust_eq(terminates,switch_left,left_draining,_498401,13, {_488141~[_488141 > 13, _488141 < 15]} ),[])
                                                            all_entirely_outside_of_interval([],13, {_488141~[_488141 > 13, _488141 < 15]} )
                                                            not_interrupted_2b_adjust_eq(terminates,left_draining,[],13, {_488141~[_488141 > 13, _488141 < 15]} )
                                                        not_interrupted_2b_adjust_gt(terminates,left_draining,[switch_left],13, {_488141~[_488141 > 13, _488141 < 15]} )
                                                            interrupt_2b_adjust_gt(terminates,switch_left,left_draining, {_499025~[_499025 > 13, _499025 < 15]} ,13, {_488141~[_488141 > 13, _488141 < 15]} )
                                                                 {_499025~[_499025 > 13, _499025 < 15]} .>.13
                                                                inf( {_488141~[_488141 > 13, _488141 < 15]} ,13)
                                                                 {_499025~[_499025 > 13, _499025 < 15]} .>.13
                                                                sup( {_488141~[_488141 > 13, _488141 < 15]} ,15)
                                                                 {_499025~[_499025 > 13, _499025 < 15]} .<.15
                                                                happens(switch_left, {_499025~[_499025 > 13, _499025 < 15]} )
                                                                    builtin(!spy)
                                                                     {_504691~[_504691 < 30, _504691 > 10]} .=<.50
                                                                    holdsAt(water_left( {_504691~[_504691 < 30, _504691 > 10]} ), {_499025~[_499025 > 13, _499025 < 15]} ,left_draining)
                                                                        13.>.0
                                                                        13.<. {_499025~[_499025 > 13, _499025 < 15]} 
                                                                        max_time(100)
                                                                         {_499025~[_499025 > 13, _499025 < 15]} .=<.100
                                                                        can_trajectory(left_draining,13,water_left( {_504691~[_504691 < 30, _504691 > 10]} ), {_499025~[_499025 > 13, _499025 < 15]} )
                                                                        can_initiates(switch_right,left_draining,13)
                                                                        happens(switch_right,13)
                                                                        proved(initiates(switch_right,left_draining,13))
                                                                        trajectory(left_draining,13,water_left( {_504691~[_504691 < 30, _504691 > 10]} ), {_499025~[_499025 > 13, _499025 < 15]} )
                                                                             {_504691~[_504691 < 30, _504691 > 10]} .=.30-( {_499025~[_499025 > 13, _499025 < 15]} -13)*10
                                                                            holdsAt(water_left(30),13)
                                                                                10.>.0
                                                                                10.<.13
                                                                                max_time(100)
                                                                                13.=<.100
                                                                                can_trajectory(left_filling,10,water_left(30),13)
                                                                                can_initiates(start(left),left_filling,10)
                                                                                happens(start(left),10)
                                                                                proved(initiates(start(left),left_filling,10))
                                                                                trajectory(left_filling,10,water_left(30),13)
                                                                                    10.=.20-10
                                                                                    30.=.0+(13-10)*10
                                                                                    holdsAt(water_left(0),10)
                                                                                        10.>=.0
                                                                                        max_time(100)
                                                                                        10.=<.100
                                                                                        initiallyP(water_left(0))
                                                                                        proved(not_stoppedIn(0,water_left(0),10))
                                                                                proved(not_stoppedIn(10,left_filling,13))
                                                                        not_stoppedIn(13,left_draining, {_499025~[_499025 > 13, _499025 < 15]} )
                                                                            13.=<. {_499025~[_499025 > 13, _499025 < 15]} 
                                                                            not_interrupted(terminates,left_draining,13, {_499025~[_499025 > 13, _499025 < 15]} )
                                                                                findall(_509364,findall_can_interrupts(terminates,_509364,left_draining,13, {_499025~[_499025 > 13, _499025 < 15]} ),[switch_left])
                                                                                    findall_can_interrupts(terminates,switch_left,left_draining,13, {_509509~[_509509 > 13, _509509 < 15]} )
                                                                                         {_509789~[_509789 > 13, _509789 < 15]} .>.13
                                                                                         {_509789~[_509789 > 13, _509789 < 15]} .<. {_509509~[_509509 > 13, _509509 < 15]} 
                                                                                        can_interrupts(terminates,switch_left,left_draining, {_509789~[_509789 > 13, _509789 < 15]} )
                                                                                            can_terminates(switch_left,left_draining, {_509789~[_509789 > 13, _509789 < 15]} )
                                                                                not_interrupted_N(terminates,left_draining,[switch_left],13, {_499025~[_499025 > 13, _499025 < 15]} )
                                                                                    not_interrupted_2b(terminates,left_draining,[switch_left],13, {_499025~[_499025 > 13, _499025 < 15]} )
                                                                                        inf(13,13)
                                                                                        sup(13,13)
                                                                                        proved(is_not_interval(13,13))
                                                                                        inf( {_499025~[_499025 > 13, _499025 < 15]} ,13)
                                                                                        sup( {_499025~[_499025 > 13, _499025 < 15]} ,15)
                                                                                        proved(is_interval(13,15))
                                                                                        not_interrupted_2b_fail(terminates,left_draining,[switch_left],13, {_499025~[_499025 > 13, _499025 < 15]} )
                                                                                            findall(_511173,interrupt_2b_fail(terminates,switch_left,left_draining,_511173,13, {_499025~[_499025 > 13, _499025 < 15]} ),[])
                                                                                            all_entirely_outside_of_interval([],13, {_499025~[_499025 > 13, _499025 < 15]} )
                                                                                            not_interrupted_2b_fail(terminates,left_draining,[],13, {_499025~[_499025 > 13, _499025 < 15]} )
                                                                                        not_interrupted_2b_adjust_eq(terminates,left_draining,[switch_left],13, {_499025~[_499025 > 13, _499025 < 15]} )
                                                                                            findall(_511526,interrupt_2b_adjust_eq(terminates,switch_left,left_draining,_511526,13, {_499025~[_499025 > 13, _499025 < 15]} ),[])
                                                                                            all_entirely_outside_of_interval([],13, {_499025~[_499025 > 13, _499025 < 15]} )
                                                                                            not_interrupted_2b_adjust_eq(terminates,left_draining,[],13, {_499025~[_499025 > 13, _499025 < 15]} )
                                                                                        not_interrupted_2b_adjust_gt(terminates,left_draining,[switch_left],13, {_499025~[_499025 > 13, _499025 < 15]} )
                                                                                            interrupt_2b_adjust_gt(terminates,switch_left,left_draining, {_512150~[_512150 < 15, _512150 > 13]} ,13, {_499025~[_499025 > 13, _499025 < 15]} )
                                                                                                 {_512150~[_512150 < 15, _512150 > 13]} .>.13
                                                                                                inf( {_499025~[_499025 > 13, _499025 < 15]} ,13)
                                                                                                 {_512150~[_512150 < 15, _512150 > 13]} .>.13
                                                                                                sup( {_499025~[_499025 > 13, _499025 < 15]} ,15)
                                                                                                 {_512150~[_512150 < 15, _512150 > 13]} .<.15
                                                                                                happens(switch_left, {_512150~[_512150 < 15, _512150 > 13]} )
                                                                                                    builtin(!spy)

--------------------- Calling:  builtin(!spy) -------------
    holdsAt(water_left(10),15)
        13.>.0
        13.<.15
        max_time(100)
        15.=<.100
        can_trajectory(left_draining,13,water_left(10),15)
        can_initiates(switch_right,left_draining,13)
        happens(switch_right,13)
        initiates(switch_right,left_draining,13)
        trajectory(left_draining,13,water_left(10),15)
            10.=.30-(15-13)*10
            holdsAt(water_left(30),13)
                10.>.0
                10.<.13
                max_time(100)
                13.=<.100
                can_trajectory(left_filling,10,water_left(30),13)
                can_initiates(start(left),left_filling,10)
                happens(start(left),10)
                initiates(start(left),left_filling,10)
                trajectory(left_filling,10,water_left(30),13)
                    10.=.20-10
                    30.=.0+(13-10)*10
                    holdsAt(water_left(0),10)
                        10.>=.0
                        max_time(100)
                        10.=<.100
                        initiallyP(water_left(0))
                        not_stoppedIn(0,water_left(0),10)
                            0.=<.10
                            not_interrupted(terminates,water_left(0),0,10)
                                findall(_1430,findall_can_interrupts(terminates,_1430,water_left(0),0,10),[])
                                not_interrupted_N(terminates,water_left(0),[],0,10)
                                    not_interrupted_1(terminates,water_left(0),[],0,10)
                                        inf(0,0)
                                        sup(0,0)
                                        is_not_interval(0,0)
                                            0.=.0
                                        inf(10,10)
                                        sup(10,10)
                                        is_not_interval(10,10)
                                            10.=.10
                                        not_interrupted_1_fail(terminates,water_left(0),[],0,10)
                            not_interrupted(releases,water_left(0),0,10)
                                findall(_1644,findall_can_interrupts(releases,_1644,water_left(0),0,10),[start(_1662)])
                                    findall_can_interrupts(releases,start(_1662),water_left(0),0,10)
                                         {_1735~[_1735 > 0, _1735 < 10]} .>.0
                                         {_1735~[_1735 > 0, _1735 < 10]} .<.10
                                        can_interrupts(releases,start(_1662),water_left(0), {_1735~[_1735 > 0, _1735 < 10]} )
                                            can_releases(start(_1662),water_left(0), {_1735~[_1735 > 0, _1735 < 10]} )
                                not_interrupted_N(releases,water_left(0),[start(_1662)],0,10)
                                    not_interrupted_1(releases,water_left(0),[start(_1662)],0,10)
                                        inf(0,0)
                                        sup(0,0)
                                        proved(is_not_interval(0,0))
                                        inf(10,10)
                                        sup(10,10)
                                        proved(is_not_interval(10,10))
                                        not_interrupted_1_fail(releases,water_left(0),[start(_1662)],0,10)
                                            findall(_1963,interrupt_1_fail(releases,start(_1662),water_left(0),_1963,0,10),[])
                                            all_entirely_outside_of_interval([],0,10)
                                            not_interrupted_1_fail(releases,water_left(0),[],0,10)
                not_stoppedIn(10,left_filling,13)
                    10.=<.13
                    not_interrupted(terminates,left_filling,10,13)
                        findall(_2138,findall_can_interrupts(terminates,_2138,left_filling,10,13),[switch_right])
                            findall_can_interrupts(terminates,switch_right,left_filling,10,13)
                                 {_2203~[_2203 < 13, _2203 > 10]} .>.10
                                 {_2203~[_2203 < 13, _2203 > 10]} .<.13
                                can_interrupts(terminates,switch_right,left_filling, {_2203~[_2203 < 13, _2203 > 10]} )
                                    can_terminates(switch_right,left_filling, {_2203~[_2203 < 13, _2203 > 10]} )
                        not_interrupted_N(terminates,left_filling,[switch_right],10,13)
                            not_interrupted_1(terminates,left_filling,[switch_right],10,13)
                                inf(10,10)
                                sup(10,10)
                                proved(is_not_interval(10,10))
                                inf(13,13)
                                sup(13,13)
                                is_not_interval(13,13)
                                    13.=.13
                                not_interrupted_1_fail(terminates,left_filling,[switch_right],10,13)
                                    findall(_2451,interrupt_1_fail(terminates,switch_right,left_filling,_2451,10,13),[])
                                    all_entirely_outside_of_interval([],10,13)
                                    not_interrupted_1_fail(terminates,left_filling,[],10,13)
                    not_interrupted(releases,left_filling,10,13)
                        findall(_2554,findall_can_interrupts(releases,_2554,left_filling,10,13),[])
                        not_interrupted_N(releases,left_filling,[],10,13)
                            not_interrupted_1(releases,left_filling,[],10,13)
                                inf(10,10)
                                sup(10,10)
                                proved(is_not_interval(10,10))
                                inf(13,13)
                                sup(13,13)
                                proved(is_not_interval(13,13))
                                not_interrupted_1_fail(releases,left_filling,[],10,13)
        not_stoppedIn(13,left_draining,15)
            13.=<.15
            not_interrupted(terminates,left_draining,13,15)
                findall(_2828,findall_can_interrupts(terminates,_2828,left_draining,13,15),[switch_left])
                    findall_can_interrupts(terminates,switch_left,left_draining,13,15)
                         {_2893~[_2893 < 15, _2893 > 13]} .>.13
                         {_2893~[_2893 < 15, _2893 > 13]} .<.15
                        can_interrupts(terminates,switch_left,left_draining, {_2893~[_2893 < 15, _2893 > 13]} )
                            can_terminates(switch_left,left_draining, {_2893~[_2893 < 15, _2893 > 13]} )
                not_interrupted_N(terminates,left_draining,[switch_left],13,15)
                    not_interrupted_1(terminates,left_draining,[switch_left],13,15)
                        inf(13,13)
                        sup(13,13)
                        proved(is_not_interval(13,13))
                        inf(15,15)
                        sup(15,15)
                        is_not_interval(15,15)
                            15.=.15
                        not_interrupted_1_fail(terminates,left_draining,[switch_left],13,15)
                            interrupt_1_fail(terminates,switch_left,left_draining, {_3228~[_3228 > 13, _3228 < 15]} ,13,15)
                                 {_3228~[_3228 > 13, _3228 < 15]} .>.13
                                 {_3228~[_3228 > 13, _3228 < 15]} .<.15
                                happens(switch_left, {_3228~[_3228 > 13, _3228 < 15]} )
                                    builtin(!spy)
                                     {_3363~[_3363 < 30, _3363 > 10]} .=<.50
                                    holdsAt(water_left( {_3363~[_3363 < 30, _3363 > 10]} ), {_3228~[_3228 > 13, _3228 < 15]} ,left_draining)
                                        13.>.0
                                        13.<. {_3228~[_3228 > 13, _3228 < 15]} 
                                        max_time(100)
                                         {_3228~[_3228 > 13, _3228 < 15]} .=<.100
                                        can_trajectory(left_draining,13,water_left( {_3363~[_3363 < 30, _3363 > 10]} ), {_3228~[_3228 > 13, _3228 < 15]} )
                                        can_initiates(switch_right,left_draining,13)
                                        happens(switch_right,13)
                                        proved(initiates(switch_right,left_draining,13))
                                        trajectory(left_draining,13,water_left( {_3363~[_3363 < 30, _3363 > 10]} ), {_3228~[_3228 > 13, _3228 < 15]} )
                                             {_3363~[_3363 < 30, _3363 > 10]} .=.30-( {_3228~[_3228 > 13, _3228 < 15]} -13)*10
                                            holdsAt(water_left(30),13)
                                                10.>.0
                                                10.<.13
                                                max_time(100)
                                                13.=<.100
                                                can_trajectory(left_filling,10,water_left(30),13)
                                                can_initiates(start(left),left_filling,10)
                                                happens(start(left),10)
                                                proved(initiates(start(left),left_filling,10))
                                                trajectory(left_filling,10,water_left(30),13)
                                                    10.=.20-10
                                                    30.=.0+(13-10)*10
                                                    holdsAt(water_left(0),10)
                                                        10.>=.0
                                                        max_time(100)
                                                        10.=<.100
                                                        initiallyP(water_left(0))
                                                        proved(not_stoppedIn(0,water_left(0),10))
                                                proved(not_stoppedIn(10,left_filling,13))
                                        not_stoppedIn(13,left_draining, {_3228~[_3228 > 13, _3228 < 15]} )
                                            13.=<. {_3228~[_3228 > 13, _3228 < 15]} 
                                            not_interrupted(terminates,left_draining,13, {_3228~[_3228 > 13, _3228 < 15]} )
                                                findall(_4376,findall_can_interrupts(terminates,_4376,left_draining,13, {_3228~[_3228 > 13, _3228 < 15]} ),[switch_left])
                                                    findall_can_interrupts(terminates,switch_left,left_draining,13, {_4441~[_4441 > 13, _4441 < 15]} )
                                                         {_4697~[_4697 > 13, _4697 < 15]} .>.13
                                                         {_4697~[_4697 > 13, _4697 < 15]} .<. {_4441~[_4441 > 13, _4441 < 15]} 
                                                        can_interrupts(terminates,switch_left,left_draining, {_4697~[_4697 > 13, _4697 < 15]} )
                                                            can_terminates(switch_left,left_draining, {_4697
timeout


  real      0:01.37
  real [s]  1.37
  user [s]  0.34
  sys  [s]  0.08
  mem  [KB] 32828
  avgm [KB] 0
