$ scasp -s0 --ec ../axioms/bec_scasp.pl ./model.pl -v6 --timeout=1000


% QUERY:?- T #=< 20,happens(turn_light_on,T).

--------------------- Calling:  builtin(!spy) -------------
     {_233824~[_233824 =< 20]} .=<.20
    happens(turn_light_on, {_233824~[_233824 =< 20]} )
        builtin(!spy)

--------------------- Calling:  builtin(!spy) -------------
     {_233824~[_233824 > 0, _233824 =< 20]} .=<.20
    happens(turn_light_on, {_233824~[_233824 > 0, _233824 =< 20]} )
        builtin(!spy)
        not_holdsAt(light_on, {_233824~[_233824 > 0, _233824 =< 20]} )
             {_234527~[_234527 > 0, _234527 < 20]} .>.0
             {_234527~[_234527 > 0, _234527 < 20]} .<. {_233824~[_233824 > 0, _233824 =< 20]} 
            max_time(100)
             {_233824~[_233824 > 0, _233824 =< 20]} .=<.100
            can_terminates(turn_light_off,light_on, {_234527~[_234527 > 0, _234527 < 20]} )
            happens(turn_light_off, {_234527~[_234527 > 0, _234527 < 20]} )
                builtin(!spy)

--------------------- Calling:  builtin(!spy) -------------
     {_233824~[_233824 > 0, _233824 =< 20]} .=<.20
    happens(turn_light_on, {_233824~[_233824 > 0, _233824 =< 20]} )
        builtin(!spy)
        not_holdsAt(light_on, {_233824~[_233824 > 0, _233824 =< 20]} )
             {_234527~[_234527 > 0, _234527 < 20]} .>.0
             {_234527~[_234527 > 0, _234527 < 20]} .<. {_233824~[_233824 > 0, _233824 =< 20]} 
            max_time(100)
             {_233824~[_233824 > 0, _233824 =< 20]} .=<.100
            can_terminates(turn_light_off,light_on, {_234527~[_234527 > 0, _234527 < 20]} )
            happens(turn_light_off, {_234527~[_234527 > 0, _234527 < 20]} )
                builtin(!spy)
                holdsAt(light_on, {_234527~[_234527 > 0, _234527 < 20]} )
                     {_236168~[_236168 > 0, _236168 < 20]} .>.0
                     {_236168~[_236168 > 0, _236168 < 20]} .<. {_234527~[_234527 > 0, _234527 < 20]} 
                    max_time(100)
                     {_234527~[_234527 > 0, _234527 < 20]} .=<.100
                    can_initiates(turn_light_on,light_on, {_236168~[_236168 > 0, _236168 < 20]} )
                    happens(turn_light_on, {_236168~[_236168 > 0, _236168 < 20]} )
                        builtin(!spy)

--------------------- Calling:  builtin(!spy) -------------
     {_233824~[_233824 > 0, _233824 =< 20]} .=<.20
    happens(turn_light_on, {_233824~[_233824 > 0, _233824 =< 20]} )
        builtin(!spy)
        not_holdsAt(light_on, {_233824~[_233824 > 0, _233824 =< 20]} )
             {_234527~[_234527 > 0, _234527 < 20]} .>.0
             {_234527~[_234527 > 0, _234527 < 20]} .<. {_233824~[_233824 > 0, _233824 =< 20]} 
            max_time(100)
             {_233824~[_233824 > 0, _233824 =< 20]} .=<.100
            can_terminates(turn_light_off,light_on, {_234527~[_234527 > 0, _234527 < 20]} )
            happens(turn_light_off, {_234527~[_234527 > 0, _234527 < 20]} )
                builtin(!spy)
                holdsAt(light_on, {_234527~[_234527 > 0, _234527 < 20]} )
                     {_236168~[_236168 > 0, _236168 < 20]} .>.0
                     {_236168~[_236168 > 0, _236168 < 20]} .<. {_234527~[_234527 > 0, _234527 < 20]} 
                    max_time(100)
                     {_234527~[_234527 > 0, _234527 < 20]} .=<.100
                    can_initiates(turn_light_on,light_on, {_236168~[_236168 > 0, _236168 < 20]} )
                    happens(turn_light_on, {_236168~[_236168 > 0, _236168 < 20]} )
                        builtin(!spy)
                        not_holdsAt(light_on, {_236168~[_236168 > 0, _236168 < 20]} )
                             {_238023~[_238023 > 0, _238023 < 20]} .>.0
                             {_238023~[_238023 > 0, _238023 < 20]} .<. {_236168~[_236168 > 0, _236168 < 20]} 
                            max_time(100)
                             {_236168~[_236168 > 0, _236168 < 20]} .=<.100
                            can_terminates(turn_light_off,light_on, {_238023~[_238023 > 0, _238023 < 20]} )
                            happens(turn_light_off, {_238023~[_238023 > 0, _238023 < 20]} )
                                builtin(!spy)

--------------------- Calling:  builtin(!spy) -------------
     {_233824~[_233824 > 0, _233824 =< 20]} .=<.20
    happens(turn_light_on, {_233824~[_233824 > 0, _233824 =< 20]} )
        builtin(!spy)
        not_holdsAt(light_on, {_233824~[_233824 > 0, _233824 =< 20]} )
             {_234527~[_234527 > 0, _234527 < 20]} .>.0
             {_234527~[_234527 > 0, _234527 < 20]} .<. {_233824~[_233824 > 0, _233824 =< 20]} 
            max_time(100)
             {_233824~[_233824 > 0, _233824 =< 20]} .=<.100
            can_terminates(turn_light_off,light_on, {_234527~[_234527 > 0, _234527 < 20]} )
            happens(turn_light_off, {_234527~[_234527 > 0, _234527 < 20]} )
                builtin(!spy)
                holdsAt(light_on, {_234527~[_234527 > 0, _234527 < 20]} )
                     {_236168~[_236168 > 0, _236168 < 20]} .>.0
                     {_236168~[_236168 > 0, _236168 < 20]} .<. {_234527~[_234527 > 0, _234527 < 20]} 
                    max_time(100)
                     {_234527~[_234527 > 0, _234527 < 20]} .=<.100
                    can_initiates(turn_light_on,light_on, {_236168~[_236168 > 0, _236168 < 20]} )
                    happens(turn_light_on, {_236168~[_236168 > 0, _236168 < 20]} )
                        builtin(!spy)
                        not_holdsAt(light_on, {_236168~[_236168 > 0, _236168 < 20]} )
                             {_238023~[_238023 > 0, _238023 < 20]} .>.0
                             {_238023~[_238023 > 0, _238023 < 20]} .<. {_236168~[_236168 > 0, _236168 < 20]} 
                            max_time(100)
                             {_236168~[_236168 > 0, _236168 < 20]} .=<.100
                            can_terminates(turn_light_off,light_on, {_238023~[_238023 > 0, _238023 < 20]} )
                            happens(turn_light_off, {_238023~[_238023 > 0, _238023 < 20]} )
                                builtin(!spy)
                                holdsAt(light_on, {_238023~[_238023 > 0, _238023 < 20]} )
                                     {_240053~[_240053 > 0, _240053 < 20]} .>.0
                                     {_240053~[_240053 > 0, _240053 < 20]} .<. {_238023~[_238023 > 0, _238023 < 20]} 
                                    max_time(100)
                                     {_238023~[_238023 > 0, _238023 < 20]} .=<.100
                                    can_initiates(turn_light_on,light_on, {_240053~[_240053 > 0, _240053 < 20]} )
                                    happens(turn_light_on, {_240053~[_240053 > 0, _240053 < 20]} )
                                        builtin(!spy)

--------------------- Calling:  builtin(!spy) -------------
     {_233824~[_233824 > 0, _233824 =< 20]} .=<.20
    happens(turn_light_on, {_233824~[_233824 > 0, _233824 =< 20]} )
        builtin(!spy)
        not_holdsAt(light_on, {_233824~[_233824 > 0, _233824 =< 20]} )
             {_234527~[_234527 > 0, _234527 < 20]} .>.0
             {_234527~[_234527 > 0, _234527 < 20]} .<. {_233824~[_233824 > 0, _233824 =< 20]} 
            max_time(100)
             {_233824~[_233824 > 0, _233824 =< 20]} .=<.100
            can_terminates(turn_light_off,light_on, {_234527~[_234527 > 0, _234527 < 20]} )
            happens(turn_light_off, {_234527~[_234527 > 0, _234527 < 20]} )
                builtin(!spy)
                holdsAt(light_on, {_234527~[_234527 > 0, _234527 < 20]} )
                     {_236168~[_236168 > 0, _236168 < 20]} .>.0
                     {_236168~[_236168 > 0, _236168 < 20]} .<. {_234527~[_234527 > 0, _234527 < 20]} 
                    max_time(100)
                     {_234527~[_234527 > 0, _234527 < 20]} .=<.100
                    can_initiates(turn_light_on,light_on, {_236168~[_236168 > 0, _236168 < 20]} )
                    happens(turn_light_on, {_236168~[_236168 > 0, _236168 < 20]} )
                        builtin(!spy)
                        not_holdsAt(light_on, {_236168~[_236168 > 0, _236168 < 20]} )
                             {_238023~[_238023 > 0, _238023 < 20]} .>.0
                             {_238023~[_238023 > 0, _238023 < 20]} .<. {_236168~[_236168 > 0, _236168 < 20]} 
                            max_time(100)
                             {_236168~[_236168 > 0, _236168 < 20]} .=<.100
                            can_terminates(turn_light_off,light_on, {_238023~[_238023 > 0, _238023 < 20]} )
                            happens(turn_light_off, {_238023~[_238023 > 0, _238023 < 20]} )
                                builtin(!spy)
                                holdsAt(light_on, {_238023~[_238023 > 0, _238023 < 20]} )
                                     {_240053~[_240053 > 0, _240053 < 20]} .>.0
                                     {_240053~[_240053 > 0, _240053 < 20]} .<. {_238023~[_238023 > 0, _238023 < 20]} 
                                    max_time(100)
                                     {_238023~[_238023 > 0, _238023 < 20]} .=<.100
                                    can_initiates(turn_light_on,light_on, {_240053~[_240053 > 0, _240053 < 20]} )
                                    happens(turn_light_on, {_240053~[_240053 > 0, _240053 < 20]} )
                                        builtin(!spy)
                                        not_holdsAt(light_on, {_240053~[_240053 > 0, _240053 < 20]} )
                                             {_242258~[_242258 > 0, _242258 < 20]} .>.0
                                             {_242258~[_242258 > 0, _242258 < 20]} .<. {_240053~[_240053 > 0, _240053 < 20]} 
                                            max_time(100)
                                             {_240053~[_240053 > 0, _240053 < 20]} .=<.100
                                            can_terminates(turn_light_off,light_on, {_242258~[_242258 > 0, _242258 < 20]} )
                                            happens(turn_light_off, {_242258~[_242258 > 0, _242258 < 20]} )
                                                builtin(!spy)

--------------------- Calling:  builtin(!spy) -------------
     {_711~[_711 > 0, _711 =< 20]} .=<.20
    happens(turn_light_on, {_711~[_711 > 0, _711 =< 20]} )
        builtin(!spy)
        not_holdsAt(light_on, {_711~[_711 > 0, _711 =< 20]} )
             {_830~[_830 > 0, _830 < 20]} .>.0
             {_830~[_830 > 0, _830 < 20]} .<. {_711~[_711 > 0, _711 =< 20]} 
            max_time(100)
             {_711~[_711 > 0, _711 =< 20]} .=<.100
            can_terminates(turn_light_off,light_on, {_830~[_830 > 0, _830 < 20]} )
            happens(turn_light_off, {_830~[_830 > 0, _830 < 20]} )
                builtin(!spy)
                holdsAt(light_on, {_830~[_830 > 0, _830 < 20]} )
                     {_1058~[_1058 > 0, _1058 < 20]} .>.0
                     {_1058~[_1058 > 0, _1058 < 20]} .<. {_830~[_830 > 0, _830 < 20]} 
                    max_time(100)
                     {_830~[_830 > 0, _830 < 20]} .=<.100
                    can_initiates(turn_light_on,light_on, {_1058~[_1058 > 0, _1058 < 20]} )
                    happens(turn_light_on, {_1058~[_1058 > 0, _1058 < 20]} )
                        builtin(!spy)
                        not_holdsAt(light_on, {_1058~[_1058 > 0, _1058 < 20]} )
                             {_1313~[_1313 > 0, _1313 < 20]} .>.0
                             {_1313~[_1313 > 0, _1313 < 20]} .<. {_1058~[_1058 > 0, _1058 < 20]} 
                            max_time(100)
                            
timeout


  real      0:01.44
  real [s]  1.44
  user [s]  0.58
  sys  [s]  0.11
  mem  [KB] 29232
  avgm [KB] 0
