$ scasp -s0 --ec --incremental -w ../../axioms/bec_scasp-interval_not.pl ./partfix-incr.pl --tree


Running increments

WARNING: Running increment n. 1
WARNING:   New incremental fact: incr_happens(hit_ground,20)

WARNING: Running increment n. 2
WARNING:   New incremental fact: incr_happens(reach_apex,45/2)

WARNING: Running increment n. 3
WARNING:   New incremental fact: incr_happens(hit_ground,25)

WARNING: Running increment n. 4
WARNING:   New incremental fact: incr_happens(reach_apex,205/8)

WARNING: Running increment n. 5
WARNING:   No new incremental facts. Ending incremental resoning.

Number of increments executed: 5 (in 4932.728 ms)
Incremental Facts:
[incr_happens(hit_ground,20),incr_happens(reach_apex,45/2),incr_happens(hit_ground,25),incr_happens(reach_apex,205/8)]

% QUERY:?- happens(hit_ground,T).

	ANSWER:	1 (in 23.471 ms)

JUSTIFICATION_TREE:
happens(hit_ground,20) :-
    holdsAt(height(0),20,falling) :-
        max_time(100),
        can_trajectory(falling,10,height(0),20),
        can_initiates(fall_down,falling,10),
        happens(fall_down,10) :-
            happens(drop,10).
        initiates(fall_down,falling,10),
        trajectory(falling,10,height(0),20) :-
            initiallyP(constant_fall_rate(1)),
            holdsAt(height(10),10) :-
                max_time(100),
                initiallyP(height(10)),
                not_stoppedIn(0,height(10),10) :-
                    not_interrupted(terminates,height(10),0,10) :-
                        findall(Var6,findall_can_interrupts(terminates,Var6,height(10),0,10),[catch,stop_bouncing]) :-
                            findall_can_interrupts(terminates,catch,height(10),0,10) :-
                                can_interrupts(terminates,catch,height(10),Var1 | {Var1 #> 0,Var1 #< 10}) :-
                                    can_terminates(catch,height(10),Var1 | {Var1 #> 0,Var1 #< 10}).
                            findall_can_interrupts(terminates,stop_bouncing,height(10),0,10) :-
                                can_interrupts(terminates,stop_bouncing,height(10),Var2 | {Var2 #> 0,Var2 #< 10}) :-
                                    can_terminates(stop_bouncing,height(10),Var2 | {Var2 #> 0,Var2 #< 10}).
                        not_interrupted_N(terminates,height(10),[catch,stop_bouncing],0,10) :-
                            not_interrupted_1(terminates,height(10),[catch,stop_bouncing],0,10) :-
                                is_not_interval(0,0),
                                is_not_interval(10,10),
                                not_interrupted_1_fail(terminates,height(10),[catch,stop_bouncing],0,10) :-
                                    findall(Var7,interrupt_1_fail(terminates,catch,height(10),Var7,0,10),[]),
                                    all_entirely_outside_of_interval([],0,10),
                                    not_interrupted_1_fail(terminates,height(10),[stop_bouncing],0,10) :-
                                        findall(Var8,interrupt_1_fail(terminates,stop_bouncing,height(10),Var8,0,10),[]),
                                        proved(all_entirely_outside_of_interval([],0,10)),
                                        not_interrupted_1_fail(terminates,height(10),[],0,10).
                    not_interrupted(releases,height(10),0,10) :-
                        findall(Var9,findall_can_interrupts(releases,Var9,height(10),0,10),[drop]) :-
                            findall_can_interrupts(releases,drop,height(10),0,10) :-
                                can_interrupts(releases,drop,height(10),Var3 | {Var3 #> 0,Var3 #< 10}) :-
                                    can_releases(drop,height(10),Var3 | {Var3 #> 0,Var3 #< 10}).
                        not_interrupted_N(releases,height(10),[drop],0,10) :-
                            not_interrupted_1(releases,height(10),[drop],0,10) :-
                                proved(is_not_interval(0,0)),
                                proved(is_not_interval(10,10)),
                                not_interrupted_1_fail(releases,height(10),[drop],0,10) :-
                                    findall(Var10,interrupt_1_fail(releases,drop,height(10),Var10,0,10),[]),
                                    proved(all_entirely_outside_of_interval([],0,10)),
                                    not_interrupted_1_fail(releases,height(10),[],0,10).
        not_stoppedIn(10,falling,20) :-
            not_interrupted(terminates,falling,10,20) :-
                findall(Var11,findall_can_interrupts(terminates,Var11,falling,10,20),[hit_ground,catch]) :-
                    findall_can_interrupts(terminates,hit_ground,falling,10,20) :-
                        can_interrupts(terminates,hit_ground,falling,Var4 | {Var4 #> 10,Var4 #< 20}) :-
                            can_terminates(hit_ground,falling,Var4 | {Var4 #> 10,Var4 #< 20}).
                    findall_can_interrupts(terminates,catch,falling,10,20) :-
                        can_interrupts(terminates,catch,falling,Var5 | {Var5 #> 10,Var5 #< 20}) :-
                            can_terminates(catch,falling,Var5 | {Var5 #> 10,Var5 #< 20}).
                not_interrupted_N(terminates,falling,[hit_ground,catch],10,20) :-
                    not_interrupted_1(terminates,falling,[hit_ground,catch],10,20) :-
                        proved(is_not_interval(10,10)),
                        is_not_interval(20,20),
                        not_interrupted_1_fail(terminates,falling,[hit_ground,catch],10,20) :-
                            findall(Var12,interrupt_1_fail(terminates,hit_ground,falling,Var12,10,20),[]),
                            all_entirely_outside_of_interval([],10,20),
                            not_interrupted_1_fail(terminates,falling,[catch],10,20) :-
                                findall(Var13,interrupt_1_fail(terminates,catch,falling,Var13,10,20),[]),
                                proved(all_entirely_outside_of_interval([],10,20)),
                                not_interrupted_1_fail(terminates,falling,[],10,20).
            not_interrupted(releases,falling,10,20) :-
                findall(Var14,findall_can_interrupts(releases,Var14,falling,10,20),[]),
                not_interrupted_N(releases,falling,[],10,20) :-
                    not_interrupted_1(releases,falling,[],10,20) :-
                        proved(is_not_interval(10,10)),
                        proved(is_not_interval(20,20)),
                        not_interrupted_1_fail(releases,falling,[],10,20).
global_constraint.

MODEL:
{ happens(hit_ground,20),  happens(fall_down,10),  happens(drop,10),  initiates(fall_down,falling,10),  trajectory(falling,10,height(0),20),  initiallyP(constant_fall_rate(1)),  holdsAt(height(10),10),  initiallyP(height(10)),  not_stoppedIn(0,height(10),10),  not_stoppedIn(10,falling,20) }
BINDINGS: 
T = 20


	ANSWER:	2 (in 169.473 ms)

JUSTIFICATION_TREE:
happens(hit_ground,25) :-
    holdsAt(height(0),25,falling) :-
        max_time(100),
        can_trajectory(falling,45/2,height(0),25),
        can_initiates(fall_down,falling,45/2),
        happens(fall_down,45/2) :-
            incr_happens(reach_apex,45/2).
        initiates(fall_down,falling,45/2),
        trajectory(falling,45/2,height(0),25) :-
            initiallyP(constant_fall_rate(1)),
            holdsAt(height(5/2),45/2) :-
                max_time(100),
                can_trajectory(rising,20,height(5/2),45/2),
                can_initiates(bounce_up,rising,20),
                happens(bounce_up,20) :-
                    incr_happens(hit_ground,20),
                    holdsAt(velocity(10),20,falling) :-
                        max_time(100),
                        can_trajectory(falling,10,velocity(10),20),
                        can_initiates(fall_down,falling,10),
                        happens(fall_down,10) :-
                            happens(drop,10).
                        initiates(fall_down,falling,10),
                        trajectory(falling,10,velocity(10),20) :-
                            initiallyP(constant_fall_rate(1)),
                            holdsAt(velocity(0),10) :-
                                max_time(100),
                                initiallyP(velocity(0)),
                                not_stoppedIn(0,velocity(0),10) :-
                                    not_interrupted(terminates,velocity(0),0,10) :-
                                        findall(Var13,findall_can_interrupts(terminates,Var13,velocity(0),0,10),[catch,stop_bouncing]) :-
                                            findall_can_interrupts(terminates,catch,velocity(0),0,10) :-
                                                can_interrupts(terminates,catch,velocity(0),Var1 | {Var1 #> 0,Var1 #< 10}) :-
                                                    can_terminates(catch,velocity(0),Var1 | {Var1 #> 0,Var1 #< 10}).
                                            findall_can_interrupts(terminates,stop_bouncing,velocity(0),0,10) :-
                                                can_interrupts(terminates,stop_bouncing,velocity(0),Var2 | {Var2 #> 0,Var2 #< 10}) :-
                                                    can_terminates(stop_bouncing,velocity(0),Var2 | {Var2 #> 0,Var2 #< 10}).
                                        not_interrupted_N(terminates,velocity(0),[catch,stop_bouncing],0,10) :-
                                            not_interrupted_1(terminates,velocity(0),[catch,stop_bouncing],0,10) :-
                                                is_not_interval(0,0),
                                                is_not_interval(10,10),
                                                not_interrupted_1_fail(terminates,velocity(0),[catch,stop_bouncing],0,10) :-
                                                    findall(Var14,interrupt_1_fail(terminates,catch,velocity(0),Var14,0,10),[]),
                                                    all_entirely_outside_of_interval([],0,10),
                                                    not_interrupted_1_fail(terminates,velocity(0),[stop_bouncing],0,10) :-
                                                        findall(Var15,interrupt_1_fail(terminates,stop_bouncing,velocity(0),Var15,0,10),[]),
                                                        proved(all_entirely_outside_of_interval([],0,10)),
                                                        not_interrupted_1_fail(terminates,velocity(0),[],0,10).
                                    not_interrupted(releases,velocity(0),0,10) :-
                                        findall(Var16,findall_can_interrupts(releases,Var16,velocity(0),0,10),[drop]) :-
                                            findall_can_interrupts(releases,drop,velocity(0),0,10) :-
                                                can_interrupts(releases,drop,velocity(0),Var3 | {Var3 #> 0,Var3 #< 10}) :-
                                                    can_releases(drop,velocity(0),Var3 | {Var3 #> 0,Var3 #< 10}).
                                        not_interrupted_N(releases,velocity(0),[drop],0,10) :-
                                            not_interrupted_1(releases,velocity(0),[drop],0,10) :-
                                                proved(is_not_interval(0,0)),
                                                proved(is_not_interval(10,10)),
                                                not_interrupted_1_fail(releases,velocity(0),[drop],0,10) :-
                                                    findall(Var17,interrupt_1_fail(releases,drop,velocity(0),Var17,0,10),[]),
                                                    proved(all_entirely_outside_of_interval([],0,10)),
                                                    not_interrupted_1_fail(releases,velocity(0),[],0,10).
                        not_stoppedIn(10,falling,20) :-
                            not_interrupted(terminates,falling,10,20) :-
                                findall(Var18,findall_can_interrupts(terminates,Var18,falling,10,20),[hit_ground,catch]) :-
                                    findall_can_interrupts(terminates,hit_ground,falling,10,20) :-
                                        can_interrupts(terminates,hit_ground,falling,Var4 | {Var4 #> 10,Var4 #< 20}) :-
                                            can_terminates(hit_ground,falling,Var4 | {Var4 #> 10,Var4 #< 20}).
                                    findall_can_interrupts(terminates,catch,falling,10,20) :-
                                        can_interrupts(terminates,catch,falling,Var5 | {Var5 #> 10,Var5 #< 20}) :-
                                            can_terminates(catch,falling,Var5 | {Var5 #> 10,Var5 #< 20}).
                                not_interrupted_N(terminates,falling,[hit_ground,catch],10,20) :-
                                    not_interrupted_1(terminates,falling,[hit_ground,catch],10,20) :-
                                        proved(is_not_interval(10,10)),
                                        is_not_interval(20,20),
                                        not_interrupted_1_fail(terminates,falling,[hit_ground,catch],10,20) :-
                                            findall(Var19,interrupt_1_fail(terminates,hit_ground,falling,Var19,10,20),[]),
                                            all_entirely_outside_of_interval([],10,20),
                                            not_interrupted_1_fail(terminates,falling,[catch],10,20) :-
                                                findall(Var20,interrupt_1_fail(terminates,catch,falling,Var20,10,20),[]),
                                                proved(all_entirely_outside_of_interval([],10,20)),
                                                not_interrupted_1_fail(terminates,falling,[],10,20).
                            not_interrupted(releases,falling,10,20) :-
                                findall(Var21,findall_can_interrupts(releases,Var21,falling,10,20),[]),
                                not_interrupted_N(releases,falling,[],10,20) :-
                                    not_interrupted_1(releases,falling,[],10,20) :-
                                        proved(is_not_interval(10,10)),
                                        proved(is_not_interval(20,20)),
                                        not_interrupted_1_fail(releases,falling,[],10,20).
                initiates(bounce_up,rising,20),
                trajectory(rising,20,height(5/2),45/2) :-
                    initiallyP(constant_fall_rate(1)),
                    holdsAt(height(0),20) :-
                        max_time(100),
                        can_trajectory(falling,10,height(0),20),
                        can_initiates(fall_down,falling,10),
                        happens(fall_down,10) :-
                            happens(drop,10).
                        proved(initiates(fall_down,falling,10)),
                        trajectory(falling,10,height(0),20) :-
                            initiallyP(constant_fall_rate(1)),
                            holdsAt(height(10),10) :-
                                max_time(100),
                                initiallyP(height(10)),
                                not_stoppedIn(0,height(10),10) :-
                                    not_interrupted(terminates,height(10),0,10) :-
                                        findall(Var22,findall_can_interrupts(terminates,Var22,height(10),0,10),[catch,stop_bouncing]) :-
                                            findall_can_interrupts(terminates,catch,height(10),0,10) :-
                                                can_interrupts(terminates,catch,height(10),Var6 | {Var6 #> 0,Var6 #< 10}) :-
                                                    can_terminates(catch,height(10),Var6 | {Var6 #> 0,Var6 #< 10}).
                                            findall_can_interrupts(terminates,stop_bouncing,height(10),0,10) :-
                                                can_interrupts(terminates,stop_bouncing,height(10),Var7 | {Var7 #> 0,Var7 #< 10}) :-
                                                    can_terminates(stop_bouncing,height(10),Var7 | {Var7 #> 0,Var7 #< 10}).
                                        not_interrupted_N(terminates,height(10),[catch,stop_bouncing],0,10) :-
                                            not_interrupted_1(terminates,height(10),[catch,stop_bouncing],0,10) :-
                                                proved(is_not_interval(0,0)),
                                                proved(is_not_interval(10,10)),
                                                not_interrupted_1_fail(terminates,height(10),[catch,stop_bouncing],0,10) :-
                                                    findall(Var23,interrupt_1_fail(terminates,catch,height(10),Var23,0,10),[]),
                                                    proved(all_entirely_outside_of_interval([],0,10)),
                                                    not_interrupted_1_fail(terminates,height(10),[stop_bouncing],0,10) :-
                                                        findall(Var24,interrupt_1_fail(terminates,stop_bouncing,height(10),Var24,0,10),[]),
                                                        proved(all_entirely_outside_of_interval([],0,10)),
                                                        not_interrupted_1_fail(terminates,height(10),[],0,10).
                                    not_interrupted(releases,height(10),0,10) :-
                                        findall(Var25,findall_can_interrupts(releases,Var25,height(10),0,10),[drop]) :-
                                            findall_can_interrupts(releases,drop,height(10),0,10) :-
                                                can_interrupts(releases,drop,height(10),Var8 | {Var8 #> 0,Var8 #< 10}) :-
                                                    can_releases(drop,height(10),Var8 | {Var8 #> 0,Var8 #< 10}).
                                        not_interrupted_N(releases,height(10),[drop],0,10) :-
                                            not_interrupted_1(releases,height(10),[drop],0,10) :-
                                                proved(is_not_interval(0,0)),
                                                proved(is_not_interval(10,10)),
                                                not_interrupted_1_fail(releases,height(10),[drop],0,10) :-
                                                    findall(Var26,interrupt_1_fail(releases,drop,height(10),Var26,0,10),[]),
                                                    proved(all_entirely_outside_of_interval([],0,10)),
                                                    not_interrupted_1_fail(releases,height(10),[],0,10).
                        proved(not_stoppedIn(10,falling,20)).
                not_stoppedIn(20,rising,45/2) :-
                    not_interrupted(terminates,rising,20,45/2) :-
                        findall(Var27,findall_can_interrupts(terminates,Var27,rising,20,45/2),[reach_apex,catch]) :-
                            findall_can_interrupts(terminates,reach_apex,rising,20,45/2) :-
                                can_interrupts(terminates,reach_apex,rising,Var9 | {Var9 #> 20,Var9 #< 45/2}) :-
                                    can_terminates(reach_apex,rising,Var9 | {Var9 #> 20,Var9 #< 45/2}).
                            findall_can_interrupts(terminates,catch,rising,20,45/2) :-
                                can_interrupts(terminates,catch,rising,Var10 | {Var10 #> 20,Var10 #< 45/2}) :-
                                    can_terminates(catch,rising,Var10 | {Var10 #> 20,Var10 #< 45/2}).
                        not_interrupted_N(terminates,rising,[reach_apex,catch],20,45/2) :-
                            not_interrupted_1(terminates,rising,[reach_apex,catch],20,45/2) :-
                                proved(is_not_interval(20,20)),
                                is_not_interval(45/2,45/2),
                                not_interrupted_1_fail(terminates,rising,[reach_apex,catch],20,45/2) :-
                                    findall(Var28,interrupt_1_fail(terminates,reach_apex,rising,Var28,20,45/2),[]),
                                    all_entirely_outside_of_interval([],20,45/2),
                                    not_interrupted_1_fail(terminates,rising,[catch],20,45/2) :-
                                        findall(Var29,interrupt_1_fail(terminates,catch,rising,Var29,20,45/2),[]),
                                        proved(all_entirely_outside_of_interval([],20,45/2)),
                                        not_interrupted_1_fail(terminates,rising,[],20,45/2).
                    not_interrupted(releases,rising,20,45/2) :-
                        findall(Var30,findall_can_interrupts(releases,Var30,rising,20,45/2),[]),
                        not_interrupted_N(releases,rising,[],20,45/2) :-
                            not_interrupted_1(releases,rising,[],20,45/2) :-
                                proved(is_not_interval(20,20)),
                                proved(is_not_interval(45/2,45/2)),
                                not_interrupted_1_fail(releases,rising,[],20,45/2).
        not_stoppedIn(45/2,falling,25) :-
            not_interrupted(terminates,falling,45/2,25) :-
                findall(Var31,findall_can_interrupts(terminates,Var31,falling,45/2,25),[hit_ground,catch]) :-
                    findall_can_interrupts(terminates,hit_ground,falling,45/2,25) :-
                        can_interrupts(terminates,hit_ground,falling,Var11 | {Var11 #> 45/2,Var11 #< 25}) :-
                            can_terminates(hit_ground,falling,Var11 | {Var11 #> 45/2,Var11 #< 25}).
                    findall_can_interrupts(terminates,catch,falling,45/2,25) :-
                        can_interrupts(terminates,catch,falling,Var12 | {Var12 #> 45/2,Var12 #< 25}) :-
                            can_terminates(catch,falling,Var12 | {Var12 #> 45/2,Var12 #< 25}).
                not_interrupted_N(terminates,falling,[hit_ground,catch],45/2,25) :-
                    not_interrupted_1(terminates,falling,[hit_ground,catch],45/2,25) :-
                        proved(is_not_interval(45/2,45/2)),
                        is_not_interval(25,25),
                        not_interrupted_1_fail(terminates,falling,[hit_ground,catch],45/2,25) :-
                            findall(Var32,interrupt_1_fail(terminates,hit_ground,falling,Var32,45/2,25),[]),
                            all_entirely_outside_of_interval([],45/2,25),
                            not_interrupted_1_fail(terminates,falling,[catch],45/2,25) :-
                                findall(Var33,interrupt_1_fail(terminates,catch,falling,Var33,45/2,25),[]),
                                proved(all_entirely_outside_of_interval([],45/2,25)),
                                not_interrupted_1_fail(terminates,falling,[],45/2,25).
            not_interrupted(releases,falling,45/2,25) :-
                findall(Var34,findall_can_interrupts(releases,Var34,falling,45/2,25),[]),
                not_interrupted_N(releases,falling,[],45/2,25) :-
                    not_interrupted_1(releases,falling,[],45/2,25) :-
                        proved(is_not_interval(45/2,45/2)),
                        proved(is_not_interval(25,25)),
                        not_interrupted_1_fail(releases,falling,[],45/2,25).
global_constraint.

MODEL:
{ happens(hit_ground,25),  happens(fall_down,45/2),  initiates(fall_down,falling,45/2),  trajectory(falling,45/2,height(0),25),  initiallyP(constant_fall_rate(1)),  holdsAt(height(5/2),45/2),  happens(bounce_up,20),  happens(fall_down,10),  happens(drop,10),  initiates(fall_down,falling,10),  trajectory(falling,10,velocity(10),20),  holdsAt(velocity(0),10),  initiallyP(velocity(0)),  not_stoppedIn(0,velocity(0),10),  not_stoppedIn(10,falling,20),  initiates(bounce_up,rising,20),  trajectory(rising,20,height(5/2),45/2),  holdsAt(height(0),20),  trajectory(falling,10,height(0),20),  holdsAt(height(10),10),  initiallyP(height(10)),  not_stoppedIn(0,height(10),10),  not_stoppedIn(20,rising,45/2),  not_stoppedIn(45/2,falling,25) }
BINDINGS: 
T = 25


  real      0:09.04
  real [s]  9.04
  user [s]  8.34
  sys  [s]  0.07
  mem  [KB] 33360
  avgm [KB] 0
