$ oscasp -s0 ../axioms/bec_scasp-pca_pump-small_wcan.pl ./model.pl -v6 --timeout=3000


% QUERY:?- happens(turn_light_off,T).

--------------------- Calling:  builtin(!spy) -------------
    happens(turn_light_off,_39063)
        builtin(!spy)

--------------------- Calling:  builtin(!spy) -------------
    happens(turn_light_off, {_39858~[_39858 > 10, _39858 =< 100]} )
        builtin(!spy)
        holdsAt(light_on, {_39858~[_39858 > 10, _39858 =< 100]} )
            10.<. {_39858~[_39858 > 10, _39858 =< 100]} 
            max_time(100)
             {_39858~[_39858 > 10, _39858 =< 100]} .=<.100
            can_initiates(turn_light_on,light_on)
            happens(turn_light_on,10)
            initiates(turn_light_on,light_on,10)
            not_stoppedIn(10,light_on, {_39858~[_39858 > 10, _39858 =< 100]} )
                10.=<. {_39858~[_39858 > 10, _39858 =< 100]} 
                findall(_40819,can_terminates(_40819,light_on),[turn_light_off])
                    can_terminates(turn_light_off,light_on)
                not_terminated(light_on,[turn_light_off],10, {_39858~[_39858 > 10, _39858 =< 100]} )
                    term(turn_light_off,light_on, {_41472~[_41472 > 10, _41472 < 100]} ,10, {_39858~[_39858 > 10, _39858 =< 100]} )
                        proved(can_terminates(turn_light_off,light_on))
                         {_41472~[_41472 > 10, _41472 < 100]} .>.10
                         {_41472~[_41472 > 10, _41472 < 100]} .<. {_39858~[_39858 > 10, _39858 =< 100]} 
                        happens(turn_light_off, {_41472~[_41472 > 10, _41472 < 100]} )
                            builtin(!spy)

--------------------- Calling:  builtin(!spy) -------------
    happens(turn_light_off, {_39858~[_39858 > 10, _39858 =< 100]} )
        builtin(!spy)
        holdsAt(light_on, {_39858~[_39858 > 10, _39858 =< 100]} )
            10.<. {_39858~[_39858 > 10, _39858 =< 100]} 
            max_time(100)
             {_39858~[_39858 > 10, _39858 =< 100]} .=<.100
            can_initiates(turn_light_on,light_on)
            happens(turn_light_on,10)
            initiates(turn_light_on,light_on,10)
            not_stoppedIn(10,light_on, {_39858~[_39858 > 10, _39858 =< 100]} )
                10.=<. {_39858~[_39858 > 10, _39858 =< 100]} 
                findall(_40819,can_terminates(_40819,light_on),[turn_light_off])
                    can_terminates(turn_light_off,light_on)
                not_terminated(light_on,[turn_light_off],10, {_39858~[_39858 > 10, _39858 =< 100]} )
                    term(turn_light_off,light_on, {_41472~[_41472 > 10, _41472 < 100]} ,10, {_39858~[_39858 > 10, _39858 =< 100]} )
                        proved(can_terminates(turn_light_off,light_on))
                         {_41472~[_41472 > 10, _41472 < 100]} .>.10
                         {_41472~[_41472 > 10, _41472 < 100]} .<. {_39858~[_39858 > 10, _39858 =< 100]} 
                        happens(turn_light_off, {_41472~[_41472 > 10, _41472 < 100]} )
                            builtin(!spy)
                            holdsAt(light_on, {_41472~[_41472 > 10, _41472 < 100]} )
                                10.<. {_41472~[_41472 > 10, _41472 < 100]} 
                                max_time(100)
                                 {_41472~[_41472 > 10, _41472 < 100]} .=<.100
                                can_initiates(turn_light_on,light_on)
                                happens(turn_light_on,10)
                                proved(initiates(turn_light_on,light_on,10))
                                not_stoppedIn(10,light_on, {_41472~[_41472 > 10, _41472 < 100]} )
                                    10.=<. {_41472~[_41472 > 10, _41472 < 100]} 
                                    findall(_43631,can_terminates(_43631,light_on),[turn_light_off])
                                        can_terminates(turn_light_off,light_on)
                                    not_terminated(light_on,[turn_light_off],10, {_41472~[_41472 > 10, _41472 < 100]} )
                                        term(turn_light_off,light_on, {_44284~[_44284 > 10, _44284 < 100]} ,10, {_41472~[_41472 > 10, _41472 < 100]} )
                                            proved(can_terminates(turn_light_off,light_on))
                                             {_44284~[_44284 > 10, _44284 < 100]} .>.10
                                             {_44284~[_44284 > 10, _44284 < 100]} .<. {_41472~[_41472 > 10, _41472 < 100]} 
                                            happens(turn_light_off, {_44284~[_44284 > 10, _44284 < 100]} )
                                                builtin(!spy)

--------------------- Calling:  builtin(!spy) -------------
    happens(turn_light_off, {_39858~[_39858 > 10, _39858 =< 100]} )
        builtin(!spy)
        holdsAt(light_on, {_39858~[_39858 > 10, _39858 =< 100]} )
            10.<. {_39858~[_39858 > 10, _39858 =< 100]} 
            max_time(100)
             {_39858~[_39858 > 10, _39858 =< 100]} .=<.100
            can_initiates(turn_light_on,light_on)
            happens(turn_light_on,10)
            initiates(turn_light_on,light_on,10)
            not_stoppedIn(10,light_on, {_39858~[_39858 > 10, _39858 =< 100]} )
                10.=<. {_39858~[_39858 > 10, _39858 =< 100]} 
                findall(_40819,can_terminates(_40819,light_on),[turn_light_off])
                    can_terminates(turn_light_off,light_on)
                not_terminated(light_on,[turn_light_off],10, {_39858~[_39858 > 10, _39858 =< 100]} )
                    term(turn_light_off,light_on, {_41472~[_41472 > 10, _41472 < 100]} ,10, {_39858~[_39858 > 10, _39858 =< 100]} )
                        proved(can_terminates(turn_light_off,light_on))
                         {_41472~[_41472 > 10, _41472 < 100]} .>.10
                         {_41472~[_41472 > 10, _41472 < 100]} .<. {_39858~[_39858 > 10, _39858 =< 100]} 
                        happens(turn_light_off, {_41472~[_41472 > 10, _41472 < 100]} )
                            builtin(!spy)
                            holdsAt(light_on, {_41472~[_41472 > 10, _41472 < 100]} )
                                10.<. {_41472~[_41472 > 10, _41472 < 100]} 
                                max_time(100)
                                 {_41472~[_41472 > 10, _41472 < 100]} .=<.100
                                can_initiates(turn_light_on,light_on)
                                happens(turn_light_on,10)
                                proved(initiates(turn_light_on,light_on,10))
                                not_stoppedIn(10,light_on, {_41472~[_41472 > 10, _41472 < 100]} )
                                    10.=<. {_41472~[_41472 > 10, _41472 < 100]} 
                                    findall(_43631,can_terminates(_43631,light_on),[turn_light_off])
                                        can_terminates(turn_light_off,light_on)
                                    not_terminated(light_on,[turn_light_off],10, {_41472~[_41472 > 10, _41472 < 100]} )
                                        term(turn_light_off,light_on, {_44284~[_44284 > 10, _44284 < 100]} ,10, {_41472~[_41472 > 10, _41472 < 100]} )
                                            proved(can_terminates(turn_light_off,light_on))
                                             {_44284~[_44284 > 10, _44284 < 100]} .>.10
                                             {_44284~[_44284 > 10, _44284 < 100]} .<. {_41472~[_41472 > 10, _41472 < 100]} 
                                            happens(turn_light_off, {_44284~[_44284 > 10, _44284 < 100]} )
                                                builtin(!spy)
                                                holdsAt(light_on, {_44284~[_44284 > 10, _44284 < 100]} )
                                                    10.<. {_44284~[_44284 > 10, _44284 < 100]} 
                                                    max_time(100)
                                                     {_44284~[_44284 > 10, _44284 < 100]} .=<.100
                                                    can_initiates(turn_light_on,light_on)
                                                    happens(turn_light_on,10)
                                                    proved(initiates(turn_light_on,light_on,10))
                                                    not_stoppedIn(10,light_on, {_44284~[_44284 > 10, _44284 < 100]} )
                                                        10.=<. {_44284~[_44284 > 10, _44284 < 100]} 
                                                        findall(_47508,can_terminates(_47508,light_on),[turn_light_off])
                                                            can_terminates(turn_light_off,light_on)
                                                        not_terminated(light_on,[turn_light_off],10, {_44284~[_44284 > 10, _44284 < 100]} )
                                                            term(turn_light_off,light_on, {_48546~[_48546 > 10, _48546 < 100]} ,10, {_44284~[_44284 > 10, _44284 < 100]} )
                                                                proved(can_terminates(turn_light_off,light_on))
                                                                 {_48546~[_48546 > 10, _48546 < 100]} .>.10
                                                                 {_48546~[_48546 > 10, _48546 < 100]} .<. {_44284~[_44284 > 10, _44284 < 100]} 
                                                                happens(turn_light_off, {_48546~[_48546 > 10, _48546 < 100]} )
                                                                    builtin(!spy)

--------------------- Calling:  builtin(!spy) -------------
    happens(turn_light_off, {_39858~[_39858 > 10, _39858 =< 100]} )
        builtin(!spy)
        holdsAt(light_on, {_39858~[_39858 > 10, _39858 =< 100]} )
            10.<. {_39858~[_39858 > 10, _39858 =< 100]} 
            max_time(100)
             {_39858~[_39858 > 10, _39858 =< 100]} .=<.100
            can_initiates(turn_light_on,light_on)
            happens(turn_light_on,10)
            initiates(turn_light_on,light_on,10)
            not_stoppedIn(10,light_on, {_39858~[_39858 > 10, _39858 =< 100]} )
                10.=<. {_39858~[_39858 > 10, _39858 =< 100]} 
                findall(_40819,can_terminates(_40819,light_on),[turn_light_off])
                    can_terminates(turn_light_off,light_on)
                not_terminated(light_on,[turn_light_off],10, {_39858~[_39858 > 10, _39858 =< 100]} )
                    term(turn_light_off,light_on, {_41472~[_41472 > 10, _41472 < 100]} ,10, {_39858~[_39858 > 10, _39858 =< 100]} )
                        proved(can_terminates(turn_light_off,light_on))
                         {_41472~[_41472 > 10, _41472 < 100]} .>.10
                         {_41472~[_41472 > 10, _41472 < 100]} .<. {_39858~[_39858 > 10, _39858 =< 100]} 
                        happens(turn_light_off, {_41472~[_41472 > 10, _41472 < 100]} )
                            builtin(!spy)
                            holdsAt(light_on, {_41472~[_41472 > 10, _41472 < 100]} )
                                10.<. {_41472~[_41472 > 10, _41472 < 100]} 
                                max_time(100)
                                 {_41472~[_41472 > 10, _41472 < 100]} .=<.100
                                can_initiates(turn_light_on,light_on)
                                happens(turn_light_on,10)
                                proved(initiates(turn_light_on,light_on,10))
                                not_stoppedIn(10,light_on, {_41472~[_41472 > 10, _41472 < 100]} )
                                    10.=<. {_41472~[_41472 > 10, _41472 < 100]} 
                                    findall(_43631,can_terminates(_43631,light_on),[turn_light_off])
                                        can_terminates(turn_light_off,light_on)
                                    not_terminated(light_on,[turn_light_off],10, {_41472~[_41472 > 10, _41472 < 100]} )
                                        term(turn_light_off,light_on, {_44284~[_44284 > 10, _44284 < 100]} ,10, {_41472~[_41472 > 10, _41472 < 100]} )
                                            proved(can_terminates(turn_light_off,light_on))
                                             {_44284~[_44284 > 10, _44284 < 100]} .>.10
                                             {_44284~[_44284 > 10, _44284 < 100]} .<. {_41472~[_41472 > 10, _41472 < 100]} 
                                            happens(turn_light_off, {_44284~[_44284 > 10, _44284 < 100]} )
                                                builtin(!spy)
                                                holdsAt(light_on, {_44284~[_44284 > 10, _44284 < 100]} )
                                                    10.<. {_44284~[_44284 > 10, _44284 < 100]} 
                                                    max_time(100)
                                                     {_44284~[_44284 > 10, _44284 < 100]} .=<.100
                                                    can_initiates(turn_light_on,light_on)
                                                    happens(turn_light_on,10)
                                                    proved(initiates(turn_light_on,light_on,10))
                                                    not_stoppedIn(10,light_on, {_44284~[_44284 > 10, _44284 < 100]} )
                                                        10.=<. {_44284~[_44284 > 10, _44284 < 100]} 
                                                        findall(_47508,can_terminates(_47508,light_on),[turn_light_off])
                                                            can_terminates(turn_light_off,light_on)
                                                        not_terminated(light_on,[turn_light_off],10, {_44284~[_44284 > 10, _44284 < 100]} )
                                                            term(turn_light_off,light_on, {_48546~[_48546 > 10, _48546 < 100]} ,10, {_44284~[_44284 > 10, _44284 < 100]} )
                                                                proved(can_terminates(turn_light_off,light_on))
                                                                 {_48546~[_48546 > 10, _48546 < 100]} .>.10
                                                                 {_48546~[_48546 > 10, _48546 < 100]} .<. {_44284~[_44284 > 10, _44284 < 100]} 
                                                                happens(turn_light_off, {_48546~[_48546 > 10, _48546 < 100]} )
                                                                    builtin(!spy)
                                                                    holdsAt(light_on, {_48546~[_48546 > 10, _48546 < 100]} )
                                                                        10.<. {_48546~[_48546 > 10, _48546 < 100]} 
                                                                        max_time(100)
                                                                         {_48546~[_48546 > 10, _48546 < 100]} .=<.100
                                                                        can_initiates(turn_light_on,light_on)
                                                                        happens(turn_light_on,10)
                                                                        proved(initiates(turn_light_on,light_on,10))
                                                                        not_stoppedIn(10,light_on, {_48546~[_48546 > 10, _48546 < 100]} )
                                                                            10.=<. {_48546~[_48546 > 10, _48546 < 100]} 
                                                                            findall(_52561,can_terminates(_52561,light_on),[turn_light_off])
                                                                                can_terminates(turn_light_off,light_on)
                                                                            not_terminated(light_on,[turn_light_off],10, {_48546~[_48546 > 10, _48546 < 100]} )
                                                                                term(turn_light_off,light_on, {_53764~[_53764 > 10, _53764 < 100]} ,10, {_48546~[_48546 > 10, _48546 < 100]} )
                                                                                    proved(can_terminates(turn_light_off,light_on))
                                                                                     {_53764~[_53764 > 10, _53764 < 100]} .>.10
                                                                                     {_53764~[_53764 > 10, _53764 < 100]} .<. {_48546~[_48546 > 10, _48546 < 100]} 
                                                                                    happens(turn_light_off, {_53764~[_53764 > 10, _53764 < 100]} )
                                                                                        builtin(!spy)

--------------------- Calling:  builtin(!spy) -------------
    happens(turn_light_off, {_39858~[_39858 > 10, _39858 =< 100]} )
        builtin(!spy)
        holdsAt(light_on, {_39858~[_39858 > 10, _39858 =< 100]} )
            10.<. {_39858~[_39858 > 10, _39858 =< 100]} 
            max_time(100)
             {_39858~[_39858 > 10, _39858 =< 100]} .=<.100
            can_initiates(turn_light_on,light_on)
            happens(turn_light_on,10)
            initiates(turn_light_on,light_on,10)
            not_stoppedIn(10,light_on, {_39858~[_39858 > 10, _39858 =< 100]} )
                10.=<. {_39858~[_39858 > 10, _39858 =< 100]} 
                findall(_40819,can_terminates(_40819,light_on),[turn_light_off])
                    can_terminates(turn_light_off,light_on)
                not_terminated(light_on,[turn_light_off],10, {_39858~[_39858 > 10, _39858 =< 100]} )
                    term(turn_light_off,light_on, {_41472~[_41472 > 10, _41472 < 100]} ,10, {_39858~[_39858 > 10, _39858 =< 100]} )
                        proved(can_terminates(turn_light_off,light_on))
                         {_41472~[_41472 > 10, _41472 < 100]} .>.10
                         {_41472~[_41472 > 10, _41472 < 100]} .<. {_39858~[_39858 > 10, _39858 =< 100]} 
                        happens(turn_light_off, {_41472~[_41472 > 10, _41472 < 100]} )
                            builtin(!spy)
                            holdsAt(light_on, {_41472~[_41472 > 10, _41472 < 100]} )
                                10.<. {_41472~[_41472 > 10, _41472 < 100]} 
                                max_time(100)
                                 {_41472~[_41472 > 10, _41472 < 100]} .=<.100
                                can_initiates(turn_light_on,light_on)
                                happens(turn_light_on,10)
                                proved(initiates(turn_light_on,light_on,10))
                                not_stoppedIn(10,light_on, {_41472~[_41472 > 10, _41472 < 100]} )
                                    10.=<. {_41472~[_41472 > 10, _41472 < 100]} 
                                    findall(_43631,can_terminates(_43631,light_on),[turn_light_off])
                                        can_terminates(turn_light_off,light_on)
                                    not_terminated(light_on,[turn_light_off],10, {_41472~[_41472 > 10, _41472 < 100]} )
                                        term(turn_light_off,light_on, {_44284~[_44284 > 10, _44284 < 100]} ,10, {_41472~[_41472 > 10, _41472 < 100]} )
                                            proved(can_terminates(turn_light_off,light_on))
                                             {_44284~[_44284 > 10, _44284 < 100]} .>.10
                                             {_44284~[_44284 > 10, _44284 < 100]} .<. {_41472~[_41472 > 10, _41472 < 100]} 
                                            happens(turn_light_off, {_44284~[_44284 > 10, _44284 < 100]} )
                                                builtin(!spy)
                                                holdsAt(light_on, {_44284~[_44284 > 10, _44284 < 100]} )
                                                    10.<. {_44284~[_44284 > 10, _44284 < 100]} 
                                                    max_time(100)
                                                     {_44284~[_44284 > 10, _44284 < 100]} .=<.100
                                                    can_initiates(turn_light_on,light_on)
                                                    happens(turn_light_on,10)
                                                    proved(initiates(turn_light_on,light_on,10))
                                                    not_stoppedIn(10,light_on, {_44284~[_44284 > 10, _44284 < 100]} )
                                                        10.=<. {_44284~[_44284 > 10, _44284 < 100]} 
                                                        findall(_47508,can_terminates(_47508,light_on),[turn_light_off])
                                                            can_terminates(turn_light_off,light_on)
                                                        not_terminated(light_on,[turn_light_off],10, {_44284~[_44284 > 10, _44284 < 100]} )
                                                            term(turn_light_off,light_on, {_48546~[_48546 > 10, _48546 < 100]} ,10, {_44284~[_44284 > 10, _44284 < 100]} )
                                                                proved(can_terminates(turn_light_off,light_on))
                                                                 {_48546~[_48546 > 10, _48546 < 100]} .>.10
                                                                 {_48546~[_48546 > 10, _48546 < 100]} .<. {_44284~[_44284 > 10, _44284 < 100]} 
                                                                happens(turn_light_off, {_48546~[_48546 > 10, _48546 < 100]} )
                                                                    builtin(!spy)
                                                                    holdsAt(light_on, {_48546~[_48546 > 10, _48546 < 100]} )
                                                                        10.<. {_48546~[_48546 > 10, _48546 < 100]} 
                                                                        max_time(100)
                                                                         {_48546~[_48546 > 10, _48546 < 100]} .=<.100
                                                                        can_initiates(turn_light_on,light_on)
                                                                        happens(turn_light_on,10)
                                                                        proved(initiates(turn_light_on,light_on,10))
                                                                        not_stoppedIn(10,light_on, {_48546~[_48546 > 10, _48546 < 100]} )
                                                                            10.=<. {_48546~[_48546 > 10, _48546 < 100]} 
                                                                            findall(_52561,can_terminates(_52561,light_on),[turn_light_off])
                                                                                can_terminates(turn_light_off,light_on)
                                                                            not_terminated(light_on,[turn_light_off],10, {_48546~[_48546 > 10, _48546 < 100]} )
                                                                                term(turn_light_off,light_on, {_53764~[_53764 > 10, _53764 < 100]} ,10, {_48546~[_48546 > 10, _48546 < 100]} )
                                                                                    proved(can_terminates(turn_light_off,light_on))
                                                                                     {_53764~[_53764 > 10, _53764 < 100]} .>.10
                                                                                     {_53764~[_53764 > 10, _53764 < 100]} .<. {_48546~[_48546 > 10, _48546 < 100]} 
                                                                                    happens(turn_light_off, {_53764~[_53764 > 10, _53764 < 100]} )
                                                                                        builtin(!spy)
                                                                                        holdsAt(light_on, {_53764~[_53764 > 10, _53764 < 100]} )
                                                                                            10.<. {_53764~[_53764 > 10, _53764 < 100]} 
                                                                                            max_time(100)
                                                                                             {_53764~[_53764 > 10, _53764 < 100]} .=<.100
                                                                                            can_initiates(turn_light_on,light_on)
                                                                                            happens(turn_light_on,10)
                                                                                            proved(initiates(turn_light_on,light_on,10))
                                                                                            not_stoppedIn(10,light_on, {_53764~[_53764 > 10, _53764 < 100]} )
                                                                                                10.=<. {_53764~[_53764 > 10, _53764 < 100]} 
                                                                                                findall(_58570,can_terminates(_58570,light_on),[turn_light_off])
                                                                                                    can_terminates(turn_light_off,light_on)
                                                                                                not_terminated(light_on,[turn_light_off],10, {_53764~[_53764 > 10, _53764 < 100]} )
                                                                                                    term(turn_light_off,light_on, {_59938~[_59938 > 10, _59938 < 100]} ,10, {_53764~[_53764 > 10, _53764 < 100]} )
                                                                                                        proved(can_terminates(turn_light_off,light_on))
                                                                                                         {_59938~[_59938 > 10, _59938 < 100]} .>.10
                                                                                                         {_59938~[_59938 > 10, _59938 < 100]} .<. {_53764~[_53764 > 10, _53764 < 100]} 
                                                                                                        happens(turn_light_off, {_59938~[_59938 > 10, _59938 < 100]} )
                                                                                                            builtin(!spy)

--------------------- Calling:  builtin(!spy) -------------
    happens(turn_light_off, {_39858~[_39858 > 10, _39858 =< 100]} )
        builtin(!spy)
        holdsAt(light_on, {_39858~[_39858 > 10, _39858 =< 100]} )
            10.<. {_39858~[_39858 > 10, _39858 =< 100]} 
            max_time(100)
             {_39858~[_39858 > 10, _39858 =< 100]} .=<.100
            can_initiates(turn_light_on,light_on)
            happens(turn_light_on,10)
            initiates(turn_light_on,light_on,10)
            not_stoppedIn(10,light_on, {_39858~[_39858 > 10, _39858 =< 100]} )
                10.=<. {_39858~[_39858 > 10, _39858 =< 100]} 
                findall(_40819,can_terminates(_40819,light_on),[turn_light_off])
                    can_terminates(turn_light_off,light_on)
                not_terminated(light_on,[turn_light_off],10, {_39858~[_39858 > 10, _39858 =< 100]} )
                    term(turn_light_off,light_on, {_41472~[_41472 > 10, _41472 < 100]} ,10, {_39858~[_39858 > 10, _39858 =< 100]} )
                        proved(can_terminates(turn_light_off,light_on))
                         {_41472~[_41472 > 10, _41472 < 100]} .>.10
                         {_41472~[_41472 > 10, _41472 < 100]} .<. {_39858~[_39858 > 10, _39858 =< 100]} 
                        happens(turn_light_off, {_41472~[_41472 > 10, _41472 < 100]} )
                            builtin(!spy)
                            holdsAt(light_on, {_41472~[_41472 > 10, _41472 < 100]} )
                                10.<. {_41472~[_41472 > 10, _41472 < 100]} 
                                max_time(100)
                                 {_41472~[_41472 > 10, _41472 < 100]} .=<.100
                                can_initiates(turn_light_on,light_on)
                                happens(turn_light_on,10)
                                proved(initiates(turn_light_on,light_on,10))
                                not_stoppedIn(10,light_on, {_41472~[_41472 > 10, _41472 < 100]} )
                                    10.=<. {_41472~[_41472 > 10, _41472 < 100]} 
                                    findall(_43631,can_terminates(_43631,light_on),[turn_light_off])
                                        can_terminates(turn_light_off,light_on)
                                    not_terminated(light_on,[turn_light_off],10, {_41472~[_41472 > 10, _41472 < 100]} )
                                        term(turn_light_off,light_on, {_44284~[_44284 > 10, _44284 < 100]} ,10, {_41472~[_41472 > 10, _41472 < 100]} )
                                            proved(can_terminates(turn_light_off,light_on))
                                             {_44284~[_44284 > 10, _44284 < 100]} .>.10
                                             {_44284~[_44284 > 10, _44284 < 100]} .<. {_41472~[_41472 > 10, _41472 < 100]} 
                                            happens(turn_light_off, {_44284~[_44284 > 10, _44284 < 100]} )
                                                builtin(!spy)
                                                holdsAt(light_on, {_44284~[_44284 > 10, _44284 < 100]} )
                                                    10.<. {_44284~[_44284 > 10, _44284 < 100]} 
                                                    max_time(100)
                                                     {_44284~[_44284 > 10, _44284 < 100]} .=<.100
                                                    can_initiates(turn_light_on,light_on)
                                                    happens(turn_light_on,10)
                                                    proved(initiates(turn_light_on,light_on,10))
                                                    not_stoppedIn(10,light_on, {_44284~[_44284 > 10, _44284 < 100]} )
                                                        10.=<. {_44284~[_44284 > 10, _44284 < 100]} 
                                                        findall(_47508,can_terminates(_47508,light_on),[turn_light_off])
                                                            can_terminates(turn_light_off,light_on)
                                                        not_terminated(light_on,[turn_light_off],10, {_44284~[_44284 > 10, _44284 < 100]} )
                                                            term(turn_light_off,light_on, {_48546~[_48546 > 10, _48546 < 100]} ,10, {_44284~[_44284 > 10, _44284 < 100]} )
                                                                proved(can_terminates(turn_light_off,light_on))
                                                                 {_48546~[_48546 > 10, _48546 < 100]} .>.10
                                                                 {_48546~[_48546 > 10, _48546 < 100]} .<. {_44284~[_44284 > 10, _44284 < 100]} 
                                                                happens(turn_light_off, {_48546~[_48546 > 10, _48546 < 100]} )
                                                                    builtin(!spy)
                                                                    holdsAt(light_on, {_48546~[_48546 > 10, _48546 < 100]} )
                                                                        10.<. {_48546~[_48546 > 10, _48546 < 100]} 
                                                                        max_time(100)
                                                                         {_48546~[_48546 > 10, _48546 < 100]} .=<.100
                                                                        can_initiates(turn_light_on,light_on)
                                                                        happens(turn_light_on,10)
                                                                        proved(initiates(turn_light_on,light_on,10))
                                                                        not_stoppedIn(10,light_on, {_48546~[_48546 > 10, _48546 < 100]} )
                                                                            10.=<. {_48546~[_48546 > 10, _48546 < 100]} 
                                                                            findall(_52561,can_terminates(_52561,light_on),[turn_light_off])
                                                                                can_terminates(turn_light_off,light_on)
                                                                            not_terminated(light_on,[turn_light_off],10, {_48546~[_48546 > 10, _48546 < 100]} )
                                                                                term(turn_light_off,light_on, {_53764~[_53764 > 10, _53764 < 100]} ,10, {_48546~[_48546 > 10, _48546 < 100]} )
                                                                                    proved(can_terminates(turn_light_off,light_on))
                                                                                     {_53764~[_53764 > 10, _53764 < 100]} .>.10
                                                                                     {_53764~[_53764 > 10, _53764 < 100]} .<. {_48546~[_48546 > 10, _48546 < 100]} 
                                                                                    happens(turn_light_off, {_53764~[_53764 > 10, _53764 < 100]} )
                                                                                        builtin(!spy)
                                                                                        holdsAt(light_on, {_53764~[_53764 > 10, _53764 < 100]} )
                                                                                            10.<. {_53764~[_53764 > 10, _53764 < 100]} 
                                                                                            max_time(100)
                                                                                             {_53764~[_53764 > 10, _53764 < 100]} .=<.100
                                                                                            can_initiates(turn_light_on,light_on)
                                                                                            happens(turn_light_on,10)
                                                                                            proved(initiates(turn_light_on,light_on,10))
                                                                                            not_stoppedIn(10,light_on, {_53764~[_53764 > 10, _53764 < 100]} )
                                                                                                10.=<. {_53764~[_53764 > 10, _53764 < 100]} 
                                                                                                findall(_58570,can_terminates(_58570,light_on),[turn_light_off])
                                                                                                    can_terminates(turn_light_off,light_on)
                                                                                                not_terminated(light_on,[turn_light_off],10, {_53764~[_53764 > 10, _53764 < 100]} )
                                                                                                    term(turn_light_off,light_on, {_59938~[_59938 > 10, _59938 < 100]} ,10, {_53764~[_53764 > 10, _53764 < 100]} )
                                                                                                        proved(can_terminates(turn_light_off,light_on))
                                                                                                         {_59938~[_59938 > 10, _59938 < 100]} .>.10
                                                                                                         {_59938~[_59938 > 10, _59938 < 100]} .<. {_53764~[_53764 > 10, _53764 < 100]} 
                                                                                                        happens(turn_light_off, {_59938~[_59938 > 10, _59938 < 100]} )
                                                                                                            builtin(!spy)
                                                                                                            holdsAt(light_on, {_59938~[_59938 > 10, _59938 < 100]} )
                                                                                                                10.<. {_59938~[_59938 > 10, _59938 < 100]} 
                                                                                                                max_time(100)
                                                                                                                 {_59938~[_59938 > 10, _59938 < 100]} .=<.100
                                                                                                                can_initiates(turn_light_on,light_on)
                                                                                                                happens(turn_light_on,10)
                                                                                                                proved(initiates(turn_light_on,light_on,10))
                                                                                                                not_stoppedIn(10,light_on, {_59938~[_59938 > 10, _59938 < 100]} )
                                                                                                                    10.=<. {_59938~[_59938 > 10, _59938 < 100]} 
                                                                                                                    findall(_65535,can_terminates(_65535,light_on),[turn_light_off])
                                                                                                                        can_terminates(turn_light_off,light_on)
                                                                                                                    not_terminated(light_on,[turn_light_off],10, {_59938~[_59938 > 10, _59938 < 100]} )
                                                                                                                        term(turn_light_off,light_on, {_67068~[_67068 > 10, _67068 < 100]} ,10, {_59938~[_59938 > 10, _59938 < 100]} )
                                                                                                                            proved(can_terminates(turn_light_off,light_on))
                                                                                                                             {_67068~[_67068 > 10, _67068 < 100]} .>.10
                                                                                                                             {_67068~[_67068 > 10, _67068 < 100]} .<. {_59938~[_59938 > 10, _59938 < 100]} 
                                                                                                                            happens(turn_light_off, {_67068~[_67068 > 10, _67068 < 100]} )
                                                                                                                                builtin(!spy)

--------------------- Calling:  builtin(!spy) -------------
    happens(turn_light_off, {_39858~[_39858 > 10, _39858 =< 100]} )
        builtin(!spy)
        holdsAt(light_on, {_39858~[_39858 > 10, _39858 =< 100]} )
            10.<. {_39858~[_39858 > 10, _39858 =< 100]} 
            max_time(100)
             {_39858~[_39858 > 10, _39858 =< 100]} .=<.100
            can_initiates(turn_light_on,light_on)
            happens(turn_light_on,10)
            initiates(turn_light_on,light_on,10)
            not_stoppedIn(10,light_on, {_39858~[_39858 > 10, _39858 =< 100]} )
                10.=<. {_39858~[_39858 > 10, _39858 =< 100]} 
                findall(_40819,can_terminates(_40819,light_on),[turn_light_off])
                    can_terminates(turn_light_off,light_on)
                not_terminated(light_on,[turn_light_off],10, {_39858~[_39858 > 10, _39858 =< 100]} )
                    term(turn_light_off,light_on, {_41472~[_41472 > 10, _41472 < 100]} ,10, {_39858~[_39858 > 10, _39858 =< 100]} )
                        proved(can_terminates(turn_light_off,light_on))
                         {_41472~[_41472 > 10, _41472 < 100]} .>.10
                         {_41472~[_41472 > 10, _41472 < 100]} .<. {_39858~[_39858 > 10, _39858 =< 100]} 
                        happens(turn_light_off, {_41472~[_41472 > 10, _41472 < 100]} )
                            builtin(!spy)
                            holdsAt(light_on, {_41472~[_41472 > 10, _41472 < 100]} )
                                10.<. {_41472~[_41472 > 10, _41472 < 100]} 
                                max_time(100)
                                 {_41472~[_41472 > 10, _41472 < 100]} .=<.100
                                can_initiates(turn_light_on,light_on)
                                happens(turn_light_on,10)
                                proved(initiates(turn_light_on,light_on,10))
                                not_stoppedIn(10,light_on, {_41472~[_41472 > 10, _41472 < 100]} )
                                    10.=<. {_41472~[_41472 > 10, _41472 < 100]} 
                                    findall(_43631,can_terminates(_43631,light_on),[turn_light_off])
                                        can_terminates(turn_light_off,light_on)
                                    not_terminated(light_on,[turn_light_off],10, {_41472~[_41472 > 10, _41472 < 100]} )
                                        term(turn_light_off,light_on, {_44284~[_44284 > 10, _44284 < 100]} ,10, {_41472~[_41472 > 10, _41472 < 100]} )
                                            proved(can_terminates(turn_light_off,light_on))
                                             {_44284~[_44284 > 10, _44284 < 100]} .>.10
                                             {_44284~[_44284 > 10, _44284 < 100]} .<. {_41472~[_41472 > 10, _41472 < 100]} 
                                            happens(turn_light_off, {_44284~[_44284 > 10, _44284 < 100]} )
                                                builtin(!spy)
                                                holdsAt(light_on, {_44284~[_44284 > 10, _44284 < 100]} )
                                                    10.<. {_44284~[_44284 > 10, _44284 < 100]} 
                                                    max_time(100)
                                                     {_44284~[_44284 > 10, _44284 < 100]} .=<.100
                                                    can_initiates(turn_light_on,light_on)
                                                    happens(turn_light_on,10)
                                                    proved(initiates(turn_light_on,light_on,10))
                                                    not_stoppedIn(10,light_on, {_44284~[_44284 > 10, _44284 < 100]} )
                                                        10.=<. {_44284~[_44284 > 10, _44284 < 100]} 
                                                        findall(_47508,can_terminates(_47508,light_on),[turn_light_off])
                                                            can_terminates(turn_light_off,light_on)
                                                        not_terminated(light_on,[turn_light_off],10, {_44284~[_44284 > 10, _44284 < 100]} )
                                                            term(turn_light_off,light_on, {_48546~[_48546 > 10, _48546 < 100]} ,10, {_44284~[_44284 > 10, _44284 < 100]} )
                                                                proved(can_terminates(turn_light_off,light_on))
                                                                 {_48546~[_48546 > 10, _48546 < 100]} .>.10
                                                                 {_48546~[_48546 > 10, _48546 < 100]} .<. {_44284~[_44284 > 10, _44284 < 100]} 
                                                                happens(turn_light_off, {_48546~[_48546 > 10, _48546 < 100]} )
                                                                    builtin(!spy)
                                                                    holdsAt(light_on, {_48546~[_48546 > 10, _48546 < 100]} )
                                                                        10.<. {_48546~[_48546 > 10, _48546 < 100]} 
                                                                        max_time(100)
                                                                         {_48546~[_48546 > 10, _48546 < 100]} .=<.100
                                                                        can_initiates(turn_light_on,light_on)
                                                                        happens(turn_light_on,10)
                                                                        proved(initiates(turn_light_on,light_on,10))
                                                                        not_stoppedIn(10,light_on, {_48546~[_48546 > 10, _48546 < 100]} )
                                                                            10.=<. {_48546~[_48546 > 10, _48546 < 100]} 
                                                                            findall(_52561,can_terminates(_52561,light_on),[turn_light_off])
                                                                                can_terminates(turn_light_off,light_on)
                                                                            not_terminated(light_on,[turn_light_off],10, {_48546~[_48546 > 10, _48546 < 100]} )
                                                                                term(turn_light_off,light_on, {_53764~[_53764 > 10, _53764 < 100]} ,10, {_48546~[_48546 > 10, _48546 < 100]} )
                                                                                    proved(can_terminates(turn_light_off,light_on))
                                                                                     {_53764~[_53764 > 10, _53764 < 100]} .>.10
                                                                                     {_53764~[_53764 > 10, _53764 < 100]} .<. {_48546~[_48546 > 10, _48546 < 100]} 
                                                                                    happens(turn_light_off, {_53764~[_53764 > 10, _53764 < 100]} )
                                                                                        builtin(!spy)
                                                                                        holdsAt(light_on, {_53764~[_53764 > 10, _53764 < 100]} )
                                                                                            10.<. {_53764~[_53764 > 10, _53764 < 100]} 
                                                                                            max_time(100)
                                                                                             {_53764~[_53764 > 10, _53764 < 100]} .=<.100
                                                                                            can_initiates(turn_light_on,light_on)
                                                                                            happens(turn_light_on,10)
                                                                                            proved(initiates(turn_light_on,light_on,10))
                                                                                            not_stoppedIn(10,light_on, {_53764~[_53764 > 10, _53764 < 100]} )
                                                                                                10.=<. {_53764~[_53764 > 10, _53764 < 100]} 
                                                                                                findall(_58570,can_terminates(_58570,light_on),[turn_light_off])
                                                                                                    can_terminates(turn_light_off,light_on)
                                                                                                not_terminated(light_on,[turn_light_off],10, {_53764~[_53764 > 10, _53764 < 100]} )
                                                                                                    term(turn_light_off,light_on, {_59938~[_59938 > 10, _59938 < 100]} ,10, {_53764~[_53764 > 10, _53764 < 100]} )
                                                                                                        proved(can_terminates(turn_light_off,light_on))
                                                                                                         {_59938~[_59938 > 10, _59938 < 100]} .>.10
                                                                                                         {_59938~[_59938 > 10, _59938 < 100]} .<. {_53764~[_53764 > 10, _53764 < 100]} 
                                                                                                        happens(turn_light_off, {_59938~[_59938 > 10, _59938 < 100]} )
                                                                                                            builtin(!spy)
                                                                                                            holdsAt(light_on, {_59938~[_59938 > 10, _59938 < 100]} )
                                                                                                                10.<. {_59938~[_59938 > 10, _59938 < 100]} 
                                                                                                                max_time(100)
                                                                                                                 {_59938~[_59938 > 10, _59938 < 100]} .=<.100
                                                                                                                can_initiates(turn_light_on,light_on)
                                                                                                                happens(turn_light_on,10)
                                                                                                                proved(initiates(turn_light_on,light_on,10))
                                                                                                                not_stoppedIn(10,light_on, {_59938~[_59938 > 10, _59938 < 100]} )
                                                                                                                    10.=<. {_59938~[_59938 > 10, _59938 < 100]} 
                                                                                                                    findall(_65535,can_terminates(_65535,light_on),[turn_light_off])
                                                                                                                        can_terminates(turn_light_off,light_on)
                                                                                                                    not_terminated(light_on,[turn_light_off],10, {_59938~[_59938 > 10, _59938 < 100]} )
                                                                                                                        term(turn_light_off,light_on, {_67068~[_67068 > 10, _67068 < 100]} ,10, {_59938~[_59938 > 10, _59938 < 100]} )
                                                                                                                            proved(can_terminates(turn_light_off,light_on))
                                                                                                                             {_67068~[_67068 > 10, _67068 < 100]} .>.10
                                                                                                                             {_67068~[_67068 > 10, _67068 < 100]} .<. {_59938~[_59938 > 10, _59938 < 100]} 
                                                                                                                            happens(turn_light_off, {_67068~[_67068 > 10, _67068 < 100]} )
                                                                                                                                builtin(!spy)
                                                                                                                                holdsAt(light_on, {_67068~[_67068 > 10, _67068 < 100]} )
                                                                                                                                    10.<. {_67068~[_67068 > 10, _67068 < 100]} 
                                                                                                                                    max_time(100)
                                                                                                                                     {_67068~[_67068 > 10, _67068 < 100]} .=<.100
                                                                                                                                    can_initiates(turn_light_on,light_on)
                                                                                                                                    happens(turn_light_on,10)
                                                                                                                                    proved(initiates(turn_light_on,light_on,10))
                                                                                                                                    not_stoppedIn(10,light_on, {_67068~[_67068 > 10, _67068 < 100]} )
                                                                                                                                        10.=<. {_67068~[_67068 > 10, _67068 < 100]} 
                                                                                                                                        findall(_73456,can_terminates(_73456,light_on),[turn_light_off])
                                                                                                                                            can_terminates(turn_light_off,light_on)
                                                                                                                                        not_terminated(light_on,[turn_light_off],10, {_67068~[_67068 > 10, _67068 < 100]} )
                                                                                                                                            term(turn_light_off,light_on, {_75154~[_75154 > 10, _75154 < 100]} ,10, {_67068~[_67068 > 10, _67068 < 100]} )
                                                                                                                                                proved(can_terminates(turn_light_off,light_on))
                                                                                                                                                 {_75154~[_75154 > 10, _75154 < 100]} .>.10
                                                                                                                                                 {_75154~[_75154 > 10, _75154 < 100]} .<. {_67068~[_67068 > 10, _67068 < 100]} 
                                                                                                                                                happens(turn_light_off, {_75154~[_75154 > 10, _75154 < 100]} )
                                                                                                                                                    builtin(!spy)

--------------------- Calling:  builtin(!spy) -------------
    happens(turn_light_off, {_39858~[_39858 > 10, _39858 =< 100]} )
        builtin(!spy)
        holdsAt(light_on, {_39858~[_39858 > 10, _39858 =< 100]} )
            10.<. {_39858~[_39858 > 10, _39858 =< 100]} 
            max_time(100)
             {_39858~[_39858 > 10, _39858 =< 100]} .=<.100
            can_initiates(turn_light_on,light_on)
            happens(turn_light_on,10)
            initiates(turn_light_on,light_on,10)
            not_stoppedIn(10,light_on, {_39858~[_39858 > 10, _39858 =< 100]} )
                10.=<. {_39858~[_39858 > 10, _39858 =< 100]} 
                findall(_40819,can_terminates(_40819,light_on),[turn_light_off])
                    can_terminates(turn_light_off,light_on)
                not_terminated(light_on,[turn_light_off],10, {_39858~[_39858 > 10, _39858 =< 100]} )
                    term(turn_light_off,light_on, {_41472~[_41472 > 10, _41472 < 100]} ,10, {_39858~[_39858 > 10, _39858 =< 100]} )
                        proved(can_terminates(turn_light_off,light_on))
                         {_41472~[_41472 > 10, _41472 < 100]} .>.10
                         {_41472~[_41472 > 10, _41472 < 100]} .<. {_39858~[_39858 > 10, _39858 =< 100]} 
                        happens(turn_light_off, {_41472~[_41472 > 10, _41472 < 100]} )
                            builtin(!spy)
                            holdsAt(light_on, {_41472~[_41472 > 10, _41472 < 100]} )
                                10.<. {_41472~[_41472 > 10, _41472 < 100]} 
                                max_time(100)
                                 {_41472~[_41472 > 10, _41472 < 100]} .=<.100
                                can_initiates(turn_light_on,light_on)
                                happens(turn_light_on,10)
                                proved(initiates(turn_light_on,light_on,10))
                                not_stoppedIn(10,light_on, {_41472~[_41472 > 10, _41472 < 100]} )
                                    10.=<. {_41472~[_41472 > 10, _41472 < 100]} 
                                    findall(_43631,can_terminates(_43631,light_on),[turn_light_off])
                                        can_terminates(turn_light_off,light_on)
                                    not_terminated(light_on,[turn_light_off],10, {_41472~[_41472 > 10, _41472 < 100]} )
                                        term(turn_light_off,light_on, {_44284~[_44284 > 10, _44284 < 100]} ,10, {_41472~[_41472 > 10, _41472 < 100]} )
                                            proved(can_terminates(turn_light_off,light_on))
                                             {_44284~[_44284 > 10, _44284 < 100]} .>.10
                                             {_44284~[_44284 > 10, _44284 < 100]} .<. {_41472~[_41472 > 10, _41472 < 100]} 
                                            happens(turn_light_off, {_44284~[_44284 > 10, _44284 < 100]} )
                                                builtin(!spy)
                                                holdsAt(light_on, {_44284~[_44284 > 10, _44284 < 100]} )
                                                    10.<. {_44284~[_44284 > 10, _44284 < 100]} 
                                                    max_time(100)
                                                     {_44284~[_44284 > 10, _44284 < 100]} .=<.100
                                                    can_initiates(turn_light_on,light_on)
                                                    happens(turn_light_on,10)
                                                    proved(initiates(turn_light_on,light_on,10))
                                                    not_stoppedIn(10,light_on, {_44284~[_44284 > 10, _44284 < 100]} )
                                                        10.=<. {_44284~[_44284 > 10, _44284 < 100]} 
                                                        findall(_47508,can_terminates(_47508,light_on),[turn_light_off])
                                                            can_terminates(turn_light_off,light_on)
                                                        not_terminated(light_on,[turn_light_off],10, {_44284~[_44284 > 10, _44284 < 100]} )
                                                            term(turn_light_off,light_on, {_48546~[_48546 > 10, _48546 < 100]} ,10, {_44284~[_44284 > 10, _44284 < 100]} )
                                                                proved(can_terminates(turn_light_off,light_on))
                                                                 {_48546~[_48546 > 10, _48546 < 100]} .>.10
                                                                 {_48546~[_48546 > 10, _48546 < 100]} .<. {_44284~[_44284 > 10, _44284 < 100]} 
                                                                happens(turn_light_off, {_48546~[_48546 > 10, _48546 < 100]} )
                                                                    builtin(!spy)
                                                                    holdsAt(light_on, {_48546~[_48546 > 10, _48546 < 100]} )
                                                                        10.<. {_48546~[_48546 > 10, _48546 < 100]} 
                                                                        max_time(100)
                                                                         {_48546~[_48546 > 10, _48546 < 100]} .=<.100
                                                                        can_initiates(turn_light_on,light_on)
                                                                        happens(turn_light_on,10)
                                                                        proved(initiates(turn_light_on,light_on,10))
                                                                        not_stoppedIn(10,light_on, {_48546~[_48546 > 10, _48546 < 100]} )
                                                                            10.=<. {_48546~[_48546 > 10, _48546 < 100]} 
                                                                            findall(_52561,can_terminates(_52561,light_on),[turn_light_off])
                                                                                can_terminates(turn_light_off,light_on)
                                                                            not_terminated(light_on,[turn_light_off],10, {_48546~[_48546 > 10, _48546 < 100]} )
                                                                                term(turn_light_off,light_on, {_53764~[_53764 > 10, _53764 < 100]} ,10, {_48546~[_48546 > 10, _48546 < 100]} )
                                                                                    proved(can_terminates(turn_light_off,light_on))
                                                                                     {_53764~[_53764 > 10, _53764 < 100]} .>.10
                                                                                     {_53764~[_53764 > 10, _53764 < 100]} .<. {_48546~[_48546 > 10, _48546 < 100]} 
                                                                                    happens(turn_light_off, {_53764~[_53764 > 10, _53764 < 100]} )
                                                                                        builtin(!spy)
                                                                                        holdsAt(light_on, {_53764~[_53764 > 10, _53764 < 100]} )
                                                                                            10.<. {_53764~[_53764 > 10, _53764 < 100]} 
                                                                                            max_time(100)
                                                                                             {_53764~[_53764 > 10, _53764 < 100]} .=<.100
                                                                                            can_initiates(turn_light_on,light_on)
                                                                                            happens(turn_light_on,10)
                                                                                            proved(initiates(turn_light_on,light_on,10))
                                                                                            not_stoppedIn(10,light_on, {_53764~[_53764 > 10, _53764 < 100]} )
                                                                                                10.=<. {_53764~[_53764 > 10, _53764 < 100]} 
                                                                                                findall(_58570,can_terminates(_58570,light_on),[turn_light_off])
                                                                                                    can_terminates(turn_light_off,light_on)
                                                                                                not_terminated(light_on,[turn_light_off],10, {_53764~[_53764 > 10, _53764 < 100]} )
                                                                                                    term(turn_light_off,light_on, {_59938~[_59938 > 10, _59938 < 100]} ,10, {_53764~[_53764 > 10, _53764 < 100]} )
                                                                                                        proved(can_terminates(turn_light_off,light_on))
                                                                                                         {_59938~[_59938 > 10, _59938 < 100]} .>.10
                                                                                                         {_59938~[_59938 > 10, _59938 < 100]} .<. {_53764~[_53764 > 10, _53764 < 100]} 
                                                                                                        happens(turn_light_off, {_59938~[_59938 > 10, _59938 < 100]} )
                                                                                                            builtin(!spy)
                                                                                                            holdsAt(light_on, {_59938~[_59938 > 10, _59938 < 100]} )
                                                                                                                10.<. {_59938~[_59938 > 10, _59938 < 100]} 
                                                                                                                max_time(100)
                                                                                                                 {_59938~[_59938 > 10, _59938 < 100]} .=<.100
                                                                                                                can_initiates(turn_light_on,light_on)
                                                                                                                happens(turn_light_on,10)
                                                                                                                proved(initiates(turn_light_on,light_on,10))
                                                                                                                not_stoppedIn(10,light_on, {_59938~[_59938 > 10, _59938 < 100]} )
                                                                                                                    10.=<. {_59938~[_59938 > 10, _59938 < 100]} 
                                                                                                                    findall(_65535,can_terminates(_65535,light_on),[turn_light_off])
                                                                                                                        can_terminates(turn_light_off,light_on)
                                                                                                                    not_terminated(light_on,[turn_light_off],10, {_59938~[_59938 > 10, _59938 < 100]} )
                                                                                                                        term(turn_light_off,light_on, {_67068~[_67068 > 10, _67068 < 100]} ,10, {_59938~[_59938 > 10, _59938 < 100]} )
                                                                                                                            proved(can_terminates(turn_light_off,light_on))
                                                                                                                             {_67068~[_67068 > 10, _67068 < 100]} .>.10
                                                                                                                             {_67068~[_67068 > 10, _67068 < 100]} .<. {_59938~[_59938 > 10, _59938 < 100]} 
                                                                                                                            happens(turn_light_off, {_67068~[_67068 > 10, _67068 < 100]} )
                                                                                                                                builtin(!spy)
                                                                                                                                holdsAt(light_on, {_67068~[_67068 > 10, _67068 < 100]} )
                                                                                                                                    10.<. {_67068~[_67068 > 10, _67068 < 100]} 
                                                                                                                                    max_time(100)
                                                                                                                                     {_67068~[_67068 > 10, _67068 < 100]} .=<.100
                                                                                                                                    can_initiates(turn_light_on,light_on)
                                                                                                                                    happens(turn_light_on,10)
                                                                                                                                    proved(initiates(turn_light_on,light_on,10))
                                                                                                                                    not_stoppedIn(10,light_on, {_67068~[_67068 > 10, _67068 < 100]} )
                                                                                                                                        10.=<. {_67068~[_67068 > 10, _67068 < 100]} 
                                                                                                                                        findall(_73456,can_terminates(_73456,light_on),[turn_light_off])
                                                                                                                                            can_terminates(turn_light_off,light_on)
                                                                                                                                        not_terminated(light_on,[turn_light_off],10, {_67068~[_67068 > 10, _67068 < 100]} )
                                                                                                                                            term(turn_light_off,light_on, {_75154~[_75154 > 10, _75154 < 100]} ,10, {_67068~[_67068 > 10, _67068 < 100]} )
                                                                                                                                                proved(can_terminates(turn_light_off,light_on))
                                                                                                                                                 {_75154~[_75154 > 10, _75154 < 100]} .>.10
                                                                                                                                                 {_75154~[_75154 > 10, _75154 < 100]} .<. {_67068~[_67068 > 10, _67068 < 100]} 
                                                                                                                                                happens(turn_light_off, {_75154~[_75154 > 10, _75154 < 100]} )
                                                                                                                                                    builtin(!spy)
                                                                                                                                                    holdsAt(light_on, {_75154~[_75154 > 10, _75154 < 100]} )
                                                                                                                                                        10.<. {_75154~[_75154 > 10, _75154 < 100]} 
                                                                                                                                                        max_time(100)
                                                                                                                                                         {_75154~[_75154 > 10, _75154 < 100]} .=<.100
                                                                                                                                                        can_initiates(turn_light_on,light_on)
                                                                                                                                                        happens(turn_light_on,10)
                                                                                                                                                        proved(initiates(turn_light_on,light_on,10))
                                                                                                                                                        not_stoppedIn(10,light_on, {_75154~[_75154 > 10, _75154 < 100]} )
                                                                                                                                                            10.=<. {_75154~[_75154 > 10, _75154 < 100]} 
                                                                                                                                                            findall(_82333,can_terminates(_82333,light_on),[turn_light_off])
                                                                                                                                                                can_terminates(turn_light_off,light_on)
                                                                                                                                                            not_terminated(light_on,[turn_light_off],10, {_75154~[_75154 > 10, _75154 < 100]} )
                                                                                                                                                                term(turn_light_off,light_on, {_9460~[_9460 > 10, _9460 < 100]} ,10, {_7677~[_7677 > 10, _7677 < 100]} )
                                                                                                                                                                    proved(can_terminates(turn_light_off,light_on))
                                                                                                                                                                     {_9460~[_9460 > 10, _9460 < 100]} .>.10
                                                                                                                                                                     {_9460~[_9460 > 10, _9460 < 100]} .<. {_7677~[_7677 > 10, _7677 < 100]} 
                                                                                                                                                                    happens(turn_light_off, {_9460~[_9460 > 10, _9460 < 100]} )
                                                                                                                                                                        builtin(!spy)

--------------------- Calling:  builtin(!spy) -------------
    happens(turn_light_off, {_767~[_767 > 10, _767 =< 100]} )
        builtin(!spy)
        holdsAt(light_on, {_767~[_767 > 10, _767 =< 100]} )
            10.<. {_767~[_767 > 10, _767 =< 100]} 
            max_time(100)
             {_767~[_767 > 10, _767 =< 100]} .=<.100
            can_initiates(turn_light_on,light_on)
            happens(turn_light_on,10)
            initiates(turn_light_on,light_on,10)
            not_stoppedIn(10,light_on, {_767~[_767 > 10, _767 =< 100]} )
                10.=<. {_767~[_767 > 10, _767 =< 100]} 
                findall(_944,can_terminates(_944,light_on),[turn_light_off])
                    can_terminates(turn_light_off,light_on)
                not_terminated(light_on,[turn_light_off],10, {_767~[_767 > 10, _767 =< 100]} )
                    term(turn_light_off,light_on, {_1125~[_1125 > 10, _1125 < 100]} ,10, {_767~[_767 > 10, _767 =< 100]} )
                        proved(can_terminates(turn_light_off,light_on))
                         {_1125~[_1125 > 10, _1125 < 100]} .>.10
                         {_1125~[_1125 > 10, _1125 < 100]} .<. {_767~[_767 > 10, _767 =< 100]} 
                        happens(turn_light_off, {_1125~[_1125 > 10, _1125 < 100]} )
                            builtin(!spy)
                            holdsAt(light_on, {_1125~[_1125 > 10, _1125 < 100]} )
                                10.<. {_1125~[_1125 > 10, _1125 < 100]} 
                                max_time(100)
                                 {_1125~[_1125 > 10, _1125 < 100]} .=<.100
                                can_initiates(turn_light_on,light_on)
                                happens(turn_light_on,10)
                                proved(initiates(turn_light_on,light_on,10))
                                not_stoppedIn(10,light_on, {_1125~[_1125 > 10, _1125 < 100]} )
                                    10.=<. {_1125~[_1125 > 10, _1125 < 100]} 
                                    findall(_1506,can_terminates(_1506,light_on),[turn_light_off])
                                        can_terminates(turn_light_off,light_on)
                                    not_terminated(light_on,[turn_light_off],10, {_1125~[_1125 > 10, _1125 < 100]} )
                                        term(turn_light_off,light_on, {_1687~[_1687 > 10, _1687 < 100]} ,10, {_1125~[_1125 > 10, _1125 < 100]} )
                                            proved(can_terminates(turn_light_off,light_on))
                                             {_1687~[_1687 > 10, _1687 < 100]} .>.10
                                             {_1687~[_1687 > 10, _1687 < 100]} .<. {_1125~[_1125 > 10, _1125 < 100]} 
                                            happens(turn_light_off, {_1687~[_1687 > 10, _1687 < 100]} )
                                                builtin(!spy)
                                                holdsAt(light_on, {_1687~[_1687 > 10, _1687 < 100]} )
                                                    10.<. {_1687~[_1687 > 10, _1687 < 100]} 
                                                    max_time(100)
                                                     {_1687~[_1687 > 10, _1687 < 100]} .=<.100
                                                    can_initiates(turn_light_on,light_on)
                                                    happens(turn_light_on,10)
                                                    proved(initiates(turn_light_on,light_on,10))
                                                    not_stoppedIn(10,light_on, {_1687~[_1687 > 10, _1687 < 100]} )
                                                        10.=<. {_1687~[_1687 > 10, _1687 < 100]} 
                                                        findall(_2176,can_terminates(_2176,light_on),[turn_light_off])
                                                            can_terminates(turn_light_off,light_on)
                                                        not_terminated(light_on,[turn_light_off],10, {_1687~[_1687 > 10, _1687 < 100]} )
                                                            term(turn_light_off,light_on, {_2495~[_2495 > 10, _2495 < 100]} ,10, {_1687~[_1687 > 10, _1687 < 100]} )
                                                                proved(can_terminates(turn_light_off,light_on))
                                                                 {_2495~[_2495 > 10, _2495 < 100]} .>.10
                                                                 {_2495~[_2495 > 10, _2495 < 100]} .<. {_1687~[_1687 > 10, _1687 < 100]} 
                                                                happens(turn_light_off, {_2495~[_2495 > 10, _2495 < 100]} )
                                                                    builtin(!spy)
                                                                    holdsAt(light_on, {_2495~[_2495 >
timeout


  real      0:03.21
  real [s]  3.21
  user [s]  1.91
  sys  [s]  0.06
  mem  [KB] 27036
  avgm [KB] 0
