$ scasp -s0 --ec ../axioms/bec_scasp.pl ./model.pl -v6 --timeout=3000


% QUERY:?- happens(fade_out_end,T).

--------------------- Calling:  builtin(!spy) -------------
    happens(fade_out_end,_234314)
        builtin(!spy)

--------------------- Calling:  builtin(!spy) -------------
    happens(fade_out_end, {_235314~[_235314 > 0, _235314 =< 100]} )
        builtin(!spy)
        holdsAt(brightness(0), {_235314~[_235314 > 0, _235314 =< 100]} ,fading_out)
             {_235097~[_235097 > 0, _235097 < 100]} .>.0
             {_235097~[_235097 > 0, _235097 < 100]} .<. {_235314~[_235314 > 0, _235314 =< 100]} 
            max_time(100)
             {_235314~[_235314 > 0, _235314 =< 100]} .=<.100
            can_trajectory(fading_out, {_235097~[_235097 > 0, _235097 < 100]} ,brightness(0), {_235314~[_235314 > 0, _235314 =< 100]} )
            can_initiates(fade_in_end,fading_out, {_235097~[_235097 > 0, _235097 < 100]} )
            happens(fade_in_end, {_235097~[_235097 > 0, _235097 < 100]} )
                builtin(!spy)

--------------------- Calling:  builtin(!spy) -------------
    happens(fade_out_end, {_235314~[_235314 > 0, _235314 =< 100]} )
        builtin(!spy)
        holdsAt(brightness(0), {_235314~[_235314 > 0, _235314 =< 100]} ,fading_out)
             {_235097~[_235097 > 0, _235097 < 100]} .>.0
             {_235097~[_235097 > 0, _235097 < 100]} .<. {_235314~[_235314 > 0, _235314 =< 100]} 
            max_time(100)
             {_235314~[_235314 > 0, _235314 =< 100]} .=<.100
            can_trajectory(fading_out, {_235097~[_235097 > 0, _235097 < 100]} ,brightness(0), {_235314~[_235314 > 0, _235314 =< 100]} )
            can_initiates(fade_in_end,fading_out, {_235097~[_235097 > 0, _235097 < 100]} )
            happens(fade_in_end, {_235097~[_235097 > 0, _235097 < 100]} )
                builtin(!spy)
                holdsAt(brightness(10), {_235097~[_235097 > 0, _235097 < 100]} ,fading_in)
                     {_236580~[_236580 > 0, _236580 < 100]} .>.0
                     {_236580~[_236580 > 0, _236580 < 100]} .<. {_235097~[_235097 > 0, _235097 < 100]} 
                    max_time(100)
                     {_235097~[_235097 > 0, _235097 < 100]} .=<.100
                    can_trajectory(fading_in, {_236580~[_236580 > 0, _236580 < 100]} ,brightness(10), {_235097~[_235097 > 0, _235097 < 100]} )
                    can_initiates(fade_out_end,fading_in, {_236580~[_236580 > 0, _236580 < 100]} )
                    happens(fade_out_end, {_236580~[_236580 > 0, _236580 < 100]} )
                        builtin(!spy)

--------------------- Calling:  builtin(!spy) -------------
    happens(fade_out_end, {_235314~[_235314 > 0, _235314 =< 100]} )
        builtin(!spy)
        holdsAt(brightness(0), {_235314~[_235314 > 0, _235314 =< 100]} ,fading_out)
             {_235097~[_235097 > 0, _235097 < 100]} .>.0
             {_235097~[_235097 > 0, _235097 < 100]} .<. {_235314~[_235314 > 0, _235314 =< 100]} 
            max_time(100)
             {_235314~[_235314 > 0, _235314 =< 100]} .=<.100
            can_trajectory(fading_out, {_235097~[_235097 > 0, _235097 < 100]} ,brightness(0), {_235314~[_235314 > 0, _235314 =< 100]} )
            can_initiates(fade_in_end,fading_out, {_235097~[_235097 > 0, _235097 < 100]} )
            happens(fade_in_end, {_235097~[_235097 > 0, _235097 < 100]} )
                builtin(!spy)
                holdsAt(brightness(10), {_235097~[_235097 > 0, _235097 < 100]} ,fading_in)
                     {_236580~[_236580 > 0, _236580 < 100]} .>.0
                     {_236580~[_236580 > 0, _236580 < 100]} .<. {_235097~[_235097 > 0, _235097 < 100]} 
                    max_time(100)
                     {_235097~[_235097 > 0, _235097 < 100]} .=<.100
                    can_trajectory(fading_in, {_236580~[_236580 > 0, _236580 < 100]} ,brightness(10), {_235097~[_235097 > 0, _235097 < 100]} )
                    can_initiates(fade_out_end,fading_in, {_236580~[_236580 > 0, _236580 < 100]} )
                    happens(fade_out_end, {_236580~[_236580 > 0, _236580 < 100]} )
                        builtin(!spy)
                        holdsAt(brightness(0), {_236580~[_236580 > 0, _236580 < 100]} ,fading_out)
                             {_239202~[_239202 > 0, _239202 < 100]} .>.0
                             {_239202~[_239202 > 0, _239202 < 100]} .<. {_236580~[_236580 > 0, _236580 < 100]} 
                            max_time(100)
                             {_236580~[_236580 > 0, _236580 < 100]} .=<.100
                            can_trajectory(fading_out, {_239202~[_239202 > 0, _239202 < 100]} ,brightness(0), {_236580~[_236580 > 0, _236580 < 100]} )
                            can_initiates(fade_in_end,fading_out, {_239202~[_239202 > 0, _239202 < 100]} )
                            happens(fade_in_end, {_239202~[_239202 > 0, _239202 < 100]} )
                                builtin(!spy)

--------------------- Calling:  builtin(!spy) -------------
    happens(fade_out_end, {_235314~[_235314 > 0, _235314 =< 100]} )
        builtin(!spy)
        holdsAt(brightness(0), {_235314~[_235314 > 0, _235314 =< 100]} ,fading_out)
             {_235097~[_235097 > 0, _235097 < 100]} .>.0
             {_235097~[_235097 > 0, _235097 < 100]} .<. {_235314~[_235314 > 0, _235314 =< 100]} 
            max_time(100)
             {_235314~[_235314 > 0, _235314 =< 100]} .=<.100
            can_trajectory(fading_out, {_235097~[_235097 > 0, _235097 < 100]} ,brightness(0), {_235314~[_235314 > 0, _235314 =< 100]} )
            can_initiates(fade_in_end,fading_out, {_235097~[_235097 > 0, _235097 < 100]} )
            happens(fade_in_end, {_235097~[_235097 > 0, _235097 < 100]} )
                builtin(!spy)
                holdsAt(brightness(10), {_235097~[_235097 > 0, _235097 < 100]} ,fading_in)
                     {_236580~[_236580 > 0, _236580 < 100]} .>.0
                     {_236580~[_236580 > 0, _236580 < 100]} .<. {_235097~[_235097 > 0, _235097 < 100]} 
                    max_time(100)
                     {_235097~[_235097 > 0, _235097 < 100]} .=<.100
                    can_trajectory(fading_in, {_236580~[_236580 > 0, _236580 < 100]} ,brightness(10), {_235097~[_235097 > 0, _235097 < 100]} )
                    can_initiates(fade_out_end,fading_in, {_236580~[_236580 > 0, _236580 < 100]} )
                    happens(fade_out_end, {_236580~[_236580 > 0, _236580 < 100]} )
                        builtin(!spy)
                        holdsAt(brightness(0), {_236580~[_236580 > 0, _236580 < 100]} ,fading_out)
                             {_239202~[_239202 > 0, _239202 < 100]} .>.0
                             {_239202~[_239202 > 0, _239202 < 100]} .<. {_236580~[_236580 > 0, _236580 < 100]} 
                            max_time(100)
                             {_236580~[_236580 > 0, _236580 < 100]} .=<.100
                            can_trajectory(fading_out, {_239202~[_239202 > 0, _239202 < 100]} ,brightness(0), {_236580~[_236580 > 0, _236580 < 100]} )
                            can_initiates(fade_in_end,fading_out, {_239202~[_239202 > 0, _239202 < 100]} )
                            happens(fade_in_end, {_239202~[_239202 > 0, _239202 < 100]} )
                                builtin(!spy)
                                holdsAt(brightness(10), {_239202~[_239202 > 0, _239202 < 100]} ,fading_in)
                                     {_242042~[_242042 > 0, _242042 < 100]} .>.0
                                     {_242042~[_242042 > 0, _242042 < 100]} .<. {_239202~[_239202 > 0, _239202 < 100]} 
                                    max_time(100)
                                     {_239202~[_239202 > 0, _239202 < 100]} .=<.100
                                    can_trajectory(fading_in, {_242042~[_242042 > 0, _242042 < 100]} ,brightness(10), {_239202~[_239202 > 0, _239202 < 100]} )
                                    can_initiates(fade_out_end,fading_in, {_242042~[_242042 > 0, _242042 < 100]} )
                                    happens(fade_out_end, {_242042~[_242042 > 0, _242042 < 100]} )
                                        builtin(!spy)

--------------------- Calling:  builtin(!spy) -------------
    happens(fade_out_end, {_838~[_838 > 0, _838 =< 100]} )
        builtin(!spy)
        holdsAt(brightness(0), {_838~[_838 > 0, _838 =< 100]} ,fading_out)
             {_773~[_773 > 0, _773 < 100]} .>.0
             {_773~[_773 > 0, _773 < 100]} .<. {_838~[_838 > 0, _838 =< 100]} 
            max_time(100)
             {_838~[_838 > 0, _838 =< 100]} .=<.100
            can_trajectory(fading_out, {_773~[_773 > 0, _773 < 100]} ,brightness(0), {_838~[_838 > 0, _838 =< 100]} )
            can_initiates(fade_in_end,fading_out, {_773~[_773 > 0, _773 < 100]} )
            happens(fade_in_end, {_773~[_773 > 0, _773 < 100]} )
                builtin(!spy)
                holdsAt(brightness(10), {_773~[_773 > 0, _773 < 100]} ,fading_in)
                     {_1052~[_1052 > 0, _1052 < 100]} .>.0
                     {_1052~[_1052 > 0, _1052 < 100]} .<. {_773~[_773 > 0, _773 < 100]} 
                    max_time(100)
                     {_773~[_773 > 0, _773 < 100]} .=<.100
                    can_trajectory(fading_in, {_1052~[_1052 > 0, _1052 < 100]} ,brightness(10), {_773~[_773 > 0, _773 < 100]} )
                    can_initiates(fade_out_end,fading_in, {_1052~[_1052 > 0, _1052 < 100]} )
                    happens(fade_out_end, {_1052~[_1052 > 0, _1052 < 100]} )
                        builtin(!spy)
                        holdsAt(brightness(0), {_1052~[_1052 > 0, _1052 < 100]} ,fading_out)
                             {_1499~[_1499 > 0, _1499 < 100]} .>.0
                             {_1499~[_1499 > 0, _1499 < 100]} .<. {_1052~[_1052 > 0, _1052 < 100]} 
                            max_time(100)
                             {_1052~[_1052 > 0, _1052 < 100]} .=<.100
                            can_trajectory(fading_out, {_1499~[_1499 > 0, _1499 < 100]} ,brightness(0), {_1052~[_1052 > 0, _1052 < 100]} )
                            can_initiates(fade_in_end,fading_out, {_1499~[_1499 > 0, _1499 < 100]} )
                            happens(fade_in_end, {_1499~[_1499 > 0, _1499 < 100]} )
                                builtin(!spy)
                                holdsAt(brightness(10), {_1499~[_1499 > 0, _1499 < 100]} ,fading_in)
                                     {_1959~[_1959 > 0, _1959 < 100]} .>.0
                                     {_1959~[_1959 > 0, _1959 < 100]} .<. {_1499~[_1499 > 0, _1499 < 100]} 
                                    max_time(100)
                                     {_1499~[_1499 > 0, _1499 < 100]} .=<.100
                                    can_trajectory(fading_in, {_1959~[_1959 > 0, _1959 < 100]} ,brightness(10), {_1499~[_1499 > 0, _1499 < 100]} )
                                    can_initiates(fade_out_end,fading_in, {_1959~[_1959 > 0, _1959 < 100]} )
                                    happens(fade_out_end, {_1959~[_1959 > 0, _1959 < 100]} )
                                        builtin(!spy)
                                        holdsAt(brightness(0), {_1959~[_1959 > 0, _1959 < 100]} ,fading_out)
                                             {_2447~[_2447 > 0, _2447 < 100]} .>.0
                                             {_2447~[_2447 > 0, _2447 < 100]} .<. {_1959~[_1959 > 0, _1959 < 100]} 
                                            max_time(100)
                                             {_1959~[_1959 > 0, _1959 < 100]} .=<.100
                                            can_trajectory(fading_out, {_2447~[_2447 > 0, _2447 < 100]} ,brightness(0), {_1959~[_1959 > 0, _1959 < 100]} )
                                            can_initiates(fade_in_end,fading_out, {_2447~[_2447 > 0, _2447 < 100]} )
                                            happens(fade_in_end, {_2447~[_2447 > 0, _2447 < 100]} )
                                                builtin(!spy)

--------------------- Calling:  builtin(!spy) -------------
    happens(fade_out_end, {_838~[_838 > 0, _838 =< 100]} )
        builtin(!spy)
        holdsAt(brightness(0), {_838~[_838 > 0, _838 =< 100]} ,fading_out)
             {_773~[_773 > 0, _773 < 100]} .>.0
             {_773~[_773 > 0, _773 < 100]} .<. {_838~[_838 > 0, _838 =< 100]} 
            max_time(100)
             {_838~[_838 > 0, _838 =< 100]} .=<.100
            can_trajectory(fading_out, {_773~[_773 > 0, _773 < 100]} ,brightness(0), {_838~[_838 > 0, _838 =< 100]} )
            can_initiates(fade_in_end,fading_out, {_773~[_773 > 0, _773 < 100]} )
            happens(fade_in_end, {_773~[_773 > 0, _773 < 100]} )
                builtin(!spy)
                holdsAt(brightness(10), {_773~[_773 > 0, _773 < 100]} ,fading_in)
                     {_1052~[_1052 > 0, _1052 < 100]} .>.0
                     {_1052~[_1052 > 0, _1052 < 100]} .<. {_773~[_773 > 0, _773 < 100]} 
                    max_time(100)
                     {_773~[_773 > 0, _773 < 100]} .=<.100
                    can_trajectory(fading_in, {_1052~[_1052 > 0, _1052 < 100]} ,brightness(10), {_773~[_773 > 0, _773 < 100]} )
                    can_initiates(fade_out_end,fading_in, {_1052~[_1052 > 0, _1052 < 100]} )
                    happens(fade_out_end, {_1052~[_1052 > 0, _1052 < 100]} )
                        builtin(!spy)
                        holdsAt(brightness(0), {_1052~[_1052 > 0, _1052 < 100]} ,fading_out)
                             {_1499~[_1499 > 0, _1499 < 100]} .>.0
                             {_1499~[_1499 > 0, _1499 < 100]} .<. {_1052~[_1052 > 0, _1052 < 100]} 
                            max_time(100)
                             {_1052~[_1052 > 0, _1052 < 100]} .=<.100
                            can_trajectory(fading_out, {_1499~[_1499 > 0, _1499 < 100]} ,brightness(0), {_1052~[_1052 > 0, _1052 < 100]} )
                            can_initiates(fade_in_end,fading_out, {_1499~[_1499 > 0, _1499 < 100]} )
                            happens(fade_in_end, {_1499~[_1499 > 0, _1499 < 100]} )
                                builtin(!spy)
                                holdsAt(brightness(10), {_1499~[_1499 > 0, _1499 < 100]} ,fading_in)
                                     {_1959~[_1959 > 0, _1959 < 100]} .>.0
                                     {_1959~[_1959 > 0, _1959 < 100]} .<. {_1499~[_1499 > 0, _1499 < 100]} 
                                    max_time(100)
                                     {_1499~[_1499 > 0, _1499 < 100]} .=<.100
                                    can_trajectory(fading_in, {_1959~[_1959 > 0, _1959 < 100]} ,brightness(10), {_1499~[_1499 > 0, _1499 < 100]} )
                                    can_initiates(fade_out_end,fading_in, {_1959~[_1959 > 0, _1959 < 100]} )
                                    happens(fade_out_end, {_1959~[_1959 > 0, _1959 < 100]} )
                                        builtin(!spy)
                                        holdsAt(brightness(0), {_1959~[_1959 > 0, _1959 < 100]} ,fading_out)
                                             {_2447~[_2447 > 0, _2447 < 100]} .>.0
                                             {_2447~[_2447 > 0, _2447 < 100]} .<. {_1959~[_1959 > 0, _1959 < 100]} 
                                            max_time(100)
                                             {_1959~[_1959 > 0, _1959 < 100]} .=<.100
                                            can_trajectory(fading_out, {_2447~[_2447 > 0, _2447 < 100]} ,brightness(0), {_1959~[_1959 > 0, _1959 < 100]} )
                                            can_initiates(fade_in_end,fading_out, {_2447~[_2447 > 0, _2447 < 100]} )
                                            happens(fade_in_end, {_2447~[_2447 > 0, _2447 < 100]} )
                                                builtin(!spy)
                                                holdsAt(brightness(10), {_2447~[_2447 > 0, _2447 < 100]} ,fading_in)
                                                     {_3981~[_3981 > 0, _3981 < 100]} .>.0
                                                     {_3981~[_3981 > 0, _3981 < 100]} .<. {_2447~[_2447 > 0, _2447 < 100]} 
                                                    max_time(100)
                                                     {_2447~[_2447 > 0, _2447 < 100]} .=<.100
                                                    can_trajectory(fading_in, {_3981~[_3981 > 0, _3981 < 100]} ,brightness(10), {_2447~[_2447 > 0, _2447 < 100]} )
                                                    can_initiates(fade_out_end,fading_in, {_3981~[_3981 > 0, _3981 < 100]} )
                                                    happens(fade_out_end, {_3981~[_3981 > 0, _3981 < 100]} )
                                                        builtin(!spy)

--------------------- Calling:  builtin(!spy) -------------
    happens(fade_out_end, {_838~[_838 > 0, _838 =< 100]} )
        builtin(!spy)
        holdsAt(brightness(0), {_838~[_838 > 0, _838 =< 100]} ,fading_out)
             {_773~[_773 > 0, _773 < 100]} .>.0
             {_773~[_773 > 0, _773 < 100]} .<. {_838~[_838 > 0, _838 =< 100]} 
            max_time(100)
             {_838~[_838 > 0, _838 =< 100]} .=<.100
            can_trajectory(fading_out, {_773~[_773 > 0, _773 < 100]} ,brightness(0), {_838~[_838 > 0, _838 =< 100]} )
            can_initiates(fade_in_end,fading_out, {_773~[_773 > 0, _773 < 100]} )
            happens(fade_in_end, {_773~[_773 > 0, _773 < 100]} )
                builtin(!spy)
                holdsAt(brightness(10), {_773~[_773 > 0, _773 < 100]} ,fading_in)
                     {_1052~[_1052 > 0, _1052 < 100]} .>.0
                     {_1052~[_1052 > 0, _1052 < 100]} .<. {_773~[_773 > 0, _773 < 100]} 
                    max_time(100)
                     {_773~[_773 > 0, _773 < 100]} .=<.100
                    can_trajectory(fading_in, {_1052~[_1052 > 0, _1052 < 100]} ,brightness(10), {_773~[_773 > 0, _773 < 100]} )
                    can_initiates(fade_out_end,fading_in, {_1052~[_1052 > 0, _1052 < 100]} )
                    happens(fade_out_end, {_1052~[_1052 > 0, _1052 < 100]} )
                        builtin(!spy)
                        holdsAt(brightness(0), {_1052~[_1052 > 0, _1052 < 100]} ,fading_out)
                             {_1499~[_1499 > 0, _1499 < 100]} .>.0
                             {_1499~[_1499 > 0, _1499 < 100]} .<. {_1052~[_1052 > 0, _1052 < 100]} 
                            max_time(100)
                             {_1052~[_1052 > 0, _1052 < 100]} .=<.100
                            can_trajectory(fading_out, {_1499~[_1499 > 0, _1499 < 100]} ,brightness(0), {_1052~[_1052 > 0, _1052 < 100]} )
                            can_initiates(fade_in_end,fading_out, {_1499~[_1499 > 0, _1499 < 100]} )
                            happens(fade_in_end, {_1499~[_1499 > 0, _1499 < 100]} )
                                builtin(!spy)
                                holdsAt(brightness(10), {_1499~[_1499 > 0, _1499 < 100]} ,fading_in)
                                     {_1959~[_1959 > 0, _1959 < 100]} .>.0
                                     {_1959~[_1959 > 0, _1959 < 100]} .<. {_1499~[_1499 > 0, _1499 < 100]} 
                                    max_time(100)
                                     {_1499~[_1499 > 0, _1499 < 100]} .=<.100
                                    can_trajectory(fading_in, {_1959~[_1959 > 0, _1959 < 100]} ,brightness(10), {_1499~[_1499 > 0, _1499 < 100]} )
                                    can_initiates(fade_out_end,fading_in, {_1959~[_1959 > 0, _1959 < 100]} )
                                    happens(fade_out_end, {_1959~[_1959 > 0, _1959 < 100]} )
                                        builtin(!spy)
                                        holdsAt(brightness(0), {_1959~[_1959 > 0, _1959 < 100]} ,fading_out)
                                             {_2447~[_2447 > 0, _2447 < 100]} .>.0
                                             {_2447~[_2447 > 0, _2447 < 100]} .<. {_1959~[_1959 > 0, _1959 < 100]} 
                                            max_time(100)
                                             {_1959~[_1959 > 0, _1959 < 100]} .=<.100
                                            can_trajectory(fading_out, {_2447~[_2447 > 0, _2447 < 100]} ,brightness(0), {_1959~[_1959 > 0, _1959 < 100]} )
                                            can_initiates(fade_in_end,fading_out, {_2447~[_2447 > 0, _2447 < 100]} )
                                            happens(fade_in_end, {_2447~[_2447 > 0, _2447 < 100]} )
                                                builtin(!spy)
                                                holdsAt(brightness(10), {_2447~[_2447 > 0, _2447 < 100]} ,fading_in)
                                                     {_3981~[_3981 > 0, _3981 < 100]} .>.0
                                                     {_3981~[_3981 > 0, _3981 < 100]} .<. {_2447~[_2447 > 0, _2447 < 100]} 
                                                    max_time(100)
                                                     {_2447~[_2447 > 0, _2447 < 100]} .=<.100
                                                    can_trajectory(fading_in, {_3981~[_3981 > 0, _3981 < 100]} ,brightness(10), {_2447~[_2447 > 0, _2447 < 100]} )
                                                    can_initiates(fade_out_end,fading_in, {_3981~[_3981 > 0, _3981 < 100]} )
                                                    happens(fade_out_end, {_3981~[_3981 > 0, _3981 < 100]} )
                                                        builtin(!spy)
                                                        holdsAt(brightness(0), {_3981~[_3981 > 0, _3981 < 100]} ,fading_out)
                                                             {_7813~[_7813 > 0, _7813 < 100]} .>.0
                                                             {_7813~[_7813 > 0, _7813 < 100]} .<. {_3981~[_3981 > 0, _3981 < 100]} 
                                                            max_time(100)
                                                             {_3981~[_3981 > 0, _3981 < 100]} .=<.100
                                                            can_trajectory(fading_out, {_7813~[_7813 > 0, _7813 < 100]} ,brightness(0), {_3981~[_3981 > 0, _3981 < 100]} )
                                                            can_initiates(fade_in_end,fading_out, {_7813~[_7813 > 0, _7813 < 100]} )
                                                            happens(fade_in_end, {_7813~[_7813 > 0, _7813 < 100]} )
                                                                builtin(!spy)

--------------------- Calling:  builtin(!spy) -------------
    happens(fade_out_end, {_838~[_838 > 0, _838 =< 100]} )
        builtin(!spy)
        holdsAt(brightness(0), {_838~[_838 > 0, _838 =< 100]} ,fading_out)
             {_773~[_773 > 0, _773 < 100]} .>.0
             {_773~[_773 > 0, _773 < 100]} .<. {_838~[_838 > 0, _838 =< 100]} 
            max_time(100)
             {_838~[_838 > 0, _838 =< 100]} .=<.100
            can_trajectory(fading_out, {_773~[_773 > 0, _773 < 100]} ,brightness(0), {_838~[_838 > 0, _838 =< 100]} )
            can_initiates(fade_in_end,fading_out, {_773~[_773 > 0, _773 < 100]} )
            happens(fade_in_end, {_773~[_773 > 0, _773 < 100]} )
                builtin(!spy)
                holdsAt(brightness(10), {_773~[_773 > 0, _773 < 100]} ,fading_in)
                     {_1052~[_1052 > 0, _1052 < 100]} .>.0
                     {_1052~[_1052 > 0, _1052 < 100]} .<. {_773~[_773 > 0, _773 < 100]} 
                    max_time(100)
                     {_773~[_773 > 0, _773 < 100]} .=<.100
                    can_trajectory(fading_in, {_1052~[_1052 > 0, _1052 < 100]} ,brightness(10), {_773~[_773 > 0, _773 < 100]} )
                    can_initiates(fade_out_end,fading_in, {_1052~[_1052 > 0, _1052 < 100]} )
                    happens(fade_out_end, {_1052~[_1052 > 0, _1052 < 100]} )
                        builtin(!spy)
                        holdsAt(brightness(0), {_1052~[_1052 > 0, _1052 < 100]} ,fading_out)
                             {_1499~[_1499 > 0, _1499 < 100]} .>.0
                             {_1499~[_1499 > 0, _1499 < 100]} .<. {_1052~[_1052 > 0, _1052 < 100]} 
                            max_time(100)
                             {_1052~[_1052 > 0, _1052 < 100]} .=<.100
                            can_trajectory(fading_out, {_1499~[_1499 > 0, _1499 < 100]} ,brightness(0), {_1052~[_1052 > 0, _1052 < 100]} )
                            can_initiates(fade_in_end,fading_out, {_1499~[_1499 > 0, _1499 < 100]} )
                            happens(fade_in_end, {_1499~[_1499 > 0, _1499 < 100]} )
                                builtin(!spy)
                                holdsAt(brightness(10), {_1499~[_1499 > 0, _1499 < 100]} ,fading_in)
                                     {_1959~[_1959 > 0, _1959 < 100]} .>.0
                                     {_1959~[_1959 > 0, _1959 < 100]} .<. {_1499~[_1499 > 0, _1499 < 100]} 
                                    max_time(100)
                                     {_1499~[_1499 > 0, _1499 < 100]} .=<.100
                                    can_trajectory(fading_in, {_1959~[_1959 > 0, _1959 < 100]} ,brightness(10), {_1499~[_1499 > 0, _1499 < 100]} )
                                    can_initiates(fade_out_end,fading_in, {_1959~[_1959 > 0, _1959 < 100]} )
                                    happens(fade_out_end, {_1959~[_1959 > 0, _1959 < 100]} )
                                        builtin(!spy)
                                        holdsAt(brightness(0), {_1959~[_1959 > 0, _1959 < 100]} ,fading_out)
                                             {_2447~[_2447 > 0, _2447 < 100]} .>.0
                                             {_2447~[_2447 > 0, _2447 < 100]} .<. {_1959~[_1959 > 0, _1959 < 100]} 
                                            max_time(100)
                                             {_1959~[_1959 > 0, _1959 < 100]} .=<.100
                                            can_trajectory(fading_out, {_2447~[_2447 > 0, _2447 < 100]} ,brightness(0), {_1959~[_1959 > 0, _1959 < 100]} )
                                            can_initiates(fade_in_end,fading_out, {_2447~[_2447 > 0, _2447 < 100]} )
                                            happens(fade_in_end, {_2447~[_2447 > 0, _2447 < 100]} )
                                                builtin(!spy)
                                                holdsAt(brightness(10), {_2447~[_2447 > 0, _2447 < 100]} ,fading_in)
                                                     {_3981~[_3981 > 0, _3981 < 100]} .>.0
                                                     {_3981~[_3981 > 0, _3981 < 100]} .<. {_2447~[_2447 > 0, _2447 < 100]} 
                                                    max_time(100)
                                                     {_2447~[_2447 > 0, _2447 < 100]} .=<.100
                                                    can_trajectory(fading_in, {_3981~[_3981 > 0, _3981 < 100]} ,brightness(10), {_2447~[_2447 > 0, _2447 < 100]} )
                                                    can_initiates(fade_out_end,fading_in, {_3981~[_3981 > 0, _3981 < 100]} )
                                                    happens(fade_out_end, {_3981~[_3981 > 0, _3981 < 100]} )
                                                        builtin(!spy)
                                                        holdsAt(brightness(0), {_3981~[_3981 > 0, _3981 < 100]} ,fading_out)
                                                             {_7813~[_7813 > 0, _7813 < 100]} .>.0
                                                             {_7813~[_7813 > 0, _7813 < 100]} .<. {_3981~[_3981 > 0, _3981 < 100]} 
                                                            max_time(100)
                                                             {_3981~[_3981 > 0, _3981 < 100]} .=<.100
                                                            can_trajectory(fading_out, {_7813~[_7813 > 0, _7813 < 100]} ,brightness(0), {_3981~[_3981 > 0, _3981 < 100]} )
                                                            can_initiates(fade_in_end,fading_out, {_7813~[_7813 > 0, _7813 < 100]} )
                                                            happens(fade_in_end, {_7813~[_7813 > 0, _7813 < 100]} )
                                                                builtin(!spy)
                                                                holdsAt(brightness(10), {_7813~[_7813 > 0, _7813 < 100]} ,fading_in)
                                                                     {_11954~[_11954 > 0, _11954 < 100]} .>.0
                                                                     {_11954~[_11954 > 0, _11954 < 100]} .<. {_7813~[_7813 > 0, _7813 < 100]} 
                                                                    max_time(100)
                                                                     {_7813~[_7813 > 0, _7813 < 100]} .=<.100
                                                                    can_trajectory(fading_in, {_11954~[_11954 > 0, _11954 < 100]} ,brightness(10), {_7813~[_7813 > 0, _7813 < 100]} )
                                                                    can_initiates(fade_out_end,fading_in, {_11954~[_11954 > 0, _11954 < 100]} )
                                                                    happens(fade_out_end, {_11954~[_11954 > 0, _11954 < 100]} )
                                                                        builtin(!spy)

--------------------- Calling:  builtin(!spy) -------------
    happens(fade_out_end, {_838~[_838 > 0, _838 =< 100]} )
        builtin(!spy)
        holdsAt(brightness(0), {_838~[_838 > 0, _838 =< 100]} ,fading_out)
             {_773~[_773 > 0, _773 < 100]} .>.0
             {_773~[_773 > 0, _773 < 100]} .<. {_838~[_838 > 0, _838 =< 100]} 
            max_time(100)
             {_838~[_838 > 0, _838 =< 100]} .=<.100
            can_trajectory(fading_out, {_773~[_773 > 0, _773 < 100]} ,brightness(0), {_838~[_838 > 0, _838 =< 100]} )
            can_initiates(fade_in_end,fading_out, {_773~[_773 > 0, _773 < 100]} )
            happens(fade_in_end, {_773~[_773 > 0, _773 < 100]} )
                builtin(!spy)
                holdsAt(brightness(10), {_773~[_773 > 0, _773 < 100]} ,fading_in)
                     {_1052~[_1052 > 0, _1052 < 100]} .>.0
                     {_1052~[_1052 > 0, _1052 < 100]} .<. {_773~[_773 > 0, _773 < 100]} 
                    max_time(100)
                     {_773~[_773 > 0, _773 < 100]} .=<.100
                    can_trajectory(fading_in, {_1052~[_1052 > 0, _1052 < 100]} ,brightness(10), {_773~[_773 > 0, _773 < 100]} )
                    can_initiates(fade_out_end,fading_in, {_1052~[_1052 > 0, 
timeout


  real      0:03.58
  real [s]  3.58
  user [s]  1.61
  sys  [s]  0.11
  mem  [KB] 29128
  avgm [KB] 0
