$ oscasp -s0 ../axioms/bec_scasp.pl ./model.pl -v6 --timeout=3000


% QUERY:?- T #=< 45,happens(fade_out_end,T).

--------------------- Calling:  builtin(!spy) -------------
     {_111872~[_111872 =< 45]} .=<.45
    happens(fade_out_end, {_111872~[_111872 =< 45]} )
        builtin(!spy)

--------------------- Calling:  builtin(!spy) -------------
     {_111872~[_111872 > 0, _111872 =< 45]} .=<.45
    happens(fade_out_end, {_111872~[_111872 > 0, _111872 =< 45]} )
        builtin(!spy)
        holdsAt(brightness(0), {_111872~[_111872 > 0, _111872 =< 45]} ,fading_out)
             {_112594~[_112594 > 0, _112594 < 45]} .>.0
             {_112594~[_112594 > 0, _112594 < 45]} .<. {_111872~[_111872 > 0, _111872 =< 45]} 
            max_time(100)
             {_111872~[_111872 > 0, _111872 =< 45]} .=<.100
            can_trajectory(fading_out, {_112594~[_112594 > 0, _112594 < 45]} ,brightness(0), {_111872~[_111872 > 0, _111872 =< 45]} )
            can_initiates(fade_in_end,fading_out, {_112594~[_112594 > 0, _112594 < 45]} )
            happens(fade_in_end, {_112594~[_112594 > 0, _112594 < 45]} )
                builtin(!spy)

--------------------- Calling:  builtin(!spy) -------------
     {_111872~[_111872 > 0, _111872 =< 45]} .=<.45
    happens(fade_out_end, {_111872~[_111872 > 0, _111872 =< 45]} )
        builtin(!spy)
        holdsAt(brightness(0), {_111872~[_111872 > 0, _111872 =< 45]} ,fading_out)
             {_112594~[_112594 > 0, _112594 < 45]} .>.0
             {_112594~[_112594 > 0, _112594 < 45]} .<. {_111872~[_111872 > 0, _111872 =< 45]} 
            max_time(100)
             {_111872~[_111872 > 0, _111872 =< 45]} .=<.100
            can_trajectory(fading_out, {_112594~[_112594 > 0, _112594 < 45]} ,brightness(0), {_111872~[_111872 > 0, _111872 =< 45]} )
            can_initiates(fade_in_end,fading_out, {_112594~[_112594 > 0, _112594 < 45]} )
            happens(fade_in_end, {_112594~[_112594 > 0, _112594 < 45]} )
                builtin(!spy)
                holdsAt(brightness(10), {_112594~[_112594 > 0, _112594 < 45]} ,fading_in)
                     {_114350~[_114350 > 0, _114350 < 45]} .>.0
                     {_114350~[_114350 > 0, _114350 < 45]} .<. {_112594~[_112594 > 0, _112594 < 45]} 
                    max_time(100)
                     {_112594~[_112594 > 0, _112594 < 45]} .=<.100
                    can_trajectory(fading_in, {_114350~[_114350 > 0, _114350 < 45]} ,brightness(10), {_112594~[_112594 > 0, _112594 < 45]} )
                    can_initiates(fade_out_end,fading_in, {_114350~[_114350 > 0, _114350 < 45]} )
                    happens(fade_out_end, {_114350~[_114350 > 0, _114350 < 45]} )
                        builtin(!spy)

--------------------- Calling:  builtin(!spy) -------------
     {_111872~[_111872 > 0, _111872 =< 45]} .=<.45
    happens(fade_out_end, {_111872~[_111872 > 0, _111872 =< 45]} )
        builtin(!spy)
        holdsAt(brightness(0), {_111872~[_111872 > 0, _111872 =< 45]} ,fading_out)
             {_112594~[_112594 > 0, _112594 < 45]} .>.0
             {_112594~[_112594 > 0, _112594 < 45]} .<. {_111872~[_111872 > 0, _111872 =< 45]} 
            max_time(100)
             {_111872~[_111872 > 0, _111872 =< 45]} .=<.100
            can_trajectory(fading_out, {_112594~[_112594 > 0, _112594 < 45]} ,brightness(0), {_111872~[_111872 > 0, _111872 =< 45]} )
            can_initiates(fade_in_end,fading_out, {_112594~[_112594 > 0, _112594 < 45]} )
            happens(fade_in_end, {_112594~[_112594 > 0, _112594 < 45]} )
                builtin(!spy)
                holdsAt(brightness(10), {_112594~[_112594 > 0, _112594 < 45]} ,fading_in)
                     {_114350~[_114350 > 0, _114350 < 45]} .>.0
                     {_114350~[_114350 > 0, _114350 < 45]} .<. {_112594~[_112594 > 0, _112594 < 45]} 
                    max_time(100)
                     {_112594~[_112594 > 0, _112594 < 45]} .=<.100
                    can_trajectory(fading_in, {_114350~[_114350 > 0, _114350 < 45]} ,brightness(10), {_112594~[_112594 > 0, _112594 < 45]} )
                    can_initiates(fade_out_end,fading_in, {_114350~[_114350 > 0, _114350 < 45]} )
                    happens(fade_out_end, {_114350~[_114350 > 0, _114350 < 45]} )
                        builtin(!spy)
                        holdsAt(brightness(0), {_114350~[_114350 > 0, _114350 < 45]} ,fading_out)
                             {_116348~[_116348 > 0, _116348 < 45]} .>.0
                             {_116348~[_116348 > 0, _116348 < 45]} .<. {_114350~[_114350 > 0, _114350 < 45]} 
                            max_time(100)
                             {_114350~[_114350 > 0, _114350 < 45]} .=<.100
                            can_trajectory(fading_out, {_116348~[_116348 > 0, _116348 < 45]} ,brightness(0), {_114350~[_114350 > 0, _114350 < 45]} )
                            can_initiates(fade_in_end,fading_out, {_116348~[_116348 > 0, _116348 < 45]} )
                            happens(fade_in_end, {_116348~[_116348 > 0, _116348 < 45]} )
                                builtin(!spy)

--------------------- Calling:  builtin(!spy) -------------
     {_111872~[_111872 > 0, _111872 =< 45]} .=<.45
    happens(fade_out_end, {_111872~[_111872 > 0, _111872 =< 45]} )
        builtin(!spy)
        holdsAt(brightness(0), {_111872~[_111872 > 0, _111872 =< 45]} ,fading_out)
             {_112594~[_112594 > 0, _112594 < 45]} .>.0
             {_112594~[_112594 > 0, _112594 < 45]} .<. {_111872~[_111872 > 0, _111872 =< 45]} 
            max_time(100)
             {_111872~[_111872 > 0, _111872 =< 45]} .=<.100
            can_trajectory(fading_out, {_112594~[_112594 > 0, _112594 < 45]} ,brightness(0), {_111872~[_111872 > 0, _111872 =< 45]} )
            can_initiates(fade_in_end,fading_out, {_112594~[_112594 > 0, _112594 < 45]} )
            happens(fade_in_end, {_112594~[_112594 > 0, _112594 < 45]} )
                builtin(!spy)
                holdsAt(brightness(10), {_112594~[_112594 > 0, _112594 < 45]} ,fading_in)
                     {_114350~[_114350 > 0, _114350 < 45]} .>.0
                     {_114350~[_114350 > 0, _114350 < 45]} .<. {_112594~[_112594 > 0, _112594 < 45]} 
                    max_time(100)
                     {_112594~[_112594 > 0, _112594 < 45]} .=<.100
                    can_trajectory(fading_in, {_114350~[_114350 > 0, _114350 < 45]} ,brightness(10), {_112594~[_112594 > 0, _112594 < 45]} )
                    can_initiates(fade_out_end,fading_in, {_114350~[_114350 > 0, _114350 < 45]} )
                    happens(fade_out_end, {_114350~[_114350 > 0, _114350 < 45]} )
                        builtin(!spy)
                        holdsAt(brightness(0), {_114350~[_114350 > 0, _114350 < 45]} ,fading_out)
                             {_116348~[_116348 > 0, _116348 < 45]} .>.0
                             {_116348~[_116348 > 0, _116348 < 45]} .<. {_114350~[_114350 > 0, _114350 < 45]} 
                            max_time(100)
                             {_114350~[_114350 > 0, _114350 < 45]} .=<.100
                            can_trajectory(fading_out, {_116348~[_116348 > 0, _116348 < 45]} ,brightness(0), {_114350~[_114350 > 0, _114350 < 45]} )
                            can_initiates(fade_in_end,fading_out, {_116348~[_116348 > 0, _116348 < 45]} )
                            happens(fade_in_end, {_116348~[_116348 > 0, _116348 < 45]} )
                                builtin(!spy)
                                holdsAt(brightness(10), {_116348~[_116348 > 0, _116348 < 45]} ,fading_in)
                                     {_118549~[_118549 > 0, _118549 < 45]} .>.0
                                     {_118549~[_118549 > 0, _118549 < 45]} .<. {_116348~[_116348 > 0, _116348 < 45]} 
                                    max_time(100)
                                     {_116348~[_116348 > 0, _116348 < 45]} .=<.100
                                    can_trajectory(fading_in, {_118549~[_118549 > 0, _118549 < 45]} ,brightness(10), {_116348~[_116348 > 0, _116348 < 45]} )
                                    can_initiates(fade_out_end,fading_in, {_118549~[_118549 > 0, _118549 < 45]} )
                                    happens(fade_out_end, {_118549~[_118549 > 0, _118549 < 45]} )
                                        builtin(!spy)

--------------------- Calling:  builtin(!spy) -------------
     {_111872~[_111872 > 0, _111872 =< 45]} .=<.45
    happens(fade_out_end, {_111872~[_111872 > 0, _111872 =< 45]} )
        builtin(!spy)
        holdsAt(brightness(0), {_111872~[_111872 > 0, _111872 =< 45]} ,fading_out)
             {_112594~[_112594 > 0, _112594 < 45]} .>.0
             {_112594~[_112594 > 0, _112594 < 45]} .<. {_111872~[_111872 > 0, _111872 =< 45]} 
            max_time(100)
             {_111872~[_111872 > 0, _111872 =< 45]} .=<.100
            can_trajectory(fading_out, {_112594~[_112594 > 0, _112594 < 45]} ,brightness(0), {_111872~[_111872 > 0, _111872 =< 45]} )
            can_initiates(fade_in_end,fading_out, {_112594~[_112594 > 0, _112594 < 45]} )
            happens(fade_in_end, {_112594~[_112594 > 0, _112594 < 45]} )
                builtin(!spy)
                holdsAt(brightness(10), {_112594~[_112594 > 0, _112594 < 45]} ,fading_in)
                     {_114350~[_114350 > 0, _114350 < 45]} .>.0
                     {_114350~[_114350 > 0, _114350 < 45]} .<. {_112594~[_112594 > 0, _112594 < 45]} 
                    max_time(100)
                     {_112594~[_112594 > 0, _112594 < 45]} .=<.100
                    can_trajectory(fading_in, {_114350~[_114350 > 0, _114350 < 45]} ,brightness(10), {_112594~[_112594 > 0, _112594 < 45]} )
                    can_initiates(fade_out_end,fading_in, {_114350~[_114350 > 0, _114350 < 45]} )
                    happens(fade_out_end, {_114350~[_114350 > 0, _114350 < 45]} )
                        builtin(!spy)
                        holdsAt(brightness(0), {_114350~[_114350 > 0, _114350 < 45]} ,fading_out)
                             {_116348~[_116348 > 0, _116348 < 45]} .>.0
                             {_116348~[_116348 > 0, _116348 < 45]} .<. {_114350~[_114350 > 0, _114350 < 45]} 
                            max_time(100)
                             {_114350~[_114350 > 0, _114350 < 45]} .=<.100
                            can_trajectory(fading_out, {_116348~[_116348 > 0, _116348 < 45]} ,brightness(0), {_114350~[_114350 > 0, _114350 < 45]} )
                            can_initiates(fade_in_end,fading_out, {_116348~[_116348 > 0, _116348 < 45]} )
                            happens(fade_in_end, {_116348~[_116348 > 0, _116348 < 45]} )
                                builtin(!spy)
                                holdsAt(brightness(10), {_116348~[_116348 > 0, _116348 < 45]} ,fading_in)
                                     {_118549~[_118549 > 0, _118549 < 45]} .>.0
                                     {_118549~[_118549 > 0, _118549 < 45]} .<. {_116348~[_116348 > 0, _116348 < 45]} 
                                    max_time(100)
                                     {_116348~[_116348 > 0, _116348 < 45]} .=<.100
                                    can_trajectory(fading_in, {_118549~[_118549 > 0, _118549 < 45]} ,brightness(10), {_116348~[_116348 > 0, _116348 < 45]} )
                                    can_initiates(fade_out_end,fading_in, {_118549~[_118549 > 0, _118549 < 45]} )
                                    happens(fade_out_end, {_118549~[_118549 > 0, _118549 < 45]} )
                                        builtin(!spy)
                                        holdsAt(brightness(0), {_118549~[_118549 > 0, _118549 < 45]} ,fading_out)
                                             {_120953~[_120953 > 0, _120953 < 45]} .>.0
                                             {_120953~[_120953 > 0, _120953 < 45]} .<. {_118549~[_118549 > 0, _118549 < 45]} 
                                            max_time(100)
                                             {_118549~[_118549 > 0, _118549 < 45]} .=<.100
                                            can_trajectory(fading_out, {_120953~[_120953 > 0, _120953 < 45]} ,brightness(0), {_118549~[_118549 > 0, _118549 < 45]} )
                                            can_initiates(fade_in_end,fading_out, {_120953~[_120953 > 0, _120953 < 45]} )
                                            happens(fade_in_end, {_120953~[_120953 > 0, _120953 < 45]} )
                                                builtin(!spy)

--------------------- Calling:  builtin(!spy) -------------
     {_111872~[_111872 > 0, _111872 =< 45]} .=<.45
    happens(fade_out_end, {_111872~[_111872 > 0, _111872 =< 45]} )
        builtin(!spy)
        holdsAt(brightness(0), {_111872~[_111872 > 0, _111872 =< 45]} ,fading_out)
             {_112594~[_112594 > 0, _112594 < 45]} .>.0
             {_112594~[_112594 > 0, _112594 < 45]} .<. {_111872~[_111872 > 0, _111872 =< 45]} 
            max_time(100)
             {_111872~[_111872 > 0, _111872 =< 45]} .=<.100
            can_trajectory(fading_out, {_112594~[_112594 > 0, _112594 < 45]} ,brightness(0), {_111872~[_111872 > 0, _111872 =< 45]} )
            can_initiates(fade_in_end,fading_out, {_112594~[_112594 > 0, _112594 < 45]} )
            happens(fade_in_end, {_112594~[_112594 > 0, _112594 < 45]} )
                builtin(!spy)
                holdsAt(brightness(10), {_112594~[_112594 > 0, _112594 < 45]} ,fading_in)
                     {_114350~[_114350 > 0, _114350 < 45]} .>.0
                     {_114350~[_114350 > 0, _114350 < 45]} .<. {_112594~[_112594 > 0, _112594 < 45]} 
                    max_time(100)
                     {_112594~[_112594 > 0, _112594 < 45]} .=<.100
                    can_trajectory(fading_in, {_114350~[_114350 > 0, _114350 < 45]} ,brightness(10), {_112594~[_112594 > 0, _112594 < 45]} )
                    can_initiates(fade_out_end,fading_in, {_114350~[_114350 > 0, _114350 < 45]} )
                    happens(fade_out_end, {_114350~[_114350 > 0, _114350 < 45]} )
                        builtin(!spy)
                        holdsAt(brightness(0), {_114350~[_114350 > 0, _114350 < 45]} ,fading_out)
                             {_116348~[_116348 > 0, _116348 < 45]} .>.0
                             {_116348~[_116348 > 0, _116348 < 45]} .<. {_114350~[_114350 > 0, _114350 < 45]} 
                            max_time(100)
                             {_114350~[_114350 > 0, _114350 < 45]} .=<.100
                            can_trajectory(fading_out, {_116348~[_116348 > 0, _116348 < 45]} ,brightness(0), {_114350~[_114350 > 0, _114350 < 45]} )
                            can_initiates(fade_in_end,fading_out, {_116348~[_116348 > 0, _116348 < 45]} )
                            happens(fade_in_end, {_116348~[_116348 > 0, _116348 < 45]} )
                                builtin(!spy)
                                holdsAt(brightness(10), {_116348~[_116348 > 0, _116348 < 45]} ,fading_in)
                                     {_118549~[_118549 > 0, _118549 < 45]} .>.0
                                     {_118549~[_118549 > 0, _118549 < 45]} .<. {_116348~[_116348 > 0, _116348 < 45]} 
                                    max_time(100)
                                     {_116348~[_116348 > 0, _116348 < 45]} .=<.100
                                    can_trajectory(fading_in, {_118549~[_118549 > 0, _118549 < 45]} ,brightness(10), {_116348~[_116348 > 0, _116348 < 45]} )
                                    can_initiates(fade_out_end,fading_in, {_118549~[_118549 > 0, _118549 < 45]} )
                                    happens(fade_out_end, {_118549~[_118549 > 0, _118549 < 45]} )
                                        builtin(!spy)
                                        holdsAt(brightness(0), {_118549~[_118549 > 0, _118549 < 45]} ,fading_out)
                                             {_120953~[_120953 > 0, _120953 < 45]} .>.0
                                             {_120953~[_120953 > 0, _120953 < 45]} .<. {_118549~[_118549 > 0, _118549 < 45]} 
                                            max_time(100)
                                             {_118549~[_118549 > 0, _118549 < 45]} .=<.100
                                            can_trajectory(fading_out, {_120953~[_120953 > 0, _120953 < 45]} ,brightness(0), {_118549~[_118549 > 0, _118549 < 45]} )
                                            can_initiates(fade_in_end,fading_out, {_120953~[_120953 > 0, _120953 < 45]} )
                                            happens(fade_in_end, {_120953~[_120953 > 0, _120953 < 45]} )
                                                builtin(!spy)
                                                holdsAt(brightness(10), {_120953~[_120953 > 0, _120953 < 45]} ,fading_in)
                                                     {_123560~[_123560 > 0, _123560 < 45]} .>.0
                                                     {_123560~[_123560 > 0, _123560 < 45]} .<. {_120953~[_120953 > 0, _120953 < 45]} 
                                                    max_time(100)
                                                     {_120953~[_120953 > 0, _120953 < 45]} .=<.100
                                                    can_trajectory(fading_in, {_123560~[_123560 > 0, _123560 < 45]} ,brightness(10), {_120953~[_120953 > 0, _120953 < 45]} )
                                                    can_initiates(fade_out_end,fading_in, {_123560~[_123560 > 0, _123560 < 45]} )
                                                    happens(fade_out_end, {_123560~[_123560 > 0, _123560 < 45]} )
                                                        builtin(!spy)

--------------------- Calling:  builtin(!spy) -------------
     {_111872~[_111872 > 0, _111872 =< 45]} .=<.45
    happens(fade_out_end, {_111872~[_111872 > 0, _111872 =< 45]} )
        builtin(!spy)
        holdsAt(brightness(0), {_111872~[_111872 > 0, _111872 =< 45]} ,fading_out)
             {_112594~[_112594 > 0, _112594 < 45]} .>.0
             {_112594~[_112594 > 0, _112594 < 45]} .<. {_111872~[_111872 > 0, _111872 =< 45]} 
            max_time(100)
             {_111872~[_111872 > 0, _111872 =< 45]} .=<.100
            can_trajectory(fading_out, {_112594~[_112594 > 0, _112594 < 45]} ,brightness(0), {_111872~[_111872 > 0, _111872 =< 45]} )
            can_initiates(fade_in_end,fading_out, {_112594~[_112594 > 0, _112594 < 45]} )
            happens(fade_in_end, {_112594~[_112594 > 0, _112594 < 45]} )
                builtin(!spy)
                holdsAt(brightness(10), {_112594~[_112594 > 0, _112594 < 45]} ,fading_in)
                     {_114350~[_114350 > 0, _114350 < 45]} .>.0
                     {_114350~[_114350 > 0, _114350 < 45]} .<. {_112594~[_112594 > 0, _112594 < 45]} 
                    max_time(100)
                     {_112594~[_112594 > 0, _112594 < 45]} .=<.100
                    can_trajectory(fading_in, {_114350~[_114350 > 0, _114350 < 45]} ,brightness(10), {_112594~[_112594 > 0, _112594 < 45]} )
                    can_initiates(fade_out_end,fading_in, {_114350~[_114350 > 0, _114350 < 45]} )
                    happens(fade_out_end, {_114350~[_114350 > 0, _114350 < 45]} )
                        builtin(!spy)
                        holdsAt(brightness(0), {_114350~[_114350 > 0, _114350 < 45]} ,fading_out)
                             {_116348~[_116348 > 0, _116348 < 45]} .>.0
                             {_116348~[_116348 > 0, _116348 < 45]} .<. {_114350~[_114350 > 0, _114350 < 45]} 
                            max_time(100)
                             {_114350~[_114350 > 0, _114350 < 45]} .=<.100
                            can_trajectory(fading_out, {_116348~[_116348 > 0, _116348 < 45]} ,brightness(0), {_114350~[_114350 > 0, _114350 < 45]} )
                            can_initiates(fade_in_end,fading_out, {_116348~[_116348 > 0, _116348 < 45]} )
                            happens(fade_in_end, {_116348~[_116348 > 0, _116348 < 45]} )
                                builtin(!spy)
                                holdsAt(brightness(10), {_116348~[_116348 > 0, _116348 < 45]} ,fading_in)
                                     {_118549~[_118549 > 0, _118549 < 45]} .>.0
                                     {_118549~[_118549 > 0, _118549 < 45]} .<. {_116348~[_116348 > 0, _116348 < 45]} 
                                    max_time(100)
                                     {_116348~[_116348 > 0, _116348 < 45]} .=<.100
                                    can_trajectory(fading_in, {_118549~[_118549 > 0, _118549 < 45]} ,brightness(10), {_116348~[_116348 > 0, _116348 < 45]} )
                                    can_initiates(fade_out_end,fading_in, {_118549~[_118549 > 0, _118549 < 45]} )
                                    happens(fade_out_end, {_118549~[_118549 > 0, _118549 < 45]} )
                                        builtin(!spy)
                                        holdsAt(brightness(0), {_118549~[_118549 > 0, _118549 < 45]} ,fading_out)
                                             {_120953~[_120953 > 0, _120953 < 45]} .>.0
                                             {_120953~[_120953 > 0, _120953 < 45]} .<. {_118549~[_118549 > 0, _118549 < 45]} 
                                            max_time(100)
                                             {_118549~[_118549 > 0, _118549 < 45]} .=<.100
                                            can_trajectory(fading_out, {_120953~[_120953 > 0, _120953 < 45]} ,brightness(0), {_118549~[_118549 > 0, _118549 < 45]} )
                                            can_initiates(fade_in_end,fading_out, {_120953~[_120953 > 0, _120953 < 45]} )
                                            happens(fade_in_end, {_120953~[_120953 > 0, _120953 < 45]} )
                                                builtin(!spy)
                                                holdsAt(brightness(10), {_120953~[_120953 > 0, _120953 < 45]} ,fading_in)
                                                     {_123560~[_123560 > 0, _123560 < 45]} .>.0
                                                     {_123560~[_123560 > 0, _123560 < 45]} .<. {_120953~[_120953 > 0, _120953 < 45]} 
                                                    max_time(100)
                                                     {_120953~[_120953 > 0, _120953 < 45]} .=<.100
                                                    can_trajectory(fading_in, {_123560~[_123560 > 0, _123560 < 45]} ,brightness(10), {_120953~[_120953 > 0, _120953 < 45]} )
                                                    can_initiates(fade_out_end,fading_in, {_123560~[_123560 > 0, _123560 < 45]} )
                                                    happens(fade_out_end, {_123560~[_123560 > 0, _123560 < 45]} )
                                                        builtin(!spy)
                                                        holdsAt(brightness(0), {_123560~[_123560 > 0, _123560 < 45]} ,fading_out)
                                                             {_126370~[_126370 > 0, _126370 < 45]} .>.0
                                                             {_126370~[_126370 > 0, _126370 < 45]} .<. {_123560~[_123560 > 0, _123560 < 45]} 
                                                            max_time(100)
                                                             {_123560~[_123560 > 0, _123560 < 45]} .=<.100
                                                            can_trajectory(fading_out, {_126370~[_126370 > 0, _126370 < 45]} ,brightness(0), {_123560~[_123560 > 0, _123560 < 45]} )
                                                            can_initiates(fade_in_end,fading_out, {_126370~[_126370 > 0, _126370 < 45]} )
                                                            happens(fade_in_end, {_126370~[_126370 > 0, _126370 < 45]} )
                                                                builtin(!spy)

--------------------- Calling:  builtin(!spy) -------------
     {_111872~[_111872 > 0, _111872 =< 45]} .=<.45
    happens(fade_out_end, {_111872~[_111872 > 0, _111872 =< 45]} )
        builtin(!spy)
        holdsAt(brightness(0), {_111872~[_111872 > 0, _111872 =< 45]} ,fading_out)
             {_112594~[_112594 > 0, _112594 < 45]} .>.0
             {_112594~[_112594 > 0, _112594 < 45]} .<. {_111872~[_111872 > 0, _111872 =< 45]} 
            max_time(100)
             {_111872~[_111872 > 0, _111872 =< 45]} .=<.100
            can_trajectory(fading_out, {_112594~[_112594 > 0, _112594 < 45]} ,brightness(0), {_111872~[_111872 > 0, _111872 =< 45]} )
            can_initiates(fade_in_end,fading_out, {_112594~[_112594 > 0, _112594 < 45]} )
            happens(fade_in_end, {_112594~[_112594 > 0, _112594 < 45]} )
                builtin(!spy)
                holdsAt(brightness(10), {_112594~[_112594 > 0, _112594 < 45]} ,fading_in)
                     {_114350~[_114350 > 0, _114350 < 45]} .>.0
                     {_114350~[_114350 > 0, _114350 < 45]} .<. {_112594~[_112594 > 0, _112594 < 45]} 
                    max_time(100)
                     {_112594~[_112594 > 0, _112594 < 45]} .=<.100
                    can_trajectory(fading_in, {_114350~[_114350 > 0, _114350 < 45]} ,brightness(10), {_112594~[_112594 > 0, _112594 < 45]} )
                    can_initiates(fade_out_end,fading_in, {_114350~[_114350 > 0, _114350 < 45]} )
                    happens(fade_out_end, {_114350~[_114350 > 0, _114350 < 45]} )
                        builtin(!spy)
                        holdsAt(brightness(0), {_114350~[_114350 > 0, _114350 < 45]} ,fading_out)
                             {_116348~[_116348 > 0, _116348 < 45]} .>.0
                             {_116348~[_116348 > 0, _116348 < 45]} .<. {_114350~[_114350 > 0, _114350 < 45]} 
                            max_time(100)
                             {_114350~[_114350 > 0, _114350 < 45]} .=<.100
                            can_trajectory(fading_out, {_116348~[_116348 > 0, _116348 < 45]} ,brightness(0), {_114350~[_114350 > 0, _114350 < 45]} )
                            can_initiates(fade_in_end,fading_out, {_116348~[_116348 > 0, _116348 < 45]} )
                            happens(fade_in_end, {_116348~[_116348 > 0, _116348 < 45]} )
                                builtin(!spy)
                                holdsAt(brightness(10), {_116348~[_116348 > 0, _116348 < 45]} ,fading_in)
                                     {_118549~[_118549 > 0, _118549 < 45]} .>.0
                                     {_118549~[_118549 > 0, _118549 < 45]} .<. {_116348~[_116348 > 0, _116348 < 45]} 
                                    max_time(100)
                                     {_116348~[_116348 > 0, _116348 < 45]} .=<.100
                                    can_trajectory(fading_in, {_118549~[_118549 > 0, _118549 < 45]} ,brightness(10), {_116348~[_116348 > 0, _116348 < 45]} )
                                    can_initiates(fade_out_end,fading_in, {_118549~[_118549 > 0, _118549 < 45]} )
                                    happens(fade_out_end, {_118549~[_118549 > 0, _118549 < 45]} )
                                        builtin(!spy)
                                        holdsAt(brightness(0), {_118549~[_118549 > 0, _118549 < 45]} ,fading_out)
                                             {_120953~[_120953 > 0, _120953 < 45]} .>.0
                                             {_120953~[_120953 > 0, _120953 < 45]} .<. {_118549~[_118549 > 0, _118549 < 45]} 
                                            max_time(100)
                                             {_118549~[_118549 > 0, _118549 < 45]} .=<.100
                                            can_trajectory(fading_out, {_120953~[_120953 > 0, _120953 < 45]} ,brightness(0), {_118549~[_118549 > 0, _118549 < 45]} )
                                            can_initiates(fade_in_end,fading_out, {_120953~[_120953 > 0, _120953 < 45]} )
                                            happens(fade_in_end, {_120953~[_120953 > 0, _120953 < 45]} )
                                                builtin(!spy)
                                                holdsAt(brightness(10), {_120953~[_120953 > 0, _120953 < 45]} ,fading_in)
                                                     {_123560~[_123560 > 0, _123560 < 45]} .>.0
                                                     {_123560~[_123560 > 0, _123560 < 45]} .<. {_120953~[_120953 > 0, _120953 < 45]} 
                                                    max_time(100)
                                                     {_120953~[_120953 > 0, _120953 < 45]} .=<.100
                                                    can_trajectory(fading_in, {_123560~[_123560 > 0, _123560 < 45]} ,brightness(10), {_120953~[_120953 > 0, _120953 < 45]} )
                                                    can_initiates(fade_out_end,fading_in, {_123560~[_123560 > 0, _123560 < 45]} )
                                                    happens(fade_out_end, {_123560~[_123560 > 0, _123560 < 45]} )
                                                        builtin(!spy)
                                                        holdsAt(brightness(0), {_123560~[_123560 > 0, _123560 < 45]} ,fading_out)
                                                             {_126370~[_126370 > 0, _126370 < 45]} .>.0
                                                             {_126370~[_126370 > 0, _126370 < 45]} .<. {_123560~[_123560 > 0, _123560 < 45]} 
                                                            max_time(100)
                                                             {_123560~[_123560 > 0, _123560 < 45]} .=<.100
                                                            can_trajectory(fading_out, {_126370~[_126370 > 0, _126370 < 45]} ,brightness(0), {_123560~[_123560 > 0, _123560 < 45]} )
                                                            can_initiates(fade_in_end,fading_out, {_126370~[_126370 > 0, _126370 < 45]} )
                                                            happens(fade_in_end, {_126370~[_126370 > 0, _126370 < 45]} )
                                                                builtin(!spy)
                                                                holdsAt(brightness(10), {_126370~[_126370 > 0, _126370 < 45]} ,fading_in)
                                                                     {_129383~[_129383 > 0, _129383 < 45]} .>.0
                                                                     {_129383~[_129383 > 0, _129383 < 45]} .<. {_126370~[_126370 > 0, _126370 < 45]} 
                                                                    max_time(100)
                                                                     {_126370~[_126370 > 0, _126370 < 45]} .=<.100
                                                                    can_trajectory(fading_in, {_129383~[_129383 > 0, _129383 < 45]} ,brightness(10), {_126370~[_126370 > 0, _126370 < 45]} )
                                                                    can_initiates(fade_out_end,fading_in, {_129383~[_129383 > 0, _129383 < 45]} )
                                                                    happens(fade_out_end, {_129383~[_129383 > 0, _129383 < 45]} )
                                                                        builtin(!spy)

--------------------- Calling:  builtin(!spy) -------------
     {_111872~[_111872 > 0, _111872 =< 45]} .=<.45
    happens(fade_out_end, {_111872~[_111872 > 0, _111872 =< 45]} )
        builtin(!spy)
        holdsAt(brightness(0), {_111872~[_111872 > 0, _111872 =< 45]} ,fading_out)
             {_112594~[_112594 > 0, _112594 < 45]} .>.0
             {_112594~[_112594 > 0, _112594 < 45]} .<. {_111872~[_111872 > 0, _111872 =< 45]} 
            max_time(100)
             {_111872~[_111872 > 0, _111872 =< 45]} .=<.100
            can_trajectory(fading_out, {_112594~[_112594 > 0, _112594 < 45]} ,brightness(0), {_111872~[_111872 > 0, _111872 =< 45]} )
            can_initiates(fade_in_end,fading_out, {_112594~[_112594 > 0, _112594 < 45]} )
            happens(fade_in_end, {_112594~[_112594 > 0, _112594 < 45]} )
                builtin(!spy)
                holdsAt(brightness(10), {_112594~[_112594 > 0, _112594 < 45]} ,fading_in)
                     {_114350~[_114350 > 0, _114350 < 45]} .>.0
                     {_114350~[_114350 > 0, _114350 < 45]} .<. {_112594~[_112594 > 0, _112594 < 45]} 
                    max_time(100)
                     {_112594~[_112594 > 0, _112594 < 45]} .=<.100
                    can_trajectory(fading_in, {_114350~[_114350 > 0, _114350 < 45]} ,brightness(10), {_112594~[_112594 > 0, _112594 < 45]} )
                    can_initiates(fade_out_end,fading_in, {_114350~[_114350 > 0, _114350 < 45]} )
                    happens(fade_out_end, {_114350~[_114350 > 0, _114350 < 45]} )
                        builtin(!spy)
                        holdsAt(brightness(0), {_114350~[_114350 > 0, _114350 < 45]} ,fading_out)
                             {_116348~[_116348 > 0, _116348 < 45]} .>.0
                             {_116348~[_116348 > 0, _116348 < 45]} .<. {_114350~[_114350 > 0, _114350 < 45]} 
                            max_time(100)
                             {_114350~[_114350 > 0, _114350 < 45]} .=<.100
                            can_trajectory(fading_out, {_116348~[_116348 > 0, _116348 < 45]} ,brightness(0), {_114350~[_114350 > 0, _114350 < 45]} )
                            can_initiates(fade_in_end,fading_out, {_116348~[_116348 > 0, _116348 < 45]} )
                            happens(fade_in_end, {_116348~[_116348 > 0, _116348 < 45]} )
                                builtin(!spy)
                                holdsAt(brightness(10), {_116348~[_116348 > 0, _116348 < 45]} ,fading_in)
                                     {_118549~[_118549 > 0, _118549 < 45]} .>.0
                                     {_118549~[_118549 > 0, _118549 < 45]} .<. {_116348~[_116348 > 0, _116348 < 45]} 
                                    max_time(100)
                                     {_116348~[_116348 > 0, _116348 < 45]} .=<.100
                                    can_trajectory(fading_in, {_118549~[_118549 > 0, _118549 < 45]} ,brightness(10), {_116348~[_116348 > 0, _116348 < 45]} )
                                    can_initiates(fade_out_end,fading_in, {_118549~[_118549 > 0, _118549 < 45]} )
                                    happens(fade_out_end, {_118549~[_118549 > 0, _118549 < 45]} )
                                        builtin(!spy)
                                        holdsAt(brightness(0), {_118549~[_118549 > 0, _118549 < 45]} ,fading_out)
                                             {_120953~[_120953 > 0, _120953 < 45]} .>.0
                                             {_120953~[_120953 > 0, _120953 < 45]} .<. {_118549~[_118549 > 0, _118549 < 45]} 
                                            max_time(100)
                                             {_118549~[_118549 > 0, _118549 < 45]} .=<.100
                                            can_trajectory(fading_out, {_120953~[_120953 > 0, _120953 < 45]} ,brightness(0), {_118549~[_118549 > 0, _118549 < 45]} )
                                            can_initiates(fade_in_end,fading_out, {_120953~[_120953 > 0, _120953 < 45]} )
                                            happens(fade_in_end, {_120953~[_120953 > 0, _120953 < 45]} )
                                                builtin(!spy)
                                                holdsAt(brightness(10), {_120953~[_120953 > 0, _120953 < 45]} ,fading_in)
                                                     {_123560~[_123560 > 0, _123560 < 45]} .>.0
                                                     {_123560~[_123560 > 0, _123560 < 45]} .<. {_120953~[_120953 > 0, _120953 < 45]} 
                                                    max_time(100)
                                                     {_120953~[_120953 > 0, _120953 < 45]} .=<.100
                                                    can_trajectory(fading_in, {_123560~[_123560 > 0, _123560 < 45]} ,brightness(10), {_120953~[_120953 > 0, _120953 < 45]} )
                                                    can_initiates(fade_out_end,fading_in, {_123560~[_123560 > 0, _123560 < 45]} )
                                                    happens(fade_out_end, {_123560~[_123560 > 0, _123560 < 45]} )
                                                        builtin(!spy)
                                                        holdsAt(brightness(0), {_123560~[_123560 > 0, _123560 < 45]} ,fading_out)
                                                             {_126370~[_126370 > 0, _126370 < 45]} .>.0
                                                             {_126370~[_126370 > 0, _126370 < 45]} .<. {_123560~[_123560 > 0, _123560 < 45]} 
                                                            max_time(100)
                                                             {_123560~[_123560 > 0, _123560 < 45]} .=<.100
                                                            can_trajectory(fading_out, {_126370~[_126370 > 0, _126370 < 45]} ,brightness(0), {_123560~[_123560 > 0, _123560 < 45]} )
                                                            can_initiates(fade_in_end,fading_out, {_126370~[_126370 > 0, _126370 < 45]} )
                                                            happens(fade_in_end, {_126370~[_126370 > 0, _126370 < 45]} )
                                                                builtin(!spy)
                                                                holdsAt(brightness(10), {_126370~[_126370 > 0, _126370 < 45]} ,fading_in)
                                                                     {_129383~[_129383 > 0, _129383 < 45]} .>.0
                                                                     {_129383~[_129383 > 0, _129383 < 45]} .<. {_126370~[_126370 > 0, _126370 < 45]} 
                                                                    max_time(100)
                                                                     {_126370~[_126370 > 0, _126370 < 45]} .=<.100
                                                                    can_trajectory(fading_in, {_129383~[_129383 > 0, _129383 < 45]} ,brightness(10), {_126370~[_126370 > 0, _126370 < 45]} )
                                                                    can_initiates(fade_out_end,fading_in, {_129383~[_129383 > 0, _129383 < 45]} )
                                                                    happens(fade_out_end, {_129383~[_129383 > 0, _129383 < 45]} )
                                                                        builtin(!spy)
                                                                        holdsAt(brightness(0), {_129383~[_129383 > 0, _129383 < 45]} ,fading_out)
                                                                             {_132599~[_132599 > 0, _132599 < 45]} .>.0
                                                                             {_132599~[_132599 > 0, _132599 < 45]} .<. {_129383~[_129383 > 0, _129383 < 45]} 
                                                                            max_time(100)
                                                                             {_129383~[_129383 > 0, _129383 < 45]} .=<.100
                                                                            can_trajectory(fading_out, {_132599~[_132599 > 0, _132599 < 45]} ,brightness(0), {_129383~[_129383 > 0, _129383 < 45]} )
                                                                            can_initiates(fade_in_end,fading_out, {_132599~[_132599 > 0, _132599 < 45]} )
                                                                            happens(fade_in_end, {_132599~[_132599 > 0, _132599 < 45]} )
                                                                                builtin(!spy)

--------------------- Calling:  builtin(!spy) -------------
     {_111872~[_111872 > 0, _111872 =< 45]} .=<.45
    happens(fade_out_end, {_111872~[_111872 > 0, _111872 =< 45]} )
        builtin(!spy)
        holdsAt(brightness(0), {_111872~[_111872 > 0, _111872 =< 45]} ,fading_out)
             {_112594~[_112594 > 0, _112594 < 45]} .>.0
             {_112594~[_112594 > 0, _112594 < 45]} .<. {_111872~[_111872 > 0, _111872 =< 45]} 
            max_time(100)
             {_111872~[_111872 > 0, _111872 =< 45]} .=<.100
            can_trajectory(fading_out, {_112594~[_112594 > 0, _112594 < 45]} ,brightness(0), {_111872~[_111872 > 0, _111872 =< 45]} )
            can_initiates(fade_in_end,fading_out, {_112594~[_112594 > 0, _112594 < 45]} )
            happens(fade_in_end, {_112594~[_112594 > 0, _112594 < 45]} )
                builtin(!spy)
                holdsAt(brightness(10), {_112594~[_112594 > 0, _112594 < 45]} ,fading_in)
                     {_114350~[_114350 > 0, _114350 < 45]} .>.0
                     {_114350~[_114350 > 0, _114350 < 45]} .<. {_112594~[_112594 > 0, _112594 < 45]} 
                    max_time(100)
                     {_112594~[_112594 > 0, _112594 < 45]} .=<.100
                    can_trajectory(fading_in, {_114350~[_114350 > 0, _114350 < 45]} ,brightness(10), {_112594~[_112594 > 0, _112594 < 45]} )
                    can_initiates(fade_out_end,fading_in, {_114350~[_114350 > 0, _114350 < 45]} )
                    happens(fade_out_end, {_114350~[_114350 > 0, _114350 < 45]} )
                        builtin(!spy)
                        holdsAt(brightness(0), {_114350~[_114350 > 0, _114350 < 45]} ,fading_out)
                             {_116348~[_116348 > 0, _116348 < 45]} .>.0
                             {_116348~[_116348 > 0, _116348 < 45]} .<. {_114350~[_114350 > 0, _114350 < 45]} 
                            max_time(100)
                             {_114350~[_114350 > 0, _114350 < 45]} .=<.100
                            can_trajectory(fading_out, {_116348~[_116348 > 0, _116348 < 45]} ,brightness(0), {_114350~[_114350 > 0, _114350 < 45]} )
                            can_initiates(fade_in_end,fading_out, {_116348~[_116348 > 0, _116348 < 45]} )
                            happens(fade_in_end, {_116348~[_116348 > 0, _116348 < 45]} )
                                builtin(!spy)
                                holdsAt(brightness(10), {_116348~[_116348 > 0, _116348 < 45]} ,fading_in)
                                     {_118549~[_118549 > 0, _118549 < 45]} .>.0
                                     {_118549~[_118549 > 0, _118549 < 45]} .<. {_116348~[_116348 > 0, _116348 < 45]} 
                                    max_time(100)
                                     {_116348~[_116348 > 0, _116348 < 45]} .=<.100
                                    can_trajectory(fading_in, {_118549~[_118549 > 0, _118549 < 45]} ,brightness(10), {_116348~[_116348 > 0, _116348 < 45]} )
                                    can_initiates(fade_out_end,fading_in, {_118549~[_118549 > 0, _118549 < 45]} )
                                    happens(fade_out_end, {_118549~[_118549 > 0, _118549 < 45]} )
                                        builtin(!spy)
                                        holdsAt(brightness(0), {_118549~[_118549 > 0, _118549 < 45]} ,fading_out)
                                             {_120953~[_120953 > 0, _120953 < 45]} .>.0
                                             {_120953~[_120953 > 0, _120953 < 45]} .<. {_118549~[_118549 > 0, _118549 < 45]} 
                                            max_time(100)
                                             {_118549~[_118549 > 0, _118549 < 45]} .=<.100
                                            can_trajectory(fading_out, {_120953~[_120953 > 0, _120953 < 45]} ,brightness(0), {_118549~[_118549 > 0, _118549 < 45]} )
                                            can_initiates(fade_in_end,fading_out, {_120953~[_120953 > 0, _120953 < 45]} )
                                            happens(fade_in_end, {_120953~[_120953 > 0, _120953 < 45]} )
                                                builtin(!spy)
                                                holdsAt(brightness(10), {_120953~[_120953 > 0, _120953 < 45]} ,fading_in)
                                                     {_123560~[_123560 > 0, _123560 < 45]} .>.0
                                                     {_123560~[_123560 > 0, _123560 < 45]} .<. {_120953~[_120953 > 0, _120953 < 45]} 
                                                    max_time(100)
                                                     {_120953~[_120953 > 0, _120953 < 45]} .=<.100
                                                    can_trajectory(fading_in, {_123560~[_123560 > 0, _123560 < 45]} ,brightness(10), {_120953~[_120953 > 0, _120953 < 45]} )
                                                    can_initiates(fade_out_end,fading_in, {_123560~[_123560 > 0, _123560 < 45]} )
                                                    happens(fade_out_end, {_123560~[_123560 > 0, _123560 < 45]} )
                                                        builtin(!spy)
                                                        holdsAt(brightness(0), {_123560~[_123560 > 0, _123560 < 45]} ,fading_out)
                                                             {_126370~[_126370 > 0, _126370 < 45]} .>.0
                                                             {_126370~[_126370 > 0, _126370 < 45]} .<. {_123560~[_123560 > 0, _123560 < 45]} 
                                                            max_time(100)
                                                             {_123560~[_123560 > 0, _123560 < 45]} .=<.100
                                                            can_trajectory(fading_out, {_126370~[_126370 > 0, _126370 < 45]} ,brightness(0), {_123560~[_123560 > 0, _123560 < 45]} )
                                                            can_initiates(fade_in_end,fading_out, {_126370~[_126370 > 0, _126370 < 45]} )
                                                            happens(fade_in_end, {_126370~[_126370 > 0, _126370 < 45]} )
                                                                builtin(!spy)
                                                                holdsAt(brightness(10), {_126370~[_126370 > 0, _126370 < 45]} ,fading_in)
                                                                     {_129383~[_129383 > 0, _129383 < 45]} .>.0
                                                                     {_129383~[_129383 > 0, _129383 < 45]} .<.
timeout


  real      0:03.30
  real [s]  3.30
  user [s]  1.81
  sys  [s]  0.05
  mem  [KB] 28692
  avgm [KB] 0
