Below is the simplified and the full version of the 4th output of !spy produced by this non-terminating example.
The simplified version omits most predicates to highlight the chain of events.

========================================================================================================================
Simplified !spy output: (removed most predicates to highlight the chain of events)
========================================================================================================================

--------------------- Calling:  builtin(!spy) -------------
  {T1~[T1 > 0, T1 =< 20]} .=<.20
  happens(turn_light_on, {T1~[T1 > 0, T1 =< 20]} )                              % T1
    not_holdsAt(light_on, {T1~[T1 > 0, T1 =< 20]} )
      {T2~[T2 > 0, T2 < 20]} .>.0
      {T2~[T2 > 0, T2 < 20]} .<. {T1~[T1 > 0, T1 =< 20]}                        % T2 < T1
      max_time(20)
      {T1~[T1 > 0, T1 =< 20]} .=<.20
      can_terminates(turn_light_off,light_on, {T2~[T2 > 0, T2 < 20]} )
      happens(turn_light_off, {T2~[T2 > 0, T2 < 20]} )                          % T2
        holdsAt(light_on, {T2~[T2 > 0, T2 < 20]} )
          {T3~[T3 > 0, T3 < 20]} .>.0
          {T3~[T3 > 0, T3 < 20]} .<. {T2~[T2 > 0, T2 < 20]}                     % T3 < T2
          can_initiates(turn_light_on,light_on, {T3~[T3 > 0, T3 < 20]} )
          happens(turn_light_on, {T3~[T3 > 0, T3 < 20]} )                       % T3
            not_holdsAt(light_on, {T3~[T3 > 0, T3 < 20]} )
              {T4~[T4 > 0, T4 < 20]} .>.0
              {T4~[T4 > 0, T4 < 20]} .<. {T3~[T3 > 0, T3 < 20]}                 % T4 < T3
              can_terminates(turn_light_off,light_on, {T4~[T4 > 0, T4 < 20]} )
              happens(turn_light_off, {T4~[T4 > 0, T4 < 20]} )                  % T4


========================================================================================================================
Full !spy output:
========================================================================================================================

--------------------- Calling:  builtin(!spy) -------------
     {_128491~[_128491 > 0, _128491 =< 20]} .=<.20
    happens(turn_light_on, {_128491~[_128491 > 0, _128491 =< 20]} )
        builtin(!spy)
        not_holdsAt(light_on, {_128491~[_128491 > 0, _128491 =< 20]} )
             {_129194~[_129194 > 0, _129194 < 20]} .>.0
             {_129194~[_129194 > 0, _129194 < 20]} .<. {_128491~[_128491 > 0, _128491 =< 20]} 
            max_time(100)
             {_128491~[_128491 > 0, _128491 =< 20]} .=<.100
            can_terminates(turn_light_off,light_on, {_129194~[_129194 > 0, _129194 < 20]} )
            happens(turn_light_off, {_129194~[_129194 > 0, _129194 < 20]} )
                builtin(!spy)
                holdsAt(light_on, {_129194~[_129194 > 0, _129194 < 20]} )
                     {_130835~[_130835 > 0, _130835 < 20]} .>.0
                     {_130835~[_130835 > 0, _130835 < 20]} .<. {_129194~[_129194 > 0, _129194 < 20]} 
                    max_time(100)
                     {_129194~[_129194 > 0, _129194 < 20]} .=<.100
                    can_initiates(turn_light_on,light_on, {_130835~[_130835 > 0, _130835 < 20]} )
                    happens(turn_light_on, {_130835~[_130835 > 0, _130835 < 20]} )
                        builtin(!spy)
                        not_holdsAt(light_on, {_130835~[_130835 > 0, _130835 < 20]} )
                             {_132690~[_132690 > 0, _132690 < 20]} .>.0
                             {_132690~[_132690 > 0, _132690 < 20]} .<. {_130835~[_130835 > 0, _130835 < 20]} 
                            max_time(100)
                             {_130835~[_130835 > 0, _130835 < 20]} .=<.100
                            can_terminates(turn_light_off,light_on, {_132690~[_132690 > 0, _132690 < 20]} )
                            happens(turn_light_off, {_132690~[_132690 > 0, _132690 < 20]} )
                                builtin(!spy)