$ scasp -s0 --ec ../axioms/bec_scasp.pl ./model.pl -v6 --timeout=1000


% QUERY:?- T #=< 20,happens(turn_light_on,T).

--------------------- Calling:  builtin(!spy) -------------
     {_233820~[_233820 =< 20]} .=<.20
    happens(turn_light_on, {_233820~[_233820 =< 20]} )
        builtin(!spy)

--------------------- Calling:  builtin(!spy) -------------
     {_233820~[_233820 > 0, _233820 =< 20]} .=<.20
    happens(turn_light_on, {_233820~[_233820 > 0, _233820 =< 20]} )
        builtin(!spy)
        not_holdsAt(light_on, {_233820~[_233820 > 0, _233820 =< 20]} )
             {_234523~[_234523 > 0, _234523 < 20]} .>.0
             {_234523~[_234523 > 0, _234523 < 20]} .<. {_233820~[_233820 > 0, _233820 =< 20]} 
            max_time(100)
             {_233820~[_233820 > 0, _233820 =< 20]} .=<.100
            can_terminates(turn_light_off,light_on, {_234523~[_234523 > 0, _234523 < 20]} )
            happens(turn_light_off, {_234523~[_234523 > 0, _234523 < 20]} )
                builtin(!spy)

--------------------- Calling:  builtin(!spy) -------------
     {_233820~[_233820 > 0, _233820 =< 20]} .=<.20
    happens(turn_light_on, {_233820~[_233820 > 0, _233820 =< 20]} )
        builtin(!spy)
        not_holdsAt(light_on, {_233820~[_233820 > 0, _233820 =< 20]} )
             {_234523~[_234523 > 0, _234523 < 20]} .>.0
             {_234523~[_234523 > 0, _234523 < 20]} .<. {_233820~[_233820 > 0, _233820 =< 20]} 
            max_time(100)
             {_233820~[_233820 > 0, _233820 =< 20]} .=<.100
            can_terminates(turn_light_off,light_on, {_234523~[_234523 > 0, _234523 < 20]} )
            happens(turn_light_off, {_234523~[_234523 > 0, _234523 < 20]} )
                builtin(!spy)
                holdsAt(light_on, {_234523~[_234523 > 0, _234523 < 20]} )
                     {_236164~[_236164 > 0, _236164 < 20]} .>.0
                     {_236164~[_236164 > 0, _236164 < 20]} .<. {_234523~[_234523 > 0, _234523 < 20]} 
                    max_time(100)
                     {_234523~[_234523 > 0, _234523 < 20]} .=<.100
                    can_initiates(turn_light_on,light_on, {_236164~[_236164 > 0, _236164 < 20]} )
                    happens(turn_light_on, {_236164~[_236164 > 0, _236164 < 20]} )
                        builtin(!spy)

--------------------- Calling:  builtin(!spy) -------------
     {_233820~[_233820 > 0, _233820 =< 20]} .=<.20
    happens(turn_light_on, {_233820~[_233820 > 0, _233820 =< 20]} )
        builtin(!spy)
        not_holdsAt(light_on, {_233820~[_233820 > 0, _233820 =< 20]} )
             {_234523~[_234523 > 0, _234523 < 20]} .>.0
             {_234523~[_234523 > 0, _234523 < 20]} .<. {_233820~[_233820 > 0, _233820 =< 20]} 
            max_time(100)
             {_233820~[_233820 > 0, _233820 =< 20]} .=<.100
            can_terminates(turn_light_off,light_on, {_234523~[_234523 > 0, _234523 < 20]} )
            happens(turn_light_off, {_234523~[_234523 > 0, _234523 < 20]} )
                builtin(!spy)
                holdsAt(light_on, {_234523~[_234523 > 0, _234523 < 20]} )
                     {_236164~[_236164 > 0, _236164 < 20]} .>.0
                     {_236164~[_236164 > 0, _236164 < 20]} .<. {_234523~[_234523 > 0, _234523 < 20]} 
                    max_time(100)
                     {_234523~[_234523 > 0, _234523 < 20]} .=<.100
                    can_initiates(turn_light_on,light_on, {_236164~[_236164 > 0, _236164 < 20]} )
                    happens(turn_light_on, {_236164~[_236164 > 0, _236164 < 20]} )
                        builtin(!spy)
                        not_holdsAt(light_on, {_236164~[_236164 > 0, _236164 < 20]} )
                             {_238019~[_238019 > 0, _238019 < 20]} .>.0
                             {_238019~[_238019 > 0, _238019 < 20]} .<. {_236164~[_236164 > 0, _236164 < 20]} 
                            max_time(100)
                             {_236164~[_236164 > 0, _236164 < 20]} .=<.100
                            can_terminates(turn_light_off,light_on, {_238019~[_238019 > 0, _238019 < 20]} )
                            happens(turn_light_off, {_238019~[_238019 > 0, _238019 < 20]} )
                                builtin(!spy)

--------------------- Calling:  builtin(!spy) -------------
     {_233820~[_233820 > 0, _233820 =< 20]} .=<.20
    happens(turn_light_on, {_233820~[_233820 > 0, _233820 =< 20]} )
        builtin(!spy)
        not_holdsAt(light_on, {_233820~[_233820 > 0, _233820 =< 20]} )
             {_234523~[_234523 > 0, _234523 < 20]} .>.0
             {_234523~[_234523 > 0, _234523 < 20]} .<. {_233820~[_233820 > 0, _233820 =< 20]} 
            max_time(100)
             {_233820~[_233820 > 0, _233820 =< 20]} .=<.100
            can_terminates(turn_light_off,light_on, {_234523~[_234523 > 0, _234523 < 20]} )
            happens(turn_light_off, {_234523~[_234523 > 0, _234523 < 20]} )
                builtin(!spy)
                holdsAt(light_on, {_234523~[_234523 > 0, _234523 < 20]} )
                     {_236164~[_236164 > 0, _236164 < 20]} .>.0
                     {_236164~[_236164 > 0, _236164 < 20]} .<. {_234523~[_234523 > 0, _234523 < 20]} 
                    max_time(100)
                     {_234523~[_234523 > 0, _234523 < 20]} .=<.100
                    can_initiates(turn_light_on,light_on, {_236164~[_236164 > 0, _236164 < 20]} )
                    happens(turn_light_on, {_236164~[_236164 > 0, _236164 < 20]} )
                        builtin(!spy)
                        not_holdsAt(light_on, {_236164~[_236164 > 0, _236164 < 20]} )
                             {_238019~[_238019 > 0, _238019 < 20]} .>.0
                             {_238019~[_238019 > 0, _238019 < 20]} .<. {_236164~[_236164 > 0, _236164 < 20]} 
                            max_time(100)
                             {_236164~[_236164 > 0, _236164 < 20]} .=<.100
                            can_terminates(turn_light_off,light_on, {_238019~[_238019 > 0, _238019 < 20]} )
                            happens(turn_light_off, {_238019~[_238019 > 0, _238019 < 20]} )
                                builtin(!spy)
                                holdsAt(light_on, {_238019~[_238019 > 0, _238019 < 20]} )
                                     {_240049~[_240049 > 0, _240049 < 20]} .>.0
                                     {_240049~[_240049 > 0, _240049 < 20]} .<. {_238019~[_238019 > 0, _238019 < 20]} 
                                    max_time(100)
                                     {_238019~[_238019 > 0, _238019 < 20]} .=<.100
                                    can_initiates(turn_light_on,light_on, {_240049~[_240049 > 0, _240049 < 20]} )
                                    happens(turn_light_on, {_240049~[_240049 > 0, _240049 < 20]} )
                                        builtin(!spy)

--------------------- Calling:  builtin(!spy) -------------
     {_233820~[_233820 > 0, _233820 =< 20]} .=<.20
    happens(turn_light_on, {_233820~[_233820 > 0, _233820 =< 20]} )
        builtin(!spy)
        not_holdsAt(light_on, {_233820~[_233820 > 0, _233820 =< 20]} )
             {_234523~[_234523 > 0, _234523 < 20]} .>.0
             {_234523~[_234523 > 0, _234523 < 20]} .<. {_233820~[_233820 > 0, _233820 =< 20]} 
            max_time(100)
             {_233820~[_233820 > 0, _233820 =< 20]} .=<.100
            can_terminates(turn_light_off,light_on, {_234523~[_234523 > 0, _234523 < 20]} )
            happens(turn_light_off, {_234523~[_234523 > 0, _234523 < 20]} )
                builtin(!spy)
                holdsAt(light_on, {_234523~[_234523 > 0, _234523 < 20]} )
                     {_236164~[_236164 > 0, _236164 < 20]} .>.0
                     {_236164~[_236164 > 0, _236164 < 20]} .<. {_234523~[_234523 > 0, _234523 < 20]} 
                    max_time(100)
                     {_234523~[_234523 > 0, _234523 < 20]} .=<.100
                    can_initiates(turn_light_on,light_on, {_236164~[_236164 > 0, _236164 < 20]} )
                    happens(turn_light_on, {_236164~[_236164 > 0, _236164 < 20]} )
                        builtin(!spy)
                        not_holdsAt(light_on, {_236164~[_236164 > 0, _236164 < 20]} )
                             {_238019~[_238019 > 0, _238019 < 20]} .>.0
                             {_238019~[_238019 > 0, _238019 < 20]} .<. {_236164~[_236164 > 0, _236164 < 20]} 
                            max_time(100)
                             {_236164~[_236164 > 0, _236164 < 20]} .=<.100
                            can_terminates(turn_light_off,light_on, {_238019~[_238019 > 0, _238019 < 20]} )
                            happens(turn_light_off, {_238019~[_238019 > 0, _238019 < 20]} )
                                builtin(!spy)
                                holdsAt(light_on, {_238019~[_238019 > 0, _238019 < 20]} )
                                     {_240049~[_240049 > 0, _240049 < 20]} .>.0
                                     {_240049~[_240049 > 0, _240049 < 20]} .<. {_238019~[_238019 > 0, _238019 < 20]} 
                                    max_time(100)
                                     {_238019~[_238019 > 0, _238019 < 20]} .=<.100
                                    can_initiates(turn_light_on,light_on, {_240049~[_240049 > 0, _240049 < 20]} )
                                    happens(turn_light_on, {_240049~[_240049 > 0, _240049 < 20]} )
                                        builtin(!spy)
                                        not_holdsAt(light_on, {_240049~[_240049 > 0, _240049 < 20]} )
                                             {_242254~[_242254 > 0, _242254 < 20]} .>.0
                                             {_242254~[_242254 > 0, _242254 < 20]} .<. {_240049~[_240049 > 0, _240049 < 20]} 
                                            max_time(100)
                                             {_240049~[_240049 > 0, _240049 < 20]} .=<.100
                                            can_terminates(turn_light_off,light_on, {_242254~[_242254 > 0, _242254 < 20]} )
                                            happens(turn_light_off, {_242254~[_242254 > 0, _242254 < 20]} )
                                                builtin(!spy)

--------------------- Calling:  builtin(!spy) -------------
     {_711~[_711 > 0, _711 =< 20]} .=<.20
    happens(turn_light_on, {_711~[_711 > 0, _711 =< 20]} )
        builtin(!spy)
        not_holdsAt(light_on, {_711~[_711 > 0, _711 =< 20]} )
             {_836~[_836 > 0, _836 < 20]} .>.0
             {_836~[_836 > 0, _836 < 20]} .<. {_711~[_711 > 0, _711 =< 20]} 
            max_time(100)
             {_711~[_711 > 0, _711 =< 20]} .=<.100
            can_terminates(turn_light_off,light_on, {_836~[_836 > 0, _836 < 20]} )
            happens(turn_light_off, {_836~[_836 > 0, _836 < 20]} )
                builtin(!spy)
                holdsAt(light_on, {_836~[_836 > 0, _836 < 20]} )
                     {_1111~[_1111 > 0, _1111 < 20]} .>.0
                     {_1111~[_1111 > 0, _1111 < 20]} .<. {_836~[_836 > 0, _836 < 20]} 
                    max_time(100)
                     {_836~[_836 > 0, _836 < 20]} .=<.100
                    can_initiates(turn_light_on,light_on, {_1111~[_1111 > 0, _1111 < 20]} )
                    happens(turn_light_on, {_1111~[_1111 > 0, _1111 < 20]} )
                        builtin(!spy)
                        not_holdsAt(light_on, {_1111~[_1111 > 0, _1111 < 20]} )
                             {_1413~[_1413 > 0, _1413 < 20]} .>.0
                             {_1413~[_1413 > 0, _1413 < 20]} .<. {_1111~[_1111 > 0, _1111 < 20]} 
                            max_time(100)
                             {_1111~[_1111 > 0, _1111 < 20]} .=<.100
                            can_terminates(turn_light_off,light_on, {_1413~[_1413 > 0, _1413 < 20]} )
                            happens(turn_light_off, {_1413~[_1413 > 0, _1413 < 20]} )
                                builtin(!spy)
                                holdsAt(light_on, {_1413~[_1413 > 0, _1413 < 20]} )
                                     {_1720~[_1720 > 0, _1720 < 20]} .>.0
                                     {_1720~[_1720 > 0, _1720 < 20]} .<. {_1413~[_1413 > 0, _1413 < 20]} 
                                    max_time(100)
                                     {_1413~[_1413 > 0, _1413 < 20]} .=<.100
                                    can_initiates(turn_light_on,light_on, {_1720~[_1720 > 0, _1720 < 20]} )
                                    happens(turn_light_on, {_1720~[_1720 > 0, _1720 < 20]} )
                                        builtin(!spy)
                                        not_holdsAt(light_on, {_1720~[_1720 > 0, _1720 < 20]} )
                                             {_2032~[_2032 > 0, _2032 < 20]} .>.0
                                             {_2032~[_2032 > 0, _2032 < 20]} .<. {_1720~[_1720 > 0, _1720 < 20]} 
                                            max_time(100)
                                             {_1720~[_1720 > 0, _1720 < 20]} .=<.100
                                            can_terminates
timeout


  real      0:01.58
  real [s]  1.58
  user [s]  0.56
  sys  [s]  0.12
  mem  [KB] 29048
  avgm [KB] 0
