$ oscasp -s0 ../axioms/bec_scasp.pl ./model-fixed-event_delay.pl --tree


% QUERY:?- happens(turn_light_on,T).

	ANSWER:	1 (in 5.097 ms)

JUSTIFICATION_TREE:
happens(turn_light_on,20) :-
    max_time(20),
    delay(1),
    happens(turn_light_off,19) :-
        max_time(20),
        delay(1),
        happens(turn_light_on,18) :-
            max_time(20),
            delay(1),
            happens(turn_light_off,17) :-
                max_time(20),
                delay(1),
                happens(turn_light_on,16) :-
                    max_time(20),
                    delay(1),
                    happens(turn_light_off,15) :-
                        max_time(20),
                        delay(1),
                        happens(turn_light_on,14) :-
                            max_time(20),
                            delay(1),
                            happens(turn_light_off,13) :-
                                max_time(20),
                                delay(1),
                                happens(turn_light_on,12) :-
                                    max_time(20),
                                    delay(1),
                                    happens(turn_light_off,11) :-
                                        max_time(20),
                                        delay(1),
                                        happens(turn_light_on,10).
global_constraint.

MODEL:
{ happens(turn_light_on,20),  happens(turn_light_off,19),  happens(turn_light_on,18),  happens(turn_light_off,17),  happens(turn_light_on,16),  happens(turn_light_off,15),  happens(turn_light_on,14),  happens(turn_light_off,13),  happens(turn_light_on,12),  happens(turn_light_off,11),  happens(turn_light_on,10) }
BINDINGS: 
T = 20


	ANSWER:	2 (in 0.14 ms)

JUSTIFICATION_TREE:
happens(turn_light_on,18) :-
    max_time(20),
    delay(1),
    happens(turn_light_off,17) :-
        max_time(20),
        delay(1),
        happens(turn_light_on,16) :-
            max_time(20),
            delay(1),
            happens(turn_light_off,15) :-
                max_time(20),
                delay(1),
                happens(turn_light_on,14) :-
                    max_time(20),
                    delay(1),
                    happens(turn_light_off,13) :-
                        max_time(20),
                        delay(1),
                        happens(turn_light_on,12) :-
                            max_time(20),
                            delay(1),
                            happens(turn_light_off,11) :-
                                max_time(20),
                                delay(1),
                                happens(turn_light_on,10).
global_constraint.

MODEL:
{ happens(turn_light_on,18),  happens(turn_light_off,17),  happens(turn_light_on,16),  happens(turn_light_off,15),  happens(turn_light_on,14),  happens(turn_light_off,13),  happens(turn_light_on,12),  happens(turn_light_off,11),  happens(turn_light_on,10) }
BINDINGS: 
T = 18


	ANSWER:	3 (in 0.118 ms)

JUSTIFICATION_TREE:
happens(turn_light_on,16) :-
    max_time(20),
    delay(1),
    happens(turn_light_off,15) :-
        max_time(20),
        delay(1),
        happens(turn_light_on,14) :-
            max_time(20),
            delay(1),
            happens(turn_light_off,13) :-
                max_time(20),
                delay(1),
                happens(turn_light_on,12) :-
                    max_time(20),
                    delay(1),
                    happens(turn_light_off,11) :-
                        max_time(20),
                        delay(1),
                        happens(turn_light_on,10).
global_constraint.

MODEL:
{ happens(turn_light_on,16),  happens(turn_light_off,15),  happens(turn_light_on,14),  happens(turn_light_off,13),  happens(turn_light_on,12),  happens(turn_light_off,11),  happens(turn_light_on,10) }
BINDINGS: 
T = 16


	ANSWER:	4 (in 0.113 ms)

JUSTIFICATION_TREE:
happens(turn_light_on,14) :-
    max_time(20),
    delay(1),
    happens(turn_light_off,13) :-
        max_time(20),
        delay(1),
        happens(turn_light_on,12) :-
            max_time(20),
            delay(1),
            happens(turn_light_off,11) :-
                max_time(20),
                delay(1),
                happens(turn_light_on,10).
global_constraint.

MODEL:
{ happens(turn_light_on,14),  happens(turn_light_off,13),  happens(turn_light_on,12),  happens(turn_light_off,11),  happens(turn_light_on,10) }
BINDINGS: 
T = 14


	ANSWER:	5 (in 0.059 ms)

JUSTIFICATION_TREE:
happens(turn_light_on,12) :-
    max_time(20),
    delay(1),
    happens(turn_light_off,11) :-
        max_time(20),
        delay(1),
        happens(turn_light_on,10).
global_constraint.

MODEL:
{ happens(turn_light_on,12),  happens(turn_light_off,11),  happens(turn_light_on,10) }
BINDINGS: 
T = 12


	ANSWER:	6 (in 0.024 ms)

JUSTIFICATION_TREE:
happens(turn_light_on,10),
global_constraint.

MODEL:
{ happens(turn_light_on,10) }
BINDINGS: 
T = 10


  real      0:00.33
  real [s]  0.33
  user [s]  0.11
  sys  [s]  0.05
  mem  [KB] 28452
  avgm [KB] 0
