$ oscasp -s0 --ec ../axioms/bec_scasp.pl ./model.pl --zeno_halt --tree


% QUERY:?- T #=< 20,happens(turn_light_on,T).

WARNING: Detected a zeno descending chain on happens/2. Terminating execution.
	happens(turn_light_off, {_128212~[_128212 > 0, _128212 < 20]} )
	happens(turn_light_off, {_130691~[_130691 > 0, _130691 < 20]} )


--------------------- Calling:  happens(turn_light_off,_133337) -------------
     {_127803~[_127803 > 0, _127803 =< 20]} .=<.20
    happens(turn_light_on, {_127803~[_127803 > 0, _127803 =< 20]} )
        builtin(!spy)
        not_holdsAt(light_on, {_127803~[_127803 > 0, _127803 =< 20]} )
             {_128212~[_128212 > 0, _128212 < 20]} .>.0
             {_128212~[_128212 > 0, _128212 < 20]} .<. {_127803~[_127803 > 0, _127803 =< 20]} 
            max_time(100)
             {_127803~[_127803 > 0, _127803 =< 20]} .=<.100
            can_terminates(turn_light_off,light_on, {_128212~[_128212 > 0, _128212 < 20]} )
            happens(turn_light_off, {_128212~[_128212 > 0, _128212 < 20]} )
                builtin(!spy)
                holdsAt(light_on, {_128212~[_128212 > 0, _128212 < 20]} )
                     {_129416~[_129416 > 0, _129416 < 20]} .>.0
                     {_129416~[_129416 > 0, _129416 < 20]} .<. {_128212~[_128212 > 0, _128212 < 20]} 
                    max_time(100)
                     {_128212~[_128212 > 0, _128212 < 20]} .=<.100
                    can_initiates(turn_light_on,light_on, {_129416~[_129416 > 0, _129416 < 20]} )
                    happens(turn_light_on, {_129416~[_129416 > 0, _129416 < 20]} )
                        builtin(!spy)
                        not_holdsAt(light_on, {_129416~[_129416 > 0, _129416 < 20]} )
                             {_130691~[_130691 > 0, _130691 < 20]} .>.0
                             {_130691~[_130691 > 0, _130691 < 20]} .<. {_129416~[_129416 > 0, _129416 < 20]} 
                            max_time(100)
                             {_129416~[_129416 > 0, _129416 < 20]} .=<.100
                            can_terminates(turn_light_off,light_on, {_130691~[_130691 > 0, _130691 < 20]} )
                            happens(turn_light_off, {_130691~[_130691 > 0, _130691 < 20]} )
                                builtin(!spy)
                                holdsAt(light_on, {_130691~[_130691 > 0, _130691 < 20]} )
                                     {_131998~[_131998 > 0, _131998 < 20]} .>.0
                                     {_131998~[_131998 > 0, _131998 < 20]} .<. {_130691~[_130691 > 0, _130691 < 20]} 
                                    max_time(100)
                                     {_130691~[_130691 > 0, _130691 < 20]} .=<.100
                                    can_initiates(turn_light_on,light_on, {_131998~[_131998 > 0, _131998 < 20]} )
                                    happens(turn_light_on, {_131998~[_131998 > 0, _131998 < 20]} )
                                        builtin(!spy)
                                        not_holdsAt(light_on, {_131998~[_131998 > 0, _131998 < 20]} )
                                             {_133337~[_133337 > 0, _133337 < 20]} .>.0
                                             {_133337~[_133337 > 0, _133337 < 20]} .<. {_131998~[_131998 > 0, _131998 < 20]} 
                                            max_time(100)
                                             {_131998~[_131998 > 0, _131998 < 20]} .=<.100
                                            can_terminates(turn_light_off,light_on, {_133337~[_133337 > 0, _133337 < 20]} )
                                            happens(turn_light_off, {_133337~[_133337 > 0, _133337 < 20]} )

  real      0:00.47
  real [s]  0.47
  user [s]  0.21
  sys  [s]  0.02
  mem  [KB] 28620
  avgm [KB] 0
