$ oscasp -s0 --ec ../axioms/bec_scasp-small.pl ./model.pl -v6 --timeout=3000


% QUERY:?- happens(serviceFee,T).

--------------------- Calling:  builtin(!spy) -------------
    happens(serviceFee,_42562)
        builtin(!spy)

--------------------- Calling:  builtin(!spy) -------------
    happens(serviceFee, {_43320~[_43320 > 0, _43320 =< 100]} )
        builtin(!spy)
        holdsAt(noServiceFeeYet, {_43320~[_43320 > 0, _43320 =< 100]} )
             {_43320~[_43320 > 0, _43320 =< 100]} .>=.0
            max_time(100)
             {_43320~[_43320 > 0, _43320 =< 100]} .=<.100
            initiallyP(noServiceFeeYet)
            not_stoppedIn(0,noServiceFeeYet, {_43320~[_43320 > 0, _43320 =< 100]} )
                0.=<. {_43320~[_43320 > 0, _43320 =< 100]} 
                findall(_43813,findall_can_terminates(_43813,noServiceFeeYet,0, {_43320~[_43320 > 0, _43320 =< 100]} ),[serviceFee])
                    findall_can_terminates(serviceFee,noServiceFeeYet,0, {_44277~[_44277 > 0, _44277 =< 100]} )
                         {_44435~[_44435 > 0, _44435 < 100]} .>.0
                         {_44435~[_44435 > 0, _44435 < 100]} .<. {_44277~[_44277 > 0, _44277 =< 100]} 
                        can_terminates(serviceFee,noServiceFeeYet, {_44435~[_44435 > 0, _44435 < 100]} )
                not_terminated(noServiceFeeYet,[serviceFee],0, {_43320~[_43320 > 0, _43320 =< 100]} )
                    terminated(serviceFee,noServiceFeeYet, {_44817~[_44817 > 0, _44817 < 100]} ,0, {_43320~[_43320 > 0, _43320 =< 100]} )
                         {_44817~[_44817 > 0, _44817 < 100]} .>.0
                         {_44817~[_44817 > 0, _44817 < 100]} .<. {_43320~[_43320 > 0, _43320 =< 100]} 
                        can_terminates(serviceFee,noServiceFeeYet, {_44817~[_44817 > 0, _44817 < 100]} )
                        happens(serviceFee, {_44817~[_44817 > 0, _44817 < 100]} )
                            builtin(!spy)

--------------------- Calling:  builtin(!spy) -------------
    happens(serviceFee, {_43320~[_43320 > 0, _43320 =< 100]} )
        builtin(!spy)
        holdsAt(noServiceFeeYet, {_43320~[_43320 > 0, _43320 =< 100]} )
             {_43320~[_43320 > 0, _43320 =< 100]} .>=.0
            max_time(100)
             {_43320~[_43320 > 0, _43320 =< 100]} .=<.100
            initiallyP(noServiceFeeYet)
            not_stoppedIn(0,noServiceFeeYet, {_43320~[_43320 > 0, _43320 =< 100]} )
                0.=<. {_43320~[_43320 > 0, _43320 =< 100]} 
                findall(_43813,findall_can_terminates(_43813,noServiceFeeYet,0, {_43320~[_43320 > 0, _43320 =< 100]} ),[serviceFee])
                    findall_can_terminates(serviceFee,noServiceFeeYet,0, {_44277~[_44277 > 0, _44277 =< 100]} )
                         {_44435~[_44435 > 0, _44435 < 100]} .>.0
                         {_44435~[_44435 > 0, _44435 < 100]} .<. {_44277~[_44277 > 0, _44277 =< 100]} 
                        can_terminates(serviceFee,noServiceFeeYet, {_44435~[_44435 > 0, _44435 < 100]} )
                not_terminated(noServiceFeeYet,[serviceFee],0, {_43320~[_43320 > 0, _43320 =< 100]} )
                    terminated(serviceFee,noServiceFeeYet, {_44817~[_44817 > 0, _44817 < 100]} ,0, {_43320~[_43320 > 0, _43320 =< 100]} )
                         {_44817~[_44817 > 0, _44817 < 100]} .>.0
                         {_44817~[_44817 > 0, _44817 < 100]} .<. {_43320~[_43320 > 0, _43320 =< 100]} 
                        can_terminates(serviceFee,noServiceFeeYet, {_44817~[_44817 > 0, _44817 < 100]} )
                        happens(serviceFee, {_44817~[_44817 > 0, _44817 < 100]} )
                            builtin(!spy)
                            holdsAt(noServiceFeeYet, {_44817~[_44817 > 0, _44817 < 100]} )
                                 {_44817~[_44817 > 0, _44817 < 100]} .>=.0
                                max_time(100)
                                 {_44817~[_44817 > 0, _44817 < 100]} .=<.100
                                proved(initiallyP(noServiceFeeYet))
                                not_stoppedIn(0,noServiceFeeYet, {_44817~[_44817 > 0, _44817 < 100]} )
                                    0.=<. {_44817~[_44817 > 0, _44817 < 100]} 
                                    findall(_47043,findall_can_terminates(_47043,noServiceFeeYet,0, {_44817~[_44817 > 0, _44817 < 100]} ),[serviceFee])
                                        findall_can_terminates(serviceFee,noServiceFeeYet,0, {_47616~[_47616 > 0, _47616 < 100]} )
                                             {_47946~[_47946 > 0, _47946 < 100]} .>.0
                                             {_47946~[_47946 > 0, _47946 < 100]} .<. {_47616~[_47616 > 0, _47616 < 100]} 
                                            can_terminates(serviceFee,noServiceFeeYet, {_47946~[_47946 > 0, _47946 < 100]} )
                                    not_terminated(noServiceFeeYet,[serviceFee],0, {_44817~[_44817 > 0, _44817 < 100]} )
                                        terminated(serviceFee,noServiceFeeYet, {_48328~[_48328 > 0, _48328 < 100]} ,0, {_44817~[_44817 > 0, _44817 < 100]} )
                                             {_48328~[_48328 > 0, _48328 < 100]} .>.0
                                             {_48328~[_48328 > 0, _48328 < 100]} .<. {_44817~[_44817 > 0, _44817 < 100]} 
                                            can_terminates(serviceFee,noServiceFeeYet, {_48328~[_48328 > 0, _48328 < 100]} )
                                            happens(serviceFee, {_48328~[_48328 > 0, _48328 < 100]} )
                                                builtin(!spy)

--------------------- Calling:  builtin(!spy) -------------
    happens(serviceFee, {_43320~[_43320 > 0, _43320 =< 100]} )
        builtin(!spy)
        holdsAt(noServiceFeeYet, {_43320~[_43320 > 0, _43320 =< 100]} )
             {_43320~[_43320 > 0, _43320 =< 100]} .>=.0
            max_time(100)
             {_43320~[_43320 > 0, _43320 =< 100]} .=<.100
            initiallyP(noServiceFeeYet)
            not_stoppedIn(0,noServiceFeeYet, {_43320~[_43320 > 0, _43320 =< 100]} )
                0.=<. {_43320~[_43320 > 0, _43320 =< 100]} 
                findall(_43813,findall_can_terminates(_43813,noServiceFeeYet,0, {_43320~[_43320 > 0, _43320 =< 100]} ),[serviceFee])
                    findall_can_terminates(serviceFee,noServiceFeeYet,0, {_44277~[_44277 > 0, _44277 =< 100]} )
                         {_44435~[_44435 > 0, _44435 < 100]} .>.0
                         {_44435~[_44435 > 0, _44435 < 100]} .<. {_44277~[_44277 > 0, _44277 =< 100]} 
                        can_terminates(serviceFee,noServiceFeeYet, {_44435~[_44435 > 0, _44435 < 100]} )
                not_terminated(noServiceFeeYet,[serviceFee],0, {_43320~[_43320 > 0, _43320 =< 100]} )
                    terminated(serviceFee,noServiceFeeYet, {_44817~[_44817 > 0, _44817 < 100]} ,0, {_43320~[_43320 > 0, _43320 =< 100]} )
                         {_44817~[_44817 > 0, _44817 < 100]} .>.0
                         {_44817~[_44817 > 0, _44817 < 100]} .<. {_43320~[_43320 > 0, _43320 =< 100]} 
                        can_terminates(serviceFee,noServiceFeeYet, {_44817~[_44817 > 0, _44817 < 100]} )
                        happens(serviceFee, {_44817~[_44817 > 0, _44817 < 100]} )
                            builtin(!spy)
                            holdsAt(noServiceFeeYet, {_44817~[_44817 > 0, _44817 < 100]} )
                                 {_44817~[_44817 > 0, _44817 < 100]} .>=.0
                                max_time(100)
                                 {_44817~[_44817 > 0, _44817 < 100]} .=<.100
                                proved(initiallyP(noServiceFeeYet))
                                not_stoppedIn(0,noServiceFeeYet, {_44817~[_44817 > 0, _44817 < 100]} )
                                    0.=<. {_44817~[_44817 > 0, _44817 < 100]} 
                                    findall(_47043,findall_can_terminates(_47043,noServiceFeeYet,0, {_44817~[_44817 > 0, _44817 < 100]} ),[serviceFee])
                                        findall_can_terminates(serviceFee,noServiceFeeYet,0, {_47616~[_47616 > 0, _47616 < 100]} )
                                             {_47946~[_47946 > 0, _47946 < 100]} .>.0
                                             {_47946~[_47946 > 0, _47946 < 100]} .<. {_47616~[_47616 > 0, _47616 < 100]} 
                                            can_terminates(serviceFee,noServiceFeeYet, {_47946~[_47946 > 0, _47946 < 100]} )
                                    not_terminated(noServiceFeeYet,[serviceFee],0, {_44817~[_44817 > 0, _44817 < 100]} )
                                        terminated(serviceFee,noServiceFeeYet, {_48328~[_48328 > 0, _48328 < 100]} ,0, {_44817~[_44817 > 0, _44817 < 100]} )
                                             {_48328~[_48328 > 0, _48328 < 100]} .>.0
                                             {_48328~[_48328 > 0, _48328 < 100]} .<. {_44817~[_44817 > 0, _44817 < 100]} 
                                            can_terminates(serviceFee,noServiceFeeYet, {_48328~[_48328 > 0, _48328 < 100]} )
                                            happens(serviceFee, {_48328~[_48328 > 0, _48328 < 100]} )
                                                builtin(!spy)
                                                holdsAt(noServiceFeeYet, {_48328~[_48328 > 0, _48328 < 100]} )
                                                     {_48328~[_48328 > 0, _48328 < 100]} .>=.0
                                                    max_time(100)
                                                     {_48328~[_48328 > 0, _48328 < 100]} .=<.100
                                                    proved(initiallyP(noServiceFeeYet))
                                                    not_stoppedIn(0,noServiceFeeYet, {_48328~[_48328 > 0, _48328 < 100]} )
                                                        0.=<. {_48328~[_48328 > 0, _48328 < 100]} 
                                                        findall(_51065,findall_can_terminates(_51065,noServiceFeeYet,0, {_48328~[_48328 > 0, _48328 < 100]} ),[serviceFee])
                                                            findall_can_terminates(serviceFee,noServiceFeeYet,0, {_51681~[_51681 > 0, _51681 < 100]} )
                                                                 {_52208~[_52208 > 0, _52208 < 100]} .>.0
                                                                 {_52208~[_52208 > 0, _52208 < 100]} .<. {_51681~[_51681 > 0, _51681 < 100]} 
                                                                can_terminates(serviceFee,noServiceFeeYet, {_52208~[_52208 > 0, _52208 < 100]} )
                                                        not_terminated(noServiceFeeYet,[serviceFee],0, {_48328~[_48328 > 0, _48328 < 100]} )
                                                            terminated(serviceFee,noServiceFeeYet, {_52590~[_52590 > 0, _52590 < 100]} ,0, {_48328~[_48328 > 0, _48328 < 100]} )
                                                                 {_52590~[_52590 > 0, _52590 < 100]} .>.0
                                                                 {_52590~[_52590 > 0, _52590 < 100]} .<. {_48328~[_48328 > 0, _48328 < 100]} 
                                                                can_terminates(serviceFee,noServiceFeeYet, {_52590~[_52590 > 0, _52590 < 100]} )
                                                                happens(serviceFee, {_52590~[_52590 > 0, _52590 < 100]} )
                                                                    builtin(!spy)

--------------------- Calling:  builtin(!spy) -------------
    happens(serviceFee, {_43320~[_43320 > 0, _43320 =< 100]} )
        builtin(!spy)
        holdsAt(noServiceFeeYet, {_43320~[_43320 > 0, _43320 =< 100]} )
             {_43320~[_43320 > 0, _43320 =< 100]} .>=.0
            max_time(100)
             {_43320~[_43320 > 0, _43320 =< 100]} .=<.100
            initiallyP(noServiceFeeYet)
            not_stoppedIn(0,noServiceFeeYet, {_43320~[_43320 > 0, _43320 =< 100]} )
                0.=<. {_43320~[_43320 > 0, _43320 =< 100]} 
                findall(_43813,findall_can_terminates(_43813,noServiceFeeYet,0, {_43320~[_43320 > 0, _43320 =< 100]} ),[serviceFee])
                    findall_can_terminates(serviceFee,noServiceFeeYet,0, {_44277~[_44277 > 0, _44277 =< 100]} )
                         {_44435~[_44435 > 0, _44435 < 100]} .>.0
                         {_44435~[_44435 > 0, _44435 < 100]} .<. {_44277~[_44277 > 0, _44277 =< 100]} 
                        can_terminates(serviceFee,noServiceFeeYet, {_44435~[_44435 > 0, _44435 < 100]} )
                not_terminated(noServiceFeeYet,[serviceFee],0, {_43320~[_43320 > 0, _43320 =< 100]} )
                    terminated(serviceFee,noServiceFeeYet, {_44817~[_44817 > 0, _44817 < 100]} ,0, {_43320~[_43320 > 0, _43320 =< 100]} )
                         {_44817~[_44817 > 0, _44817 < 100]} .>.0
                         {_44817~[_44817 > 0, _44817 < 100]} .<. {_43320~[_43320 > 0, _43320 =< 100]} 
                        can_terminates(serviceFee,noServiceFeeYet, {_44817~[_44817 > 0, _44817 < 100]} )
                        happens(serviceFee, {_44817~[_44817 > 0, _44817 < 100]} )
                            builtin(!spy)
                            holdsAt(noServiceFeeYet, {_44817~[_44817 > 0, _44817 < 100]} )
                                 {_44817~[_44817 > 0, _44817 < 100]} .>=.0
                                max_time(100)
                                 {_44817~[_44817 > 0, _44817 < 100]} .=<.100
                                proved(initiallyP(noServiceFeeYet))
                                not_stoppedIn(0,noServiceFeeYet, {_44817~[_44817 > 0, _44817 < 100]} )
                                    0.=<. {_44817~[_44817 > 0, _44817 < 100]} 
                                    findall(_47043,findall_can_terminates(_47043,noServiceFeeYet,0, {_44817~[_44817 > 0, _44817 < 100]} ),[serviceFee])
                                        findall_can_terminates(serviceFee,noServiceFeeYet,0, {_47616~[_47616 > 0, _47616 < 100]} )
                                             {_47946~[_47946 > 0, _47946 < 100]} .>.0
                                             {_47946~[_47946 > 0, _47946 < 100]} .<. {_47616~[_47616 > 0, _47616 < 100]} 
                                            can_terminates(serviceFee,noServiceFeeYet, {_47946~[_47946 > 0, _47946 < 100]} )
                                    not_terminated(noServiceFeeYet,[serviceFee],0, {_44817~[_44817 > 0, _44817 < 100]} )
                                        terminated(serviceFee,noServiceFeeYet, {_48328~[_48328 > 0, _48328 < 100]} ,0, {_44817~[_44817 > 0, _44817 < 100]} )
                                             {_48328~[_48328 > 0, _48328 < 100]} .>.0
                                             {_48328~[_48328 > 0, _48328 < 100]} .<. {_44817~[_44817 > 0, _44817 < 100]} 
                                            can_terminates(serviceFee,noServiceFeeYet, {_48328~[_48328 > 0, _48328 < 100]} )
                                            happens(serviceFee, {_48328~[_48328 > 0, _48328 < 100]} )
                                                builtin(!spy)
                                                holdsAt(noServiceFeeYet, {_48328~[_48328 > 0, _48328 < 100]} )
                                                     {_48328~[_48328 > 0, _48328 < 100]} .>=.0
                                                    max_time(100)
                                                     {_48328~[_48328 > 0, _48328 < 100]} .=<.100
                                                    proved(initiallyP(noServiceFeeYet))
                                                    not_stoppedIn(0,noServiceFeeYet, {_48328~[_48328 > 0, _48328 < 100]} )
                                                        0.=<. {_48328~[_48328 > 0, _48328 < 100]} 
                                                        findall(_51065,findall_can_terminates(_51065,noServiceFeeYet,0, {_48328~[_48328 > 0, _48328 < 100]} ),[serviceFee])
                                                            findall_can_terminates(serviceFee,noServiceFeeYet,0, {_51681~[_51681 > 0, _51681 < 100]} )
                                                                 {_52208~[_52208 > 0, _52208 < 100]} .>.0
                                                                 {_52208~[_52208 > 0, _52208 < 100]} .<. {_51681~[_51681 > 0, _51681 < 100]} 
                                                                can_terminates(serviceFee,noServiceFeeYet, {_52208~[_52208 > 0, _52208 < 100]} )
                                                        not_terminated(noServiceFeeYet,[serviceFee],0, {_48328~[_48328 > 0, _48328 < 100]} )
                                                            terminated(serviceFee,noServiceFeeYet, {_52590~[_52590 > 0, _52590 < 100]} ,0, {_48328~[_48328 > 0, _48328 < 100]} )
                                                                 {_52590~[_52590 > 0, _52590 < 100]} .>.0
                                                                 {_52590~[_52590 > 0, _52590 < 100]} .<. {_48328~[_48328 > 0, _48328 < 100]} 
                                                                can_terminates(serviceFee,noServiceFeeYet, {_52590~[_52590 > 0, _52590 < 100]} )
                                                                happens(serviceFee, {_52590~[_52590 > 0, _52590 < 100]} )
                                                                    builtin(!spy)
                                                                    holdsAt(noServiceFeeYet, {_52590~[_52590 > 0, _52590 < 100]} )
                                                                         {_52590~[_52590 > 0, _52590 < 100]} .>=.0
                                                                        max_time(100)
                                                                         {_52590~[_52590 > 0, _52590 < 100]} .=<.100
                                                                        proved(initiallyP(noServiceFeeYet))
                                                                        not_stoppedIn(0,noServiceFeeYet, {_52590~[_52590 > 0, _52590 < 100]} )
                                                                            0.=<. {_52590~[_52590 > 0, _52590 < 100]} 
                                                                            findall(_55838,findall_can_terminates(_55838,noServiceFeeYet,0, {_52590~[_52590 > 0, _52590 < 100]} ),[serviceFee])
                                                                                findall_can_terminates(serviceFee,noServiceFeeYet,0, {_56497~[_56497 > 0, _56497 < 100]} )
                                                                                     {_57246~[_57246 > 0, _57246 < 100]} .>.0
                                                                                     {_57246~[_57246 > 0, _57246 < 100]} .<. {_56497~[_56497 > 0, _56497 < 100]} 
                                                                                    can_terminates(serviceFee,noServiceFeeYet, {_57246~[_57246 > 0, _57246 < 100]} )
                                                                            not_terminated(noServiceFeeYet,[serviceFee],0, {_52590~[_52590 > 0, _52590 < 100]} )
                                                                                terminated(serviceFee,noServiceFeeYet, {_57628~[_57628 > 0, _57628 < 100]} ,0, {_52590~[_52590 > 0, _52590 < 100]} )
                                                                                     {_57628~[_57628 > 0, _57628 < 100]} .>.0
                                                                                     {_57628~[_57628 > 0, _57628 < 100]} .<. {_52590~[_52590 > 0, _52590 < 100]} 
                                                                                    can_terminates(serviceFee,noServiceFeeYet, {_57628~[_57628 > 0, _57628 < 100]} )
                                                                                    happens(serviceFee, {_57628~[_57628 > 0, _57628 < 100]} )
                                                                                        builtin(!spy)

--------------------- Calling:  builtin(!spy) -------------
    happens(serviceFee, {_43320~[_43320 > 0, _43320 =< 100]} )
        builtin(!spy)
        holdsAt(noServiceFeeYet, {_43320~[_43320 > 0, _43320 =< 100]} )
             {_43320~[_43320 > 0, _43320 =< 100]} .>=.0
            max_time(100)
             {_43320~[_43320 > 0, _43320 =< 100]} .=<.100
            initiallyP(noServiceFeeYet)
            not_stoppedIn(0,noServiceFeeYet, {_43320~[_43320 > 0, _43320 =< 100]} )
                0.=<. {_43320~[_43320 > 0, _43320 =< 100]} 
                findall(_43813,findall_can_terminates(_43813,noServiceFeeYet,0, {_43320~[_43320 > 0, _43320 =< 100]} ),[serviceFee])
                    findall_can_terminates(serviceFee,noServiceFeeYet,0, {_44277~[_44277 > 0, _44277 =< 100]} )
                         {_44435~[_44435 > 0, _44435 < 100]} .>.0
                         {_44435~[_44435 > 0, _44435 < 100]} .<. {_44277~[_44277 > 0, _44277 =< 100]} 
                        can_terminates(serviceFee,noServiceFeeYet, {_44435~[_44435 > 0, _44435 < 100]} )
                not_terminated(noServiceFeeYet,[serviceFee],0, {_43320~[_43320 > 0, _43320 =< 100]} )
                    terminated(serviceFee,noServiceFeeYet, {_44817~[_44817 > 0, _44817 < 100]} ,0, {_43320~[_43320 > 0, _43320 =< 100]} )
                         {_44817~[_44817 > 0, _44817 < 100]} .>.0
                         {_44817~[_44817 > 0, _44817 < 100]} .<. {_43320~[_43320 > 0, _43320 =< 100]} 
                        can_terminates(serviceFee,noServiceFeeYet, {_44817~[_44817 > 0, _44817 < 100]} )
                        happens(serviceFee, {_44817~[_44817 > 0, _44817 < 100]} )
                            builtin(!spy)
                            holdsAt(noServiceFeeYet, {_44817~[_44817 > 0, _44817 < 100]} )
                                 {_44817~[_44817 > 0, _44817 < 100]} .>=.0
                                max_time(100)
                                 {_44817~[_44817 > 0, _44817 < 100]} .=<.100
                                proved(initiallyP(noServiceFeeYet))
                                not_stoppedIn(0,noServiceFeeYet, {_44817~[_44817 > 0, _44817 < 100]} )
                                    0.=<. {_44817~[_44817 > 0, _44817 < 100]} 
                                    findall(_47043,findall_can_terminates(_47043,noServiceFeeYet,0, {_44817~[_44817 > 0, _44817 < 100]} ),[serviceFee])
                                        findall_can_terminates(serviceFee,noServiceFeeYet,0, {_47616~[_47616 > 0, _47616 < 100]} )
                                             {_47946~[_47946 > 0, _47946 < 100]} .>.0
                                             {_47946~[_47946 > 0, _47946 < 100]} .<. {_47616~[_47616 > 0, _47616 < 100]} 
                                            can_terminates(serviceFee,noServiceFeeYet, {_47946~[_47946 > 0, _47946 < 100]} )
                                    not_terminated(noServiceFeeYet,[serviceFee],0, {_44817~[_44817 > 0, _44817 < 100]} )
                                        terminated(serviceFee,noServiceFeeYet, {_48328~[_48328 > 0, _48328 < 100]} ,0, {_44817~[_44817 > 0, _44817 < 100]} )
                                             {_48328~[_48328 > 0, _48328 < 100]} .>.0
                                             {_48328~[_48328 > 0, _48328 < 100]} .<. {_44817~[_44817 > 0, _44817 < 100]} 
                                            can_terminates(serviceFee,noServiceFeeYet, {_48328~[_48328 > 0, _48328 < 100]} )
                                            happens(serviceFee, {_48328~[_48328 > 0, _48328 < 100]} )
                                                builtin(!spy)
                                                holdsAt(noServiceFeeYet, {_48328~[_48328 > 0, _48328 < 100]} )
                                                     {_48328~[_48328 > 0, _48328 < 100]} .>=.0
                                                    max_time(100)
                                                     {_48328~[_48328 > 0, _48328 < 100]} .=<.100
                                                    proved(initiallyP(noServiceFeeYet))
                                                    not_stoppedIn(0,noServiceFeeYet, {_48328~[_48328 > 0, _48328 < 100]} )
                                                        0.=<. {_48328~[_48328 > 0, _48328 < 100]} 
                                                        findall(_51065,findall_can_terminates(_51065,noServiceFeeYet,0, {_48328~[_48328 > 0, _48328 < 100]} ),[serviceFee])
                                                            findall_can_terminates(serviceFee,noServiceFeeYet,0, {_51681~[_51681 > 0, _51681 < 100]} )
                                                                 {_52208~[_52208 > 0, _52208 < 100]} .>.0
                                                                 {_52208~[_52208 > 0, _52208 < 100]} .<. {_51681~[_51681 > 0, _51681 < 100]} 
                                                                can_terminates(serviceFee,noServiceFeeYet, {_52208~[_52208 > 0, _52208 < 100]} )
                                                        not_terminated(noServiceFeeYet,[serviceFee],0, {_48328~[_48328 > 0, _48328 < 100]} )
                                                            terminated(serviceFee,noServiceFeeYet, {_52590~[_52590 > 0, _52590 < 100]} ,0, {_48328~[_48328 > 0, _48328 < 100]} )
                                                                 {_52590~[_52590 > 0, _52590 < 100]} .>.0
                                                                 {_52590~[_52590 > 0, _52590 < 100]} .<. {_48328~[_48328 > 0, _48328 < 100]} 
                                                                can_terminates(serviceFee,noServiceFeeYet, {_52590~[_52590 > 0, _52590 < 100]} )
                                                                happens(serviceFee, {_52590~[_52590 > 0, _52590 < 100]} )
                                                                    builtin(!spy)
                                                                    holdsAt(noServiceFeeYet, {_52590~[_52590 > 0, _52590 < 100]} )
                                                                         {_52590~[_52590 > 0, _52590 < 100]} .>=.0
                                                                        max_time(100)
                                                                         {_52590~[_52590 > 0, _52590 < 100]} .=<.100
                                                                        proved(initiallyP(noServiceFeeYet))
                                                                        not_stoppedIn(0,noServiceFeeYet, {_52590~[_52590 > 0, _52590 < 100]} )
                                                                            0.=<. {_52590~[_52590 > 0, _52590 < 100]} 
                                                                            findall(_55838,findall_can_terminates(_55838,noServiceFeeYet,0, {_52590~[_52590 > 0, _52590 < 100]} ),[serviceFee])
                                                                                findall_can_terminates(serviceFee,noServiceFeeYet,0, {_56497~[_56497 > 0, _56497 < 100]} )
                                                                                     {_57246~[_57246 > 0, _57246 < 100]} .>.0
                                                                                     {_57246~[_57246 > 0, _57246 < 100]} .<. {_56497~[_56497 > 0, _56497 < 100]} 
                                                                                    can_terminates(serviceFee,noServiceFeeYet, {_57246~[_57246 > 0, _57246 < 100]} )
                                                                            not_terminated(noServiceFeeYet,[serviceFee],0, {_52590~[_52590 > 0, _52590 < 100]} )
                                                                                terminated(serviceFee,noServiceFeeYet, {_57628~[_57628 > 0, _57628 < 100]} ,0, {_52590~[_52590 > 0, _52590 < 100]} )
                                                                                     {_57628~[_57628 > 0, _57628 < 100]} .>.0
                                                                                     {_57628~[_57628 > 0, _57628 < 100]} .<. {_52590~[_52590 > 0, _52590 < 100]} 
                                                                                    can_terminates(serviceFee,noServiceFeeYet, {_57628~[_57628 > 0, _57628 < 100]} )
                                                                                    happens(serviceFee, {_57628~[_57628 > 0, _57628 < 100]} )
                                                                                        builtin(!spy)
                                                                                        holdsAt(noServiceFeeYet, {_57628~[_57628 > 0, _57628 < 100]} )
                                                                                             {_57628~[_57628 > 0, _57628 < 100]} .>=.0
                                                                                            max_time(100)
                                                                                             {_57628~[_57628 > 0, _57628 < 100]} .=<.100
                                                                                            proved(initiallyP(noServiceFeeYet))
                                                                                            not_stoppedIn(0,noServiceFeeYet, {_57628~[_57628 > 0, _57628 < 100]} )
                                                                                                0.=<. {_57628~[_57628 > 0, _57628 < 100]} 
                                                                                                findall(_61387,findall_can_terminates(_61387,noServiceFeeYet,0, {_57628~[_57628 > 0, _57628 < 100]} ),[serviceFee])
                                                                                                    findall_can_terminates(serviceFee,noServiceFeeYet,0, {_62089~[_62089 > 0, _62089 < 100]} )
                                                                                                         {_63085~[_63085 > 0, _63085 < 100]} .>.0
                                                                                                         {_63085~[_63085 > 0, _63085 < 100]} .<. {_62089~[_62089 > 0, _62089 < 100]} 
                                                                                                        can_terminates(serviceFee,noServiceFeeYet, {_63085~[_63085 > 0, _63085 < 100]} )
                                                                                                not_terminated(noServiceFeeYet,[serviceFee],0, {_57628~[_57628 > 0, _57628 < 100]} )
                                                                                                    terminated(serviceFee,noServiceFeeYet, {_63467~[_63467 > 0, _63467 < 100]} ,0, {_57628~[_57628 > 0, _57628 < 100]} )
                                                                                                         {_63467~[_63467 > 0, _63467 < 100]} .>.0
                                                                                                         {_63467~[_63467 > 0, _63467 < 100]} .<. {_57628~[_57628 > 0, _57628 < 100]} 
                                                                                                        can_terminates(serviceFee,noServiceFeeYet, {_63467~[_63467 > 0, _63467 < 100]} )
                                                                                                        happens(serviceFee, {_63467~[_63467 > 0, _63467 < 100]} )
                                                                                                            builtin(!spy)

--------------------- Calling:  builtin(!spy) -------------
    happens(serviceFee, {_43320~[_43320 > 0, _43320 =< 100]} )
        builtin(!spy)
        holdsAt(noServiceFeeYet, {_43320~[_43320 > 0, _43320 =< 100]} )
             {_43320~[_43320 > 0, _43320 =< 100]} .>=.0
            max_time(100)
             {_43320~[_43320 > 0, _43320 =< 100]} .=<.100
            initiallyP(noServiceFeeYet)
            not_stoppedIn(0,noServiceFeeYet, {_43320~[_43320 > 0, _43320 =< 100]} )
                0.=<. {_43320~[_43320 > 0, _43320 =< 100]} 
                findall(_43813,findall_can_terminates(_43813,noServiceFeeYet,0, {_43320~[_43320 > 0, _43320 =< 100]} ),[serviceFee])
                    findall_can_terminates(serviceFee,noServiceFeeYet,0, {_44277~[_44277 > 0, _44277 =< 100]} )
                         {_44435~[_44435 > 0, _44435 < 100]} .>.0
                         {_44435~[_44435 > 0, _44435 < 100]} .<. {_44277~[_44277 > 0, _44277 =< 100]} 
                        can_terminates(serviceFee,noServiceFeeYet, {_44435~[_44435 > 0, _44435 < 100]} )
                not_terminated(noServiceFeeYet,[serviceFee],0, {_43320~[_43320 > 0, _43320 =< 100]} )
                    terminated(serviceFee,noServiceFeeYet, {_44817~[_44817 > 0, _44817 < 100]} ,0, {_43320~[_43320 > 0, _43320 =< 100]} )
                         {_44817~[_44817 > 0, _44817 < 100]} .>.0
                         {_44817~[_44817 > 0, _44817 < 100]} .<. {_43320~[_43320 > 0, _43320 =< 100]} 
                        can_terminates(serviceFee,noServiceFeeYet, {_44817~[_44817 > 0, _44817 < 100]} )
                        happens(serviceFee, {_44817~[_44817 > 0, _44817 < 100]} )
                            builtin(!spy)
                            holdsAt(noServiceFeeYet, {_44817~[_44817 > 0, _44817 < 100]} )
                                 {_44817~[_44817 > 0, _44817 < 100]} .>=.0
                                max_time(100)
                                 {_44817~[_44817 > 0, _44817 < 100]} .=<.100
                                proved(initiallyP(noServiceFeeYet))
                                not_stoppedIn(0,noServiceFeeYet, {_44817~[_44817 > 0, _44817 < 100]} )
                                    0.=<. {_44817~[_44817 > 0, _44817 < 100]} 
                                    findall(_47043,findall_can_terminates(_47043,noServiceFeeYet,0, {_44817~[_44817 > 0, _44817 < 100]} ),[serviceFee])
                                        findall_can_terminates(serviceFee,noServiceFeeYet,0, {_47616~[_47616 > 0, _47616 < 100]} )
                                             {_47946~[_47946 > 0, _47946 < 100]} .>.0
                                             {_47946~[_47946 > 0, _47946 < 100]} .<. {_47616~[_47616 > 0, _47616 < 100]} 
                                            can_terminates(serviceFee,noServiceFeeYet, {_47946~[_47946 > 0, _47946 < 100]} )
                                    not_terminated(noServiceFeeYet,[serviceFee],0, {_44817~[_44817 > 0, _44817 < 100]} )
                                        terminated(serviceFee,noServiceFeeYet, {_48328~[_48328 > 0, _48328 < 100]} ,0, {_44817~[_44817 > 0, _44817 < 100]} )
                                             {_48328~[_48328 > 0, _48328 < 100]} .>.0
                                             {_48328~[_48328 > 0, _48328 < 100]} .<. {_44817~[_44817 > 0, _44817 < 100]} 
                                            can_terminates(serviceFee,noServiceFeeYet, {_48328~[_48328 > 0, _48328 < 100]} )
                                            happens(serviceFee, {_48328~[_48328 > 0, _48328 < 100]} )
                                                builtin(!spy)
                                                holdsAt(noServiceFeeYet, {_48328~[_48328 > 0, _48328 < 100]} )
                                                     {_48328~[_48328 > 0, _48328 < 100]} .>=.0
                                                    max_time(100)
                                                    
timeout


  real      0:03.54
  real [s]  3.54
  user [s]  1.51
  sys  [s]  0.08
  mem  [KB] 27288
  avgm [KB] 0
