$ scasp -s0 --ec ../../axioms/bec_scasp.pl ./model.pl -v6 --timeout=3000


% QUERY:?- happens(hit_ground,T).

--------------------- Calling:  builtin(!spy) -------------
    happens(hit_ground,_158914)
        builtin(!spy)

--------------------- Calling:  builtin(!spy) -------------
    happens(hit_ground,20)
        builtin(!spy)
        holdsAt(height(0),20,falling)
            10.>.0
            10.<.20
            max_time(100)
            20.=<.100
            can_trajectory(falling,10,height(0),20)
            can_initiates(fall_down,falling,10)
            happens(fall_down,10)
                happens(drop,10)
            initiates(fall_down,falling,10)
            trajectory(falling,10,height(0),20)
                initiallyP(constant_fall_rate(1))
                0.=.10-(20-10)*1
                holdsAt(height(10),10)
                    10.>=.0
                    max_time(100)
                    10.=<.100
                    initiallyP(height(10))
                    not_stoppedIn(0,height(10),10)
                        0.=<.10
                        not_interrupted(terminates,height(10),0,10)
                            findall(_162218,findall_can_interrupts(terminates,_162218,height(10),0,10),[catch])
                                findall_can_interrupts(terminates,catch,height(10),0,10)
                                     {_162375~[_162375 > 0, _162375 < 10]} .>.0
                                     {_162375~[_162375 > 0, _162375 < 10]} .<.10
                                    can_interrupts(terminates,catch,height(10), {_162375~[_162375 > 0, _162375 < 10]} )
                                        can_terminates(catch,height(10), {_162375~[_162375 > 0, _162375 < 10]} )
                            not_interrupted_(terminates,height(10),[catch],0,10)
                                findall(_162585,interrupted(terminates,catch,height(10),_162585,0,10),[])
                                all_entirely_outside_of_interval([],0,10)
                                not_interrupted_(terminates,height(10),[],0,10)
                        not_interrupted(releases,height(10),0,10)
                            findall(_163032,findall_can_interrupts(releases,_163032,height(10),0,10),[drop])
                                findall_can_interrupts(releases,drop,height(10),0,10)
                                     {_163189~[_163189 > 0, _163189 < 10]} .>.0
                                     {_163189~[_163189 > 0, _163189 < 10]} .<.10
                                    can_interrupts(releases,drop,height(10), {_163189~[_163189 > 0, _163189 < 10]} )
                                        can_releases(drop,height(10), {_163189~[_163189 > 0, _163189 < 10]} )
                            not_interrupted_(releases,height(10),[drop],0,10)
                                findall(_163399,interrupted(releases,drop,height(10),_163399,0,10),[])
                                proved(all_entirely_outside_of_interval([],0,10))
                                not_interrupted_(releases,height(10),[],0,10)
            not_stoppedIn(10,falling,20)
                10.=<.20
                not_interrupted(terminates,falling,10,20)
                    findall(_164207,findall_can_interrupts(terminates,_164207,falling,10,20),[hit_ground,catch])
                        findall_can_interrupts(terminates,hit_ground,falling,10,20)
                             {_164513~[_164513 < 20, _164513 > 10]} .>.10
                             {_164513~[_164513 < 20, _164513 > 10]} .<.20
                            can_interrupts(terminates,hit_ground,falling, {_164513~[_164513 < 20, _164513 > 10]} )
                                can_terminates(hit_ground,falling, {_164513~[_164513 < 20, _164513 > 10]} )
                        findall_can_interrupts(terminates,catch,falling,10,20)
                             {_164352~[_164352 < 20, _164352 > 10]} .>.10
                             {_164352~[_164352 < 20, _164352 > 10]} .<.20
                            can_interrupts(terminates,catch,falling, {_164352~[_164352 < 20, _164352 > 10]} )
                                can_terminates(catch,falling, {_164352~[_164352 < 20, _164352 > 10]} )
                    not_interrupted_(terminates,falling,[hit_ground,catch],10,20)
                        interrupted(terminates,hit_ground,falling, {_165034~[_165034 < 20, _165034 > 10]} ,10,20)
                             {_165034~[_165034 < 20, _165034 > 10]} .>.10
                             {_165034~[_165034 < 20, _165034 > 10]} .<.20
                            can_interrupts(terminates,hit_ground,falling, {_165034~[_165034 < 20, _165034 > 10]} )
                                can_terminates(hit_ground,falling, {_165034~[_165034 < 20, _165034 > 10]} )
                            happens(hit_ground, {_165034~[_165034 < 20, _165034 > 10]} )
                                builtin(!spy)

--------------------- Calling:  builtin(!spy) -------------
    happens(hit_ground,20)
        builtin(!spy)
        holdsAt(height(0),20,falling)
            10.>.0
            10.<.20
            max_time(100)
            20.=<.100
            can_trajectory(falling,10,height(0),20)
            can_initiates(fall_down,falling,10)
            happens(fall_down,10)
                happens(drop,10)
            initiates(fall_down,falling,10)
            trajectory(falling,10,height(0),20)
                initiallyP(constant_fall_rate(1))
                0.=.10-(20-10)*1
                holdsAt(height(10),10)
                    10.>=.0
                    max_time(100)
                    10.=<.100
                    initiallyP(height(10))
                    not_stoppedIn(0,height(10),10)
                        0.=<.10
                        not_interrupted(terminates,height(10),0,10)
                            findall(_162218,findall_can_interrupts(terminates,_162218,height(10),0,10),[catch])
                                findall_can_interrupts(terminates,catch,height(10),0,10)
                                     {_162375~[_162375 > 0, _162375 < 10]} .>.0
                                     {_162375~[_162375 > 0, _162375 < 10]} .<.10
                                    can_interrupts(terminates,catch,height(10), {_162375~[_162375 > 0, _162375 < 10]} )
                                        can_terminates(catch,height(10), {_162375~[_162375 > 0, _162375 < 10]} )
                            not_interrupted_(terminates,height(10),[catch],0,10)
                                findall(_162585,interrupted(terminates,catch,height(10),_162585,0,10),[])
                                all_entirely_outside_of_interval([],0,10)
                                not_interrupted_(terminates,height(10),[],0,10)
                        not_interrupted(releases,height(10),0,10)
                            findall(_163032,findall_can_interrupts(releases,_163032,height(10),0,10),[drop])
                                findall_can_interrupts(releases,drop,height(10),0,10)
                                     {_163189~[_163189 > 0, _163189 < 10]} .>.0
                                     {_163189~[_163189 > 0, _163189 < 10]} .<.10
                                    can_interrupts(releases,drop,height(10), {_163189~[_163189 > 0, _163189 < 10]} )
                                        can_releases(drop,height(10), {_163189~[_163189 > 0, _163189 < 10]} )
                            not_interrupted_(releases,height(10),[drop],0,10)
                                findall(_163399,interrupted(releases,drop,height(10),_163399,0,10),[])
                                proved(all_entirely_outside_of_interval([],0,10))
                                not_interrupted_(releases,height(10),[],0,10)
            not_stoppedIn(10,falling,20)
                10.=<.20
                not_interrupted(terminates,falling,10,20)
                    findall(_164207,findall_can_interrupts(terminates,_164207,falling,10,20),[hit_ground,catch])
                        findall_can_interrupts(terminates,hit_ground,falling,10,20)
                             {_164513~[_164513 < 20, _164513 > 10]} .>.10
                             {_164513~[_164513 < 20, _164513 > 10]} .<.20
                            can_interrupts(terminates,hit_ground,falling, {_164513~[_164513 < 20, _164513 > 10]} )
                                can_terminates(hit_ground,falling, {_164513~[_164513 < 20, _164513 > 10]} )
                        findall_can_interrupts(terminates,catch,falling,10,20)
                             {_164352~[_164352 < 20, _164352 > 10]} .>.10
                             {_164352~[_164352 < 20, _164352 > 10]} .<.20
                            can_interrupts(terminates,catch,falling, {_164352~[_164352 < 20, _164352 > 10]} )
                                can_terminates(catch,falling, {_164352~[_164352 < 20, _164352 > 10]} )
                    not_interrupted_(terminates,falling,[hit_ground,catch],10,20)
                        interrupted(terminates,hit_ground,falling, {_165034~[_165034 > 10, _165034 < 20]} ,10,20)
                             {_165034~[_165034 > 10, _165034 < 20]} .>.10
                             {_165034~[_165034 > 10, _165034 < 20]} .<.20
                            can_interrupts(terminates,hit_ground,falling, {_165034~[_165034 > 10, _165034 < 20]} )
                                can_terminates(hit_ground,falling, {_165034~[_165034 > 10, _165034 < 20]} )
                            happens(hit_ground, {_165034~[_165034 > 10, _165034 < 20]} )
                                builtin(!spy)
                                holdsAt(height(0), {_165034~[_165034 > 10, _165034 < 20]} ,falling)
                                    10.>.0
                                    10.<. {_165034~[_165034 > 10, _165034 < 20]} 
                                    max_time(100)
                                     {_165034~[_165034 > 10, _165034 < 20]} .=<.100
                                    can_trajectory(falling,10,height(0), {_165034~[_165034 > 10, _165034 < 20]} )
                                    can_initiates(fall_down,falling,10)
                                    happens(fall_down,10)
                                        happens(drop,10)
                                    proved(initiates(fall_down,falling,10))
                                    trajectory(falling,10,height(0), {_165034~[_165034 > 10, _165034 < 20]} )
                                        initiallyP(constant_fall_rate(1))
                                        0.=. {_168956~[_168956 > 0, _168956 < 10]} -( {_165034~[_165034 > 10, _165034 < 20]} -10)*1
                                        holdsAt(height( {_168956~[_168956 > 0, _168956 < 10]} ),10)
                                             {_169381~[_169381 > 0, _169381 < 10]} .>.0
                                             {_169381~[_169381 > 0, _169381 < 10]} .<.10
                                            max_time(100)
                                            10.=<.100
                                            can_trajectory(falling, {_169381~[_169381 > 0, _169381 < 10]} ,height( {_168956~[_168956 > 0, _168956 < 10]} ),10)
                                            can_initiates(fall_down,falling, {_169381~[_169381 > 0, _169381 < 10]} )
                                            happens(fall_down, {_169381~[_169381 > 0, _169381 < 10]} )
                                                happens(reach_apex, {_169381~[_169381 > 0, _169381 < 10]} )
                                                    builtin(!spy)

--------------------- Calling:  builtin(!spy) -------------
    happens(hit_ground,20)
        builtin(!spy)
        holdsAt(height(0),20,falling)
            10.>.0
            10.<.20
            max_time(100)
            20.=<.100
            can_trajectory(falling,10,height(0),20)
            can_initiates(fall_down,falling,10)
            happens(fall_down,10)
                happens(drop,10)
            initiates(fall_down,falling,10)
            trajectory(falling,10,height(0),20)
                initiallyP(constant_fall_rate(1))
                0.=.10-(20-10)*1
                holdsAt(height(10),10)
                    10.>=.0
                    max_time(100)
                    10.=<.100
                    initiallyP(height(10))
                    not_stoppedIn(0,height(10),10)
                        0.=<.10
                        not_interrupted(terminates,height(10),0,10)
                            findall(_162218,findall_can_interrupts(terminates,_162218,height(10),0,10),[catch])
                                findall_can_interrupts(terminates,catch,height(10),0,10)
                                     {_162375~[_162375 > 0, _162375 < 10]} .>.0
                                     {_162375~[_162375 > 0, _162375 < 10]} .<.10
                                    can_interrupts(terminates,catch,height(10), {_162375~[_162375 > 0, _162375 < 10]} )
                                        can_terminates(catch,height(10), {_162375~[_162375 > 0, _162375 < 10]} )
                            not_interrupted_(terminates,height(10),[catch],0,10)
                                findall(_162585,interrupted(terminates,catch,height(10),_162585,0,10),[])
                                all_entirely_outside_of_interval([],0,10)
                                not_interrupted_(terminates,height(10),[],0,10)
                        not_interrupted(releases,height(10),0,10)
                            findall(_163032,findall_can_interrupts(releases,_163032,height(10),0,10),[drop])
                                findall_can_interrupts(releases,drop,height(10),0,10)
                                     {_163189~[_163189 > 0, _163189 < 10]} .>.0
                                     {_163189~[_163189 > 0, _163189 < 10]} .<.10
                                    can_interrupts(releases,drop,height(10), {_163189~[_163189 > 0, _163189 < 10]} )
                                        can_releases(drop,height(10), {_163189~[_163189 > 0, _163189 < 10]} )
                            not_interrupted_(releases,height(10),[drop],0,10)
                                findall(_163399,interrupted(releases,drop,height(10),_163399,0,10),[])
                                proved(all_entirely_outside_of_interval([],0,10))
                                not_interrupted_(releases,height(10),[],0,10)
            not_stoppedIn(10,falling,20)
                10.=<.20
                not_interrupted(terminates,falling,10,20)
                    findall(_164207,findall_can_interrupts(terminates,_164207,falling,10,20),[hit_ground,catch])
                        findall_can_interrupts(terminates,hit_ground,falling,10,20)
                             {_164513~[_164513 < 20, _164513 > 10]} .>.10
                             {_164513~[_164513 < 20, _164513 > 10]} .<.20
                            can_interrupts(terminates,hit_ground,falling, {_164513~[_164513 < 20, _164513 > 10]} )
                                can_terminates(hit_ground,falling, {_164513~[_164513 < 20, _164513 > 10]} )
                        findall_can_interrupts(terminates,catch,falling,10,20)
                             {_164352~[_164352 < 20, _164352 > 10]} .>.10
                             {_164352~[_164352 < 20, _164352 > 10]} .<.20
                            can_interrupts(terminates,catch,falling, {_164352~[_164352 < 20, _164352 > 10]} )
                                can_terminates(catch,falling, {_164352~[_164352 < 20, _164352 > 10]} )
                    not_interrupted_(terminates,falling,[hit_ground,catch],10,20)
                        interrupted(terminates,hit_ground,falling, {_165034~[_165034 > 10, _165034 < 20]} ,10,20)
                             {_165034~[_165034 > 10, _165034 < 20]} .>.10
                             {_165034~[_165034 > 10, _165034 < 20]} .<.20
                            can_interrupts(terminates,hit_ground,falling, {_165034~[_165034 > 10, _165034 < 20]} )
                                can_terminates(hit_ground,falling, {_165034~[_165034 > 10, _165034 < 20]} )
                            happens(hit_ground, {_165034~[_165034 > 10, _165034 < 20]} )
                                builtin(!spy)
                                holdsAt(height(0), {_165034~[_165034 > 10, _165034 < 20]} ,falling)
                                    10.>.0
                                    10.<. {_165034~[_165034 > 10, _165034 < 20]} 
                                    max_time(100)
                                     {_165034~[_165034 > 10, _165034 < 20]} .=<.100
                                    can_trajectory(falling,10,height(0), {_165034~[_165034 > 10, _165034 < 20]} )
                                    can_initiates(fall_down,falling,10)
                                    happens(fall_down,10)
                                        happens(drop,10)
                                    proved(initiates(fall_down,falling,10))
                                    trajectory(falling,10,height(0), {_165034~[_165034 > 10, _165034 < 20]} )
                                        initiallyP(constant_fall_rate(1))
                                        0.=. {_168956~[_168956 > 0, _168956 < 10]} -( {_165034~[_165034 > 10, _165034 < 20]} -10)*1
                                        holdsAt(height( {_168956~[_168956 > 0, _168956 < 10]} ),10)
                                             {_169381~[_169381 > 0, _169381 < 10]} .>.0
                                             {_169381~[_169381 > 0, _169381 < 10]} .<.10
                                            max_time(100)
                                            10.=<.100
                                            can_trajectory(falling, {_169381~[_169381 > 0, _169381 < 10]} ,height( {_168956~[_168956 > 0, _168956 < 10]} ),10)
                                            can_initiates(fall_down,falling, {_169381~[_169381 > 0, _169381 < 10]} )
                                            happens(fall_down, {_169381~[_169381 > 0, _169381 < 10]} )
                                                happens(reach_apex, {_169381~[_169381 > 0, _169381 < 10]} )
                                                    builtin(!spy)
                                                    holdsAt(velocity(0), {_169381~[_169381 > 0, _169381 < 10]} ,rising)
                                                         {_172487~[_172487 > 0, _172487 < 10]} .>.0
                                                         {_172487~[_172487 > 0, _172487 < 10]} .<. {_169381~[_169381 > 0, _169381 < 10]} 
                                                        max_time(100)
                                                         {_169381~[_169381 > 0, _169381 < 10]} .=<.100
                                                        can_trajectory(rising, {_172487~[_172487 > 0, _172487 < 10]} ,velocity(0), {_169381~[_169381 > 0, _169381 < 10]} )
                                                        can_initiates(bounce_up,rising, {_172487~[_172487 > 0, _172487 < 10]} )
                                                        happens(bounce_up, {_172487~[_172487 > 0, _172487 < 10]} )
                                                            happens(hit_ground, {_172487~[_172487 > 0, _172487 < 10]} )
                                                                builtin(!spy)

--------------------- Calling:  builtin(!spy) -------------
    happens(hit_ground,20)
        builtin(!spy)
        holdsAt(height(0),20,falling)
            10.>.0
            10.<.20
            max_time(100)
            20.=<.100
            can_trajectory(falling,10,height(0),20)
            can_initiates(fall_down,falling,10)
            happens(fall_down,10)
                happens(drop,10)
            initiates(fall_down,falling,10)
            trajectory(falling,10,height(0),20)
                initiallyP(constant_fall_rate(1))
                0.=.10-(20-10)*1
                holdsAt(height(10),10)
                    10.>=.0
                    max_time(100)
                    10.=<.100
                    initiallyP(height(10))
                    not_stoppedIn(0,height(10),10)
                        0.=<.10
                        not_interrupted(terminates,height(10),0,10)
                            findall(_162218,findall_can_interrupts(terminates,_162218,height(10),0,10),[catch])
                                findall_can_interrupts(terminates,catch,height(10),0,10)
                                     {_162375~[_162375 > 0, _162375 < 10]} .>.0
                                     {_162375~[_162375 > 0, _162375 < 10]} .<.10
                                    can_interrupts(terminates,catch,height(10), {_162375~[_162375 > 0, _162375 < 10]} )
                                        can_terminates(catch,height(10), {_162375~[_162375 > 0, _162375 < 10]} )
                            not_interrupted_(terminates,height(10),[catch],0,10)
                                findall(_162585,interrupted(terminates,catch,height(10),_162585,0,10),[])
                                all_entirely_outside_of_interval([],0,10)
                                not_interrupted_(terminates,height(10),[],0,10)
                        not_interrupted(releases,height(10),0,10)
                            findall(_163032,findall_can_interrupts(releases,_163032,height(10),0,10),[drop])
                                findall_can_interrupts(releases,drop,height(10),0,10)
                                     {_163189~[_163189 > 0, _163189 < 10]} .>.0
                                     {_163189~[_163189 > 0, _163189 < 10]} .<.10
                                    can_interrupts(releases,drop,height(10), {_163189~[_163189 > 0, _163189 < 10]} )
                                        can_releases(drop,height(10), {_163189~[_163189 > 0, _163189 < 10]} )
                            not_interrupted_(releases,height(10),[drop],0,10)
                                findall(_163399,interrupted(releases,drop,height(10),_163399,0,10),[])
                                proved(all_entirely_outside_of_interval([],0,10))
                                not_interrupted_(releases,height(10),[],0,10)
            not_stoppedIn(10,falling,20)
                10.=<.20
                not_interrupted(terminates,falling,10,20)
                    findall(_164207,findall_can_interrupts(terminates,_164207,falling,10,20),[hit_ground,catch])
                        findall_can_interrupts(terminates,hit_ground,falling,10,20)
                             {_164513~[_164513 < 20, _164513 > 10]} .>.10
                             {_164513~[_164513 < 20, _164513 > 10]} .<.20
                            can_interrupts(terminates,hit_ground,falling, {_164513~[_164513 < 20, _164513 > 10]} )
                                can_terminates(hit_ground,falling, {_164513~[_164513 < 20, _164513 > 10]} )
                        findall_can_interrupts(terminates,catch,falling,10,20)
                             {_164352~[_164352 < 20, _164352 > 10]} .>.10
                             {_164352~[_164352 < 20, _164352 > 10]} .<.20
                            can_interrupts(terminates,catch,falling, {_164352~[_164352 < 20, _164352 > 10]} )
                                can_terminates(catch,falling, {_164352~[_164352 < 20, _164352 > 10]} )
                    not_interrupted_(terminates,falling,[hit_ground,catch],10,20)
                        interrupted(terminates,hit_ground,falling, {_165034~[_165034 > 10, _165034 < 20]} ,10,20)
                             {_165034~[_165034 > 10, _165034 < 20]} .>.10
                             {_165034~[_165034 > 10, _165034 < 20]} .<.20
                            can_interrupts(terminates,hit_ground,falling, {_165034~[_165034 > 10, _165034 < 20]} )
                                can_terminates(hit_ground,falling, {_165034~[_165034 > 10, _165034 < 20]} )
                            happens(hit_ground, {_165034~[_165034 > 10, _165034 < 20]} )
                                builtin(!spy)
                                holdsAt(height(0), {_165034~[_165034 > 10, _165034 < 20]} ,falling)
                                    10.>.0
                                    10.<. {_165034~[_165034 > 10, _165034 < 20]} 
                                    max_time(100)
                                     {_165034~[_165034 > 10, _165034 < 20]} .=<.100
                                    can_trajectory(falling,10,height(0), {_165034~[_165034 > 10, _165034 < 20]} )
                                    can_initiates(fall_down,falling,10)
                                    happens(fall_down,10)
                                        happens(drop,10)
                                    proved(initiates(fall_down,falling,10))
                                    trajectory(falling,10,height(0), {_165034~[_165034 > 10, _165034 < 20]} )
                                        initiallyP(constant_fall_rate(1))
                                        0.=. {_168956~[_168956 > 0, _168956 < 10]} -( {_165034~[_165034 > 10, _165034 < 20]} -10)*1
                                        holdsAt(height( {_168956~[_168956 > 0, _168956 < 10]} ),10)
                                             {_169381~[_169381 > 0, _169381 < 10]} .>.0
                                             {_169381~[_169381 > 0, _169381 < 10]} .<.10
                                            max_time(100)
                                            10.=<.100
                                            can_trajectory(falling, {_169381~[_169381 > 0, _169381 < 10]} ,height( {_168956~[_168956 > 0, _168956 < 10]} ),10)
                                            can_initiates(fall_down,falling, {_169381~[_169381 > 0, _169381 < 10]} )
                                            happens(fall_down, {_169381~[_169381 > 0, _169381 < 10]} )
                                                happens(reach_apex, {_169381~[_169381 > 0, _169381 < 10]} )
                                                    builtin(!spy)
                                                    holdsAt(velocity(0), {_169381~[_169381 > 0, _169381 < 10]} ,rising)
                                                         {_172487~[_172487 > 0, _172487 < 10]} .>.0
                                                         {_172487~[_172487 > 0, _172487 < 10]} .<. {_169381~[_169381 > 0, _169381 < 10]} 
                                                        max_time(100)
                                                         {_169381~[_169381 > 0, _169381 < 10]} .=<.100
                                                        can_trajectory(rising, {_172487~[_172487 > 0, _172487 < 10]} ,velocity(0), {_169381~[_169381 > 0, _169381 < 10]} )
                                                        can_initiates(bounce_up,rising, {_172487~[_172487 > 0, _172487 < 10]} )
                                                        happens(bounce_up, {_172487~[_172487 > 0, _172487 < 10]} )
                                                            happens(hit_ground, {_172487~[_172487 > 0, _172487 < 10]} )
                                                                builtin(!spy)
                                                                holdsAt(height(0), {_172487~[_172487 > 0, _172487 < 10]} ,falling)
                                                                     {_176172~[_176172 > 0, _176172 < 10]} .>.0
                                                                     {_176172~[_176172 > 0, _176172 < 10]} .<. {_172487~[_172487 > 0, _172487 < 10]} 
                                                                    max_time(100)
                                                                     {_172487~[_172487 > 0, _172487 < 10]} .=<.100
                                                                    can_trajectory(falling, {_176172~[_176172 > 0, _176172 < 10]} ,height(0), {_172487~[_172487 > 0, _172487 < 10]} )
                                                                    can_initiates(fall_down,falling, {_176172~[_176172 > 0, _176172 < 10]} )
                                                                    happens(fall_down, {_176172~[_176172 > 0, _176172 < 10]} )
                                                                        happens(reach_apex, {_176172~[_176172 > 0, _176172 < 10]} )
                                                                            builtin(!spy)

--------------------- Calling:  builtin(!spy) -------------
    happens(hit_ground,20)
        builtin(!spy)
        holdsAt(height(0),20,falling)
            10.>.0
            10.<.20
            max_time(100)
            20.=<.100
            can_trajectory(falling,10,height(0),20)
            can_initiates(fall_down,falling,10)
            happens(fall_down,10)
                happens(drop,10)
            initiates(fall_down,falling,10)
            trajectory(falling,10,height(0),20)
                initiallyP(constant_fall_rate(1))
                0.=.10-(20-10)*1
                holdsAt(height(10),10)
                    10.>=.0
                    max_time(100)
                    10.=<.100
                    initiallyP(height(10))
                    not_stoppedIn(0,height(10),10)
                        0.=<.10
                        not_interrupted(terminates,height(10),0,10)
                            findall(_162218,findall_can_interrupts(terminates,_162218,height(10),0,10),[catch])
                                findall_can_interrupts(terminates,catch,height(10),0,10)
                                     {_162375~[_162375 > 0, _162375 < 10]} .>.0
                                     {_162375~[_162375 > 0, _162375 < 10]} .<.10
                                    can_interrupts(terminates,catch,height(10), {_162375~[_162375 > 0, _162375 < 10]} )
                                        can_terminates(catch,height(10), {_162375~[_162375 > 0, _162375 < 10]} )
                            not_interrupted_(terminates,height(10),[catch],0,10)
                                findall(_162585,interrupted(terminates,catch,height(10),_162585,0,10),[])
                                all_entirely_outside_of_interval([],0,10)
                                not_interrupted_(terminates,height(10),[],0,10)
                        not_interrupted(releases,height(10),0,10)
                            findall(_163032,findall_can_interrupts(releases,_163032,height(10),0,10),[drop])
                                findall_can_interrupts(releases,drop,height(10),0,10)
                                     {_163189~[_163189 > 0, _163189 < 10]} .>.0
                                     {_163189~[_163189 > 0, _163189 < 10]} .<.10
                                    can_interrupts(releases,drop,height(10), {_163189~[_163189 > 0, _163189 < 10]} )
                                        can_releases(drop,height(10), {_163189~[_163189 > 0, _163189 < 10]} )
                            not_interrupted_(releases,height(10),[drop],0,10)
                                findall(_163399,interrupted(releases,drop,height(10),_163399,0,10),[])
                                proved(all_entirely_outside_of_interval([],0,10))
                                not_interrupted_(releases,height(10),[],0,10)
            not_stoppedIn(10,falling,20)
                10.=<.20
                not_interrupted(terminates,falling,10,20)
                    findall(_164207,findall_can_interrupts(terminates,_164207,falling,10,20),[hit_ground,catch])
                        findall_can_interrupts(terminates,hit_ground,falling,10,20)
                             {_164513~[_164513 < 20, _164513 > 10]} .>.10
                             {_164513~[_164513 < 20, _164513 > 10]} .<.20
                            can_interrupts(terminates,hit_ground,falling, {_164513~[_164513 < 20, _164513 > 10]} )
                                can_terminates(hit_ground,falling, {_164513~[_164513 < 20, _164513 > 10]} )
                        findall_can_interrupts(terminates,catch,falling,10,20)
                             {_164352~[_164352 < 20, _164352 > 10]} .>.10
                             {_164352~[_164352 < 20, _164352 > 10]} .<.20
                            can_interrupts(terminates,catch,falling, {_164352~[_164352 < 20, _164352 > 10]} )
                                can_terminates(catch,falling, {_164352~[_164352 < 20, _164352 > 10]} )
                    not_interrupted_(terminates,falling,[hit_ground,catch],10,20)
                        interrupted(terminates,hit_ground,falling, {_165034~[_165034 > 10, _165034 < 20]} ,10,20)
                             {_165034~[_165034 > 10, _165034 < 20]} .>.10
                             {_165034~[_165034 > 10, _165034 < 20]} .<.20
                            can_interrupts(terminates,hit_ground,falling, {_165034~[_165034 > 10, _165034 < 20]} )
                                can_terminates(hit_ground,falling, {_165034~[_165034 > 10, _165034 < 20]} )
                            happens(hit_ground, {_165034~[_165034 > 10, _165034 < 20]} )
                                builtin(!spy)
                                holdsAt(height(0), {_165034~[_165034 > 10, _165034 < 20]} ,falling)
                                    10.>.0
                                    10.<. {_165034~[_165034 > 10, _165034 < 20]} 
                                    max_time(100)
                                     {_165034~[_165034 > 10, _165034 < 20]} .=<.100
                                    can_trajectory(falling,10,height(0), {_165034~[_165034 > 10, _165034 < 20]} )
                                    can_initiates(fall_down,falling,10)
                                    happens(fall_down,10)
                                        happens(drop,10)
                                    proved(initiates(fall_down,falling,10))
                                    trajectory(falling,10,height(0), {_165034~[_165034 > 10, _165034 < 20]} )
                                        initiallyP(constant_fall_rate(1))
                                        0.=. {_168956~[_168956 > 0, _168956 < 10]} -( {_165034~[_165034 > 10, _165034 < 20]} -10)*1
                                        holdsAt(height( {_168956~[_168956 > 0, _168956 < 10]} ),10)
                                             {_169381~[_169381 > 0, _169381 < 10]} .>.0
                                             {_169381~[_169381 > 0, _169381 < 10]} .<.10
                                            max_time(100)
                                            10.=<.100
                                            can_trajectory(falling, {_169381~[_169381 > 0, _169381 < 10]} ,height( {_168956~[_168956 > 0, _168956 < 10]} ),10)
                                            can_initiates(fall_down,falling, {_169381~[_169381 > 0, _169381 < 10]} )
                                            happens(fall_down, {_169381~[_169381 > 0, _169381 < 10]} )
                                                happens(reach_apex, {_169381~[_169381 > 0, _169381 < 10]} )
                                                    builtin(!spy)
                                                    holdsAt(velocity(0), {_169381~[_169381 > 0, _169381 < 10]} ,rising)
                                                         {_172487~[_172487 > 0, _172487 < 10]} .>.0
                                                         {_172487~[_172487 > 0, _172487 < 10]} .<. {_169381~[_169381 > 0, _169381 < 10]} 
                                                        max_time(100)
                                                         {_169381~[_169381 > 0, _169381 < 10]} .=<.100
                                                        can_trajectory(rising, {_172487~[_172487 > 0, _172487 < 10]} ,velocity(0), {_169381~[_169381 > 0, _169381 < 10]} )
                                                        can_initiates(bounce_up,rising, {_172487~[_172487 > 0, _172487 < 10]} )
                                                        happens(bounce_up, {_172487~[_172487 > 0, _172487 < 10]} )
                                                            happens(hit_ground, {_172487~[_172487 > 0, _172487 < 10]} )
                                                                builtin(!spy)
                                                                holdsAt(height(0), {_172487~[_172487 > 0, _172487 < 10]} ,falling)
                                                                     {_176172~[_176172 > 0, _176172 < 10]} .>.0
                                                                     {_176172~[_176172 > 0, _176172 < 10]} .<. {_172487~[_172487 > 0, _172487 < 10]} 
                                                                    max_time(100)
                                                                     {_172487~[_172487 > 0, _172487 < 10]} .=<.100
                                                                    can_trajectory(falling, {_176172~[_176172 > 0, _176172 < 10]} ,height(0), {_172487~[_172487 > 0, _172487 < 10]} )
                                                                    can_initiates(fall_down,falling, {_176172~[_176172 > 0, _176172 < 10]} )
                                                                    happens(fall_down, {_176172~[_176172 > 0, _176172 < 10]} )
                                                                        happens(reach_apex, {_176172~[_176172 > 0, _176172 < 10]} )
                                                                            builtin(!spy)
                                                                            holdsAt(velocity(0), {_176172~[_176172 > 0, _176172 < 10]} ,rising)
                                                                                 {_180088~[_180088 > 0, _180088 < 10]} .>.0
                                                                                 {_180088~[_180088 > 0, _180088 < 10]} .<. {_176172~[_176172 > 0, _176172 < 10]} 
                                                                                max_time(100)
                                                                                 {_176172~[_176172 > 0, _176172 < 10]} .=<.100
                                                                                can_trajectory(rising, {_180088~[_180088 > 0, _180088 < 10]} ,velocity(0), {_176172~[_176172 > 0, _176172 < 10]} )
                                                                                can_initiates(bounce_up,rising, {_180088~[_180088 > 0, _180088 < 10]} )
                                                                                happens(bounce_up, {_180088~[_180088 > 0, _180088 < 10]} )
                                                                                    happens(hit_ground, {_180088~[_180088 > 0, _180088 < 10]} )
                                                                                        builtin(!spy)

--------------------- Calling:  builtin(!spy) -------------
    happens(hit_ground,20)
        builtin(!spy)
        holdsAt(height(0),20,falling)
            10.>.0
            10.<.20
            max_time(100)
            20.=<.100
            can_trajectory(falling,10,height(0),20)
            can_initiates(fall_down,falling,10)
            happens(fall_down,10)
                happens(drop,10)
            initiates(fall_down,falling,10)
            trajectory(falling,10,height(0),20)
                initiallyP(constant_fall_rate(1))
                0.=.10-(20-10)*1
                holdsAt(height(10),10)
                    10.>=.0
                    max_time(100)
                    10.=<.100
                    initiallyP(height(10))
                    not_stoppedIn(0,height(10),10)
                        0.=<.10
                        not_interrupted(terminates,height(10),0,10)
                            findall(_162218,findall_can_interrupts(terminates,_162218,height(10),0,10),[catch])
                                findall_can_interrupts(terminates,catch,height(10),0,10)
                                     {_162375~[_162375 > 0, _162375 < 10]} .>.0
                                     {_162375~[_162375 > 0, _162375 < 10]} .<.10
                                    can_interrupts(terminates,catch,height(10), {_162375~[_162375 > 0, _162375 < 10]} )
                                        can_terminates(catch,height(10), {_162375~[_162375 > 0, _162375 < 10]} )
                            not_interrupted_(terminates,height(10),[catch],0,10)
                                findall(_162585,interrupted(terminates,catch,height(10),_162585,0,10),[])
                                all_entirely_outside_of_interval([],0,10)
                                not_interrupted_(terminates,height(10),[],0,10)
                        not_interrupted(releases,height(10),0,10)
                            findall(_163032,findall_can_interrupts(releases,_163032,height(10),0,10),[drop])
                                findall_can_interrupts(releases,drop,height(10),0,10)
                                     {_163189~[_163189 > 0, _163189 < 10]} .>.0
                                     {_163189~[_163189 > 0, _163189 < 10]} .<.10
                                    can_interrupts(releases,drop,height(10), {_163189~[_163189 > 0, _163189 < 10]} )
                                        can_releases(drop,height(10), {_163189~[_163189 > 0, _163189 < 10]} )
                            not_interrupted_(releases,height(10),[drop],0,10)
                                findall(_163399,interrupted(releases,drop,height(10),_163399,0,10),[])
                                proved(all_entirely_outside_of_interval([],0,10))
                                not_interrupted_(releases,height(10),[],0,10)
            not_stoppedIn(10,falling,20)
                10.=<.20
                not_interrupted(terminates,falling,10,20)
                    findall(_164207,findall_can_interrupts(terminates,_164207,falling,10,20),[hit_ground,catch])
                        findall_can_interrupts(terminates,hit_ground,falling,10,20)
                             {_164513~[_164513 < 20, _164513 > 10]} .>.10
                             {_164513~[_164513 < 20, _164513 > 10]} .<.20
                            can_interrupts(terminates,hit_ground,falling, {_164513~[_164513 < 20, _164513 > 10]} )
                                can_terminates(hit_ground,falling, {_164513~[_164513 < 20, _164513 > 10]} )
                        findall_can_interrupts(terminates,catch,falling,10,20)
                             {_164352~[_164352 < 20, _164352 > 10]} .>.10
                             {_164352~[_164352 < 20, _164352 > 10]} .<.20
                            can_interrupts(terminates,catch,falling, {_164352~[_164352 < 20, _164352 > 10]} )
                                can_terminates(catch,falling, {_164352~[_164352 < 20, _164352 > 10]} )
                    not_interrupted_(terminates,falling,[hit_ground,catch],10,20)
                        interrupted(terminates,hit_ground,falling, {_165034~[_165034 > 10, _165034 < 20]} ,10,20)
                             {_165034~[_165034 > 10, _165034 < 20]} .>.10
                             {_165034~[_165034 > 10, _165034 < 20]} .<.20
                            can_interrupts(terminates,hit_ground,falling, {_165034~[_165034 > 10, _165034 < 20]} )
                                can_terminates(hit_ground,falling, {_165034~[_165034 > 10, _165034 < 20]} )
                            happens(hit_ground, {_165034~[_165034 > 10, _165034 < 20]} )
                                builtin(!spy)
                                holdsAt(height(0), {_165034~[_165034 > 10, _165034 < 20]} ,falling)
                                    10.>.0
                                    10.<. {_165034~[_165034 > 10, _165034 < 20]} 
                                    max_time(100)
                                     {_165034~[_165034 > 10, _165034 < 20]} .=<.100
                                    can_trajectory(falling,10,height(0), {_165034~[_165034 > 10, _165034 < 20]} )
                                    can_initiates(fall_down,falling,10)
                                    happens(fall_down,10)
                                        happens(drop,10)
                                    proved(initiates(fall_down,falling,10))
                                    trajectory(falling,10,height(0), {_165034~[_165034 > 10, _165034 < 20]} )
                                        initiallyP(constant_fall_rate(1))
                                        0.=. {_168956~[_168956 > 0, _168956 < 10]} -( {_165034~[_165034 > 10, _165034 < 20]} -10)*1
                                        holdsAt(height( {_168956~[_168956 > 0, _168956 < 10]} ),10)
                                             {_169381~[_169381 > 0, _169381 < 10]} .>.0
                                             {_169381~[_169381 > 0, _169381 < 10]} .<.10
                                            max_time(100)
                                            10.=<.100
                                            can_trajectory(falling, {_169381~[_169381 > 0, _169381 < 10]} ,height( {_168956~[_168956 > 0, _168956 < 10]} ),10)
                                            can_initiates(fall_down,falling, {_169381~[_169381 > 0, _169381 < 10]} )
                                            happens(fall_down, {_169381~[_169381 > 0, _169381 < 10]} )
                                                happens(reach_apex, {_169381~[_169381 > 0, _169381 < 10]} )
                                                    builtin(!spy)
                                                    holdsAt(velocity(0), {_169381~[_169381 > 0, _169381 < 10]} ,rising)
                                                         {_172487~[_172487 > 0, _172487 < 10]} .>.0
                                                         {_172487~[_172487 > 0, _172487 < 10]} .<. {_169381~[_169381 > 0, _169381 < 10]} 
                                                        max_time(100)
                                                         {_169381~[_169381 > 0, _169381 < 10]} .=<.100
                                                        can_trajectory(rising, {_172487~[_172487 > 0, _172487 < 10]} ,velocity(0), {_169381~[_169381 > 0, _169381 < 10]} )
                                                        can_initiates(bounce_up,rising, {_172487~[_172487 > 0, _172487 < 10]} )
                                                        happens(bounce_up, {_172487~[_172487 > 0, _172487 < 10]} )
                                                            happens(hit_ground, {_172487~[_172487 > 0, _172487 < 10]} )
                                                                builtin(!spy)
                                                                holdsAt(height(0), {_172487~[_172487 > 0, _172487 < 10]} ,falling)
                                                                     {_176172~[_176172 > 0, _176172 < 10]} .>.0
                                                                     {_176172~[_176172 > 0, _176172 < 10]} .<. {_172487~[_172487 > 0, _172487 < 10]} 
                                                                    max_time(100)
                                                                     {_172487~[_172487 > 0, _172487 < 10]} .=<.100
                                                                    can_trajectory(falling, {_176172~[_176172 > 0, _176172 < 10]} ,height(0), {_172487~[_172487 > 0, _172487 < 10]} )
                                                                    can_initiates(fall_down,falling, {_176172~[_176172 > 0, _176172 < 10]} )
                                                                    happens(fall_down, {_176172~[_176172 > 0, _176172 < 10]} )
                                                                        happens(reach_apex, {_176172~[_176172 > 0, _176172 < 10]} )
                                                                            builtin(!spy)
                                                                            holdsAt(velocity(0), {_176172~[_176172 > 0, _176172 < 10]} ,rising)
                                                                                 {_180088~[_180088 > 0, _180088 < 10]} .>.0
                                                                                 {_180088~[_180088 > 0, _180088 < 10]} .<. {_176172~[_176172 > 0, _176172 < 10]} 
                                                                                max_time(100)
                                                                                 {_176172~[_176172 > 0, _176172 < 10]} .=<.100
                                                                                can_trajectory(rising, {_180088~[_180088 > 0, _180088 < 10]} ,velocity(0), {_176172~[_176172 > 0, _176172 < 10]} )
                                                                                can_initiates(bounce_up,rising, {_180088~[_180088 > 0, _180088 < 10]} )
                                                                                happens(bounce_up, {_180088~[_180088 > 0, _180088 < 10]} )
                                                                                    happens(hit_ground, {_180088~[_180088 > 0, _180088 < 10]} )
                                                                                        builtin(!spy)
                                                                                        holdsAt(height(0), {_180088~[_180088 > 0, _180088 < 10]} ,falling)
                                                                                             {_184222~[_184222 > 0, _184222 < 10]} .>.0
                                                                                             {_184222~[_184222 > 0, _184222 < 10]} .<. {_180088~[_180088 > 0, _180088 < 10]} 
                                                                                            max_time(100)
                                                                                             {_180088~[_180088 > 0, _180088 < 10]} .=<.100
                                                                                            can_trajectory(falling, {_184222~[_184222 > 0, _184222 < 10]} ,height(0), {_180088~[_180088 > 0, _180088 < 10]} )
                                                                                            can_initiates(fall_down,falling, {_184222~[_184222 > 0, _184222 < 10]} )
                                                                                            happens(fall_down, {_184222~[_184222 > 0, _184222 < 10]} )
                                                                                                happens(reach_apex, {_184222~[_184222 > 0, _184222 < 10]} )
                                                                                                    builtin(!spy)

--------------------- Calling:  builtin(!spy) -------------
    happens(hit_ground,20)
        builtin(!spy)
        holdsAt(height(0),20,falling)
            10.>.0
            10.<.20
            max_time(100)
            20.=<.100
            can_trajectory(falling,10,height(0),20)
            can_initiates(fall_down,falling,10)
            happens(fall_down,10)
                happens(drop,10)
            initiates(fall_down,falling,10)
            trajectory(falling,10,height(0),20)
                initiallyP(constant_fall_rate(1))
                0.=.10-(20-10)*1
                holdsAt(height(10),10)
                    10.>=.0
                    max_time(100)
                    10.=<.100
                    initiallyP(height(10))
                    not_stoppedIn(0,height(10),10)
                        0.=<.10
                        not_interrupted(terminates,height(10),0,10)
                            findall(_162218,findall_can_interrupts(terminates,_162218,height(10),0,10),[catch])
                                findall_can_interrupts(terminates,catch,height(10),0,10)
                                     {_162375~[_162375 > 0, _162375 < 10]} .>.0
                                     {_162375~[_162375 > 0, _162375 < 10]} .<.10
                                    can_interrupts(terminates,catch,height(10), {_162375~[_162375 > 0, _162375 < 10]} )
                                        can_terminates(catch,height(10), {_162375~[_162375 > 0, _162375 < 10]} )
                            not_interrupted_(terminates,height(10),[catch],0,10)
                                findall(_162585,interrupted(terminates,catch,height(10),_162585,0,10),[])
                                all_entirely_outside_of_interval([],0,10)
                                not_interrupted_(terminates,height(10),[],0,10)
                        not_interrupted(releases,height(10),0,10)
                            findall(_163032,findall_can_interrupts(releases,_163032,height(10),0,10),[drop])
                                findall_can_interrupts(releases,drop,height(10),0,10)
                                     {_163189~[_163189 > 0, _163189 < 10]} .>.0
                                     {_163189~[_163189 > 0, _163189 < 10]} .<.10
                                    can_interrupts(releases,drop,height(10), {_163189~[_163189 > 0, _163189 < 10]} )
                                        can_releases(drop,height(10), {_163189~[_163189 > 0, _163189 < 10]} )
                            not_interrupted_(releases,height(10),[drop],0,10)
                                findall(_163399,interrupted(releases,drop,height(10),_163399,0,10),[])
                                proved(all_entirely_outside_of_interval([],0,10))
                                not_interrupted_(releases,height(10),[],0,10)
            not_stoppedIn(10,falling,20)
                10.=<.20
                not_interrupted(terminates,falling,10,20)
                    findall(_164207,findall_can_interrupts(terminates,_164207,falling,10,20),[hit_ground,catch])
                        findall_can_interrupts(terminates,hit_ground,falling,10,20)
                             {_164513~[_164513 < 20, _164513 > 10]} .>.10
                             {_164513~[_164513 < 20, _164513 > 10]} .<.20
                            can_interrupts(terminates,hit_ground,falling, {_164513~[_164513 < 20, _164513 > 10]} )
                                can_terminates(hit_ground,falling, {_164513~[_164513 < 20, _164513 > 10]} )
                        findall_can_interrupts(terminates,catch,falling,10,20)
                             {_164352~[_164352 < 20, _164352 > 10]} .>.10
                             {_164352~[_164352 < 20, _164352 > 10]} .<.20
                            can_interrupts(terminates,catch,falling, {_164352~[_164352 < 20, _164352 > 10]} )
                                can_terminates(catch,falling, {_164352~[_164352 < 20, _164352 > 10]} )
                    not_interrupted_(terminates,falling,[hit_ground,catch],10,20)
                        interrupted(terminates,hit_ground,falling, {_165034~[_165034 > 10, _165034 < 20]} ,10,20)
                             {_165034~[_165034 > 10, _165034 < 20]} .>.10
                             {_165034~[_165034 > 10, _165034 < 20]} .<.20
                            can_interrupts(terminates,hit_ground,falling, {_165034~[_165034 > 10, _165034 < 20]} )
                                can_terminates(hit_ground,falling, {_165034~[_165034 > 10, _165034 < 20]} )
                            happens(hit_ground, {_165034~[_165034 > 10, _165034 < 20]} )
                                builtin(!spy)
                                holdsAt(height(0), {_165034~[_165034 > 10, _165034 < 20]} ,falling)
                                    10.>.0
                                    10.<. {_165034~[_165034 > 10, _165034 < 20]} 
                                    max_time(100)
                                     {_165034~[_165034 > 10, _165034 < 20]} .=<.100
                                    can_trajectory(falling,10,height(0), {_165034~[_165034 > 10, _165034 < 20]} )
                                    can_initiates(fall_down,falling,10)
                                    happens(fall_down,10)
                                        happens(drop,10)
                                    proved(initiates(fall_down,falling,10))
                                    trajectory(falling,10,height(0), {_165034~[_165034 > 10, _165034 < 20]} )
                                        initiallyP(constant_fall_rate(1))
                                        0.=. {_168956~[_168956 > 0, _168956 < 10]} -( {_165034~[_165034 > 10, _165034 < 20]} -10)*1
                                        holdsAt(height( {_168956~[_168956 > 0, _168956 < 10]} ),10)
                                             {_169381~[_169381 > 0, _169381 < 10]} .>.0
                                             {_169381~[_169381 > 0, _169381 < 10]} .<.10
                                            max_time(100)
                                            10.=<.100
                                            can_trajectory(falling, {_169381~[_169381 > 0, _169381 < 10]} ,height( {_168956~[_168956 > 0, _168956 < 10]} ),10)
                                            can_initiates(fall_down,falling, {_169381~[_169381 > 0, _169381 < 10]} )
                                            happens(fall_down, {_169381~[_169381 > 0, _169381 < 10]} )
                                                happens(reach_apex, {_169381~[_169381 > 0, _169381 < 10]} )
                                                    builtin(!spy)
                                                    holdsAt(velocity(0), {_169381~[_169381 > 0, _169381 < 10]} ,rising)
                                                         {_172487~[_172487 > 0, _172487 < 10]} .>.0
                                                         {_172487~[_172487 > 0, _172487 < 10]} .<. {_169381~[_169381 > 0, _169381 < 10]} 
                                                        max_time(100)
                                                         {_169381~[_169381 > 0, _169381 < 10]} .=<.100
                                                        can_trajectory(rising, {_172487~[_172487 > 0, _172487 < 10]} ,velocity(0), {_169381~[_169381 > 0, _169381 < 10]} )
                                                        can_initiates(bounce_up,rising, {_172487~[_172487 > 0, _172487 < 10]} )
                                                        happens(bounce_up, {_172487~[_172487 > 0, _172487 < 10]} )
                                                            happens(hit_ground, {_172487~[_172487 > 0, _172487 < 10]} )
                                                                builtin(!spy)
                                                                holdsAt(height(0), {_172487~[_172487 > 0, _172487 < 10]} ,falling)
                                                                     {_176172~[_176172 > 0, _176172 < 10]} .>.0
                                                                     {_176172~[_176172 > 0, _176172 < 10]} .<. {_172487~[_172487 > 0, _172487 < 10]} 
                                                                    max_time(100)
                                                                     {_172487~[_172487 > 0, _172487 < 10]} .=<.100
                                                                    can_trajectory(falling, {_176172~[_176172 > 0, _176172 < 10]} ,height(0), {_172487~[_172487 > 0, _172487 < 10]} )
                                                                    can_initiates(fall_down,falling, {_176172~[_176172 > 0, _176172 < 10]} )
                                                                    happens(fall_down, {_176172~[_176172 > 0, _176172 < 10]} )
                                                                        happens(reach_apex, {_176172~[_176172 > 0, _176172 < 10]} )
                                                                            builtin(!spy)
                                                                            holdsAt(velocity(0), {_176172~[_176172 > 0, _176172 < 10]} ,rising)
                                                                                 {_180088~[_180088 > 0, _180088 < 10]} .>.0
                                                                                 {_180088~[_180088 > 0, _180088 < 10]} .<. {_176172~[_176172 > 0, _176172 < 10]} 
                                                                                max_time(100)
                                                                                 {_176172~[_176172 > 0, _176172 < 10]} .=<.100
                                                                                can_trajectory(rising, {_180088~[_180088 > 0, _180088 < 10]} ,velocity(0), {_176172~[_176172 > 0, _176172 < 10]} )
                                                                                can_initiates(bounce_up,rising, {_180088~[_180088 > 0, _180088 < 10]} )
                                                                                happens(bounce_up, {_180088~[_180088 > 0, _180088 < 10]} )
                                                                                    happens(hit_ground, {_180088~[_180088 > 0, _180088 < 10]} )
                                                                                        builtin(!spy)
                                                                                        holdsAt(height(0), {_180088~[_180088 > 0, _180088 < 10]} ,falling)
                                                                                             {_184222~[_184222 > 0, _184222 < 10]} .>.0
                                                                                             {_184222~[_184222 > 0, _184222 < 10]} .<. {_180088~[_180088 > 0, _180088 < 10]} 
                                                                                            max_time(100)
                                                                                             {_180088~[_180088 > 0, _180088 < 10]} .=<.100
                                                                                            can_trajectory(falling, {_184222~[_184222 > 0, _184222 < 10]} ,height(0), {_180088~[_180088 > 0, _180088 < 10]} )
                                                                                            can_initiates(fall_down,falling, {_184222~[_184222 > 0, _184222 < 10]} )
                                                                                            happens(fall_down, {_184222~[_184222 > 0, _184222 < 10]} )
                                                                                                happens(reach_apex, {_184222~[_184222 > 0, _184222 < 10]} )
                                                                                                    builtin(!spy)
                                                                                                    holdsAt(velocity(0), {_184222~[_184222 > 0, _184222 < 10]} ,rising)
                                                                                                         {_188574~[_188574 > 0, _188574 < 10]} .>.0
                                                                                                         {_188574~[_188574 > 0, _188574 < 10]} .<. {_184222~[_184222 > 0, _184222 < 10]} 
                                                                                                        max_time(100)
                                                                                                         {_184222~[_184222 > 0, _184222 < 10]} .=<.100
                                                                                                        can_trajectory(rising, {_188574~[_188574 > 0, _188574 < 10]} ,velocity(0), {_184222~[_184222 > 0, _184222 < 10]} )
                                                                                                        can_initiates(bounce_up,rising, {_188574~[_188574 > 0, _188574 < 10]} )
                                                                                                        happens(bounce_up, {_188574~[_188574 > 0, _188574 < 10]} )
                                                                                                            happens(hit_ground, {_188574~[_188574 > 0, _188574 < 10]} )
                                                                                                                builtin(!spy)

--------------------- Calling:  builtin(!spy) -------------
    happens(hit_ground,20)
        builtin(!spy)
        holdsAt(height(0),20,falling)
            10.>.0
            10.<.20
            max_time(100)
            20.=<.100
            can_trajectory(falling,10,height(0),20)
            can_initiates(fall_down,falling,10)
            happens(fall_down,10)
                happens(drop,10)
            initiates(fall_down,falling,10)
            trajectory(falling,10,height(0),20)
                initiallyP(constant_fall_rate(1))
                0.=.10-(20-10)*1
                holdsAt(height(10),10)
                    10.>=.0
                    max_time(100)
                    10.=<.100
                    initiallyP(height(10))
                    not_stoppedIn(0,height(10),10)
                        0.=<.10
                        not_interrupted(terminates,height(10),0,10)
                            findall(_162218,findall_can_interrupts(terminates,_162218,height(10),0,10),[catch])
                                findall_can_interrupts(terminates,catch,height(10),0,10)
                                     {_162375~[_162375 > 0, _162375 < 10]} .>.0
                                     {_162375~[_162375 > 0, _162375 < 10]} .<.10
                                    can_interrupts(terminates,catch,height(10), {_162375~[_162375 > 0, _162375 < 10]} )
                                        can_terminates(catch,height(10), {_162375~[_162375 > 0, _162375 < 10]} )
                            not_interrupted_(terminates,height(10),[catch],0,10)
                                findall(_162585,interrupted(terminates,catch,height(10),_162585,0,10),[])
                                all_entirely_outside_of_interval([],0,10)
                                not_interrupted_(terminates,height(10),[],0,10)
                        not_interrupted(releases,height(10),0,10)
                            findall(_163032,findall_can_interrupts(releases,_163032,height(10),0,10),[drop])
                                findall_can_interrupts(releases,drop,height(10),0,10)
                                     {_163189~[_163189 > 0, _163189 < 10]} .>.0
                                     {_163189~[_163189 > 0, _163189 < 10]} .<.10
                                    can_interrupts(releases,drop,height(10), {_163189~[_163189 > 0, _163189 < 10]} )
                                        can_releases(drop,height(10), {_163189~[_163189 > 0, _163189 < 10]} )
                            not_interrupted_(releases,height(10),[drop],0,10)
                                findall(_163399,interrupted(releases,drop,height(10),_163399,0,10),[])
                                proved(all_entirely_outside_of_interval([],0,10))
                                not_interrupted_(releases,height(10),[],0,10)
            not_stoppedIn(10,falling,20)
                10.=<.20
                not_interrupted(terminates,falling,10,20)
                    findall(_164207,findall_can_interrupts(terminates,_164207,falling,10,20),[hit_ground,catch])
                        findall_can_interrupts(terminates,hit_ground,falling,10,20)
                             {_164513~[_164513 < 20, _164513 > 10]} .>.10
                             {_164513~[_164513 < 20, _164513 > 10
timeout


  real      0:03.39
  real [s]  3.39
  user [s]  0.76
  sys  [s]  0.16
  mem  [KB] 29276
  avgm [KB] 0
